#
# There is insufficient memory for the Java Runtime Environment to continue.
# Native memory allocation (malloc) failed to allocate 32744 bytes for ChunkPool::allocate
# Possible reasons:
#   The system is out of physical RAM or swap space
#   The process is running with CompressedOops enabled, and the Java Heap may be blocking the growth of the native heap
# Possible solutions:
#   Reduce memory load on the system
#   Increase physical memory or swap space
#   Check if swap backing store is full
#   Decrease Java heap size (-Xmx/-Xms)
#   Decrease number of Java threads
#   Decrease Java thread stack sizes (-Xss)
#   Set larger code cache with -XX:ReservedCodeCacheSize=
#   JVM is running with Unscaled Compressed Oops mode in which the Java heap is
#     placed in the first 4GB address space. The Java Heap base address is the
#     maximum limit for the native heap growth. Please use -XX:HeapBaseMinAddress
#     to set the Java Heap base and to place the Java Heap above 4GB virtual address.
# This output file may be truncated or incomplete.
#
#  Out of Memory Error (./open/src/hotspot/share/memory/arena.cpp:81), pid=23440, tid=67688
#
# JRE version: Java(TM) SE Runtime Environment 18.9 (11.0.15+8) (build 11.0.15+8-LTS-149)
# Java VM: Java HotSpot(TM) 64-Bit Server VM 18.9 (11.0.15+8-LTS-149, mixed mode, tiered, compressed oops, g1 gc, windows-amd64)
# No core dump will be written. Minidumps are not enabled by default on client versions of Windows
#

---------------  S U M M A R Y ------------

Command Line: -javaagent:C:\Program Files\JetBrains\IntelliJ IDEA Community Edition 2022.2.1\lib\idea_rt.jar=61289:C:\Program Files\JetBrains\IntelliJ IDEA Community Edition 2022.2.1\bin -Dfile.encoding=UTF-8 com.training.springboot.SpringbootDemoApplication

Host: Intel(R) Xeon(R) Platinum 8272CL CPU @ 2.60GHz, 2 cores, 7G,  Windows 10 , 64 bit Build 19041 (10.0.19041.1889)
Time: Tue Sep  6 06:24:31 2022 Coordinated Universal Time elapsed time: 4.575656 seconds (0d 0h 0m 4s)

---------------  T H R E A D  ---------------

Current thread (0x000001317ec72000):  JavaThread "C2 CompilerThread0" daemon [_thread_in_native, id=67688, stack(0x0000001805700000,0x0000001805800000)]


Current CompileTask:
C2:   4575 2410   !   4       jdk.internal.loader.BuiltinClassLoader::loadClassOrNull (143 bytes)

Stack: [0x0000001805700000,0x0000001805800000]
Native frames: (J=compiled Java code, j=interpreted, Vv=VM code, C=native code)
V  [jvm.dll+0x629d8a]
V  [jvm.dll+0x7638ff]
V  [jvm.dll+0x764fa9]
V  [jvm.dll+0x765633]
V  [jvm.dll+0x23d9c8]
V  [jvm.dll+0xb2c7b]
V  [jvm.dll+0xb2fdc]
V  [jvm.dll+0x346788]
V  [jvm.dll+0x345c31]
V  [jvm.dll+0x345c74]
V  [jvm.dll+0x5233e5]
V  [jvm.dll+0x52307f]
V  [jvm.dll+0x30e9e2]
V  [jvm.dll+0x30dcfa]
V  [jvm.dll+0x1f8565]
V  [jvm.dll+0x1f774d]
V  [jvm.dll+0x177c51]
V  [jvm.dll+0x207026]
V  [jvm.dll+0x2051bb]
V  [jvm.dll+0x729820]
V  [jvm.dll+0x7223f4]
V  [jvm.dll+0x628c26]
C  [ucrtbase.dll+0x21bb2]
C  [KERNEL32.DLL+0x17034]
C  [ntdll.dll+0x52651]


---------------  P R O C E S S  ---------------

Threads class SMR info:
_java_thread_list=0x0000013115661160, length=14, elements={
0x00000131747f9000, 0x000001317ec4f000, 0x000001317ec51000, 0x000001317f4e2800,
0x000001317ec6c800, 0x000001317ec6f000, 0x000001317ec72000, 0x000001317ec7a800,
0x000001317ec85000, 0x000001317f689000, 0x000001317f68a800, 0x000001317f68a000,
0x000001317f68b800, 0x000001317f687800
}

Java Threads: ( => current thread )
  0x00000131747f9000 JavaThread "main" [_thread_blocked, id=59104, stack(0x0000001804a00000,0x0000001804b00000)]
  0x000001317ec4f000 JavaThread "Reference Handler" daemon [_thread_blocked, id=70064, stack(0x0000001805200000,0x0000001805300000)]
  0x000001317ec51000 JavaThread "Finalizer" daemon [_thread_blocked, id=65116, stack(0x0000001805300000,0x0000001805400000)]
  0x000001317f4e2800 JavaThread "Signal Dispatcher" daemon [_thread_blocked, id=59072, stack(0x0000001805400000,0x0000001805500000)]
  0x000001317ec6c800 JavaThread "Attach Listener" daemon [_thread_blocked, id=58496, stack(0x0000001805500000,0x0000001805600000)]
  0x000001317ec6f000 JavaThread "Service Thread" daemon [_thread_blocked, id=35168, stack(0x0000001805600000,0x0000001805700000)]
=>0x000001317ec72000 JavaThread "C2 CompilerThread0" daemon [_thread_in_native, id=67688, stack(0x0000001805700000,0x0000001805800000)]
  0x000001317ec7a800 JavaThread "C1 CompilerThread0" daemon [_thread_in_native, id=55492, stack(0x0000001805800000,0x0000001805900000)]
  0x000001317ec85000 JavaThread "Sweeper thread" daemon [_thread_blocked, id=45952, stack(0x0000001805900000,0x0000001805a00000)]
  0x000001317f689000 JavaThread "Common-Cleaner" daemon [_thread_blocked, id=43136, stack(0x0000001805a00000,0x0000001805b00000)]
  0x000001317f68a800 JavaThread "Monitor Ctrl-Break" daemon [_thread_in_native, id=48156, stack(0x0000001805c00000,0x0000001805d00000)]
  0x000001317f68a000 JavaThread "Thread-0" [_thread_blocked, id=37380, stack(0x0000001805e00000,0x0000001805f00000)]
  0x000001317f68b800 JavaThread "restartedMain" [_thread_blocked, id=9064, stack(0x0000001805f00000,0x0000001806000000)]
  0x000001317f687800 JavaThread "background-preinit" [_thread_in_vm, id=7504, stack(0x0000001806000000,0x0000001806100000)]

Other Threads:
  0x000001317ec4c000 VMThread "VM Thread" [stack: 0x0000001805100000,0x0000001805200000] [id=17872]
  0x0000013113471000 WatcherThread [stack: 0x0000001805d00000,0x0000001805e00000] [id=44224]
  0x000001317480e000 GCTaskThread "GC Thread#0" [stack: 0x0000001804c00000,0x0000001804d00000] [id=15768]
  0x000001317f89e800 GCTaskThread "GC Thread#1" [stack: 0x0000001805b00000,0x0000001805c00000] [id=22264]
  0x000001317483e800 ConcurrentGCThread "G1 Main Marker" [stack: 0x0000001804d00000,0x0000001804e00000] [id=11536]
  0x0000013174840000 ConcurrentGCThread "G1 Conc#0" [stack: 0x0000001804e00000,0x0000001804f00000] [id=37756]
  0x00000131748c8800 ConcurrentGCThread "G1 Refine#0" [stack: 0x0000001804f00000,0x0000001805000000] [id=47004]
  0x00000131748c9800 ConcurrentGCThread "G1 Young RemSet Sampling" [stack: 0x0000001805000000,0x0000001805100000] [id=22648]

Threads with active compile tasks:
C2 CompilerThread0   4611 2410   !   4       jdk.internal.loader.BuiltinClassLoader::loadClassOrNull (143 bytes)
C1 CompilerThread0   4611 2431       3       java.util.zip.ZipEntry::setExtra0 (493 bytes)

VM state:synchronizing (normal execution)

VM Mutex/Monitor currently owned by a thread:  ([mutex/lock_event])
[0x00000131747f5930] Threads_lock - owner thread: 0x000001317ec4c000

Heap address: 0x0000000080000000, size: 2048 MB, Compressed Oops mode: 32-bit
Narrow klass base: 0x0000000000000000, Narrow klass shift: 3
Compressed class space size: 1073741824 Address: 0x0000000100000000

Heap:
 garbage-first heap   total 131072K, used 79476K [0x0000000080000000, 0x0000000100000000)
  region size 1024K, 74 young (75776K), 5 survivors (5120K)
 Metaspace       used 28110K, capacity 28826K, committed 28928K, reserved 1075200K
  class space    used 3257K, capacity 3519K, committed 3584K, reserved 1048576K
Heap Regions: E=young(eden), S=young(survivor), O=old, HS=humongous(starts), HC=humongous(continues), CS=collection set, F=free, A=archive, TAMS=top-at-mark-start (previous, next)
|   0|0x0000000080000000, 0x0000000080100000, 0x0000000080100000|100%| O|  |TAMS 0x0000000080100000, 0x0000000080000000| Untracked 
|   1|0x0000000080100000, 0x0000000080200000, 0x0000000080200000|100%| O|  |TAMS 0x0000000080200000, 0x0000000080100000| Untracked 
|   2|0x0000000080200000, 0x0000000080300000, 0x0000000080300000|100%| O|  |TAMS 0x0000000080300000, 0x0000000080200000| Untracked 
|   3|0x0000000080300000, 0x0000000080400000, 0x0000000080400000|100%| O|  |TAMS 0x0000000080400000, 0x0000000080300000| Untracked 
|   4|0x0000000080400000, 0x0000000080500000, 0x0000000080500000|100%| O|  |TAMS 0x0000000080500000, 0x0000000080400000| Untracked 
|   5|0x0000000080500000, 0x000000008050cc00, 0x0000000080600000|  4%| O|  |TAMS 0x000000008050cc00, 0x0000000080500000| Untracked 
|   6|0x0000000080600000, 0x0000000080600000, 0x0000000080700000|  0%| F|  |TAMS 0x0000000080600000, 0x0000000080600000| Untracked 
|   7|0x0000000080700000, 0x0000000080700000, 0x0000000080800000|  0%| F|  |TAMS 0x0000000080700000, 0x0000000080700000| Untracked 
|   8|0x0000000080800000, 0x0000000080800000, 0x0000000080900000|  0%| F|  |TAMS 0x0000000080800000, 0x0000000080800000| Untracked 
|   9|0x0000000080900000, 0x0000000080900000, 0x0000000080a00000|  0%| F|  |TAMS 0x0000000080900000, 0x0000000080900000| Untracked 
|  10|0x0000000080a00000, 0x0000000080a00000, 0x0000000080b00000|  0%| F|  |TAMS 0x0000000080a00000, 0x0000000080a00000| Untracked 
|  11|0x0000000080b00000, 0x0000000080b00000, 0x0000000080c00000|  0%| F|  |TAMS 0x0000000080b00000, 0x0000000080b00000| Untracked 
|  12|0x0000000080c00000, 0x0000000080c00000, 0x0000000080d00000|  0%| F|  |TAMS 0x0000000080c00000, 0x0000000080c00000| Untracked 
|  13|0x0000000080d00000, 0x0000000080d00000, 0x0000000080e00000|  0%| F|  |TAMS 0x0000000080d00000, 0x0000000080d00000| Untracked 
|  14|0x0000000080e00000, 0x0000000080e00000, 0x0000000080f00000|  0%| F|  |TAMS 0x0000000080e00000, 0x0000000080e00000| Untracked 
|  15|0x0000000080f00000, 0x0000000080f00000, 0x0000000081000000|  0%| F|  |TAMS 0x0000000080f00000, 0x0000000080f00000| Untracked 
|  16|0x0000000081000000, 0x0000000081000000, 0x0000000081100000|  0%| F|  |TAMS 0x0000000081000000, 0x0000000081000000| Untracked 
|  17|0x0000000081100000, 0x0000000081100000, 0x0000000081200000|  0%| F|  |TAMS 0x0000000081100000, 0x0000000081100000| Untracked 
|  18|0x0000000081200000, 0x0000000081200000, 0x0000000081300000|  0%| F|  |TAMS 0x0000000081200000, 0x0000000081200000| Untracked 
|  19|0x0000000081300000, 0x0000000081300000, 0x0000000081400000|  0%| F|  |TAMS 0x0000000081300000, 0x0000000081300000| Untracked 
|  20|0x0000000081400000, 0x0000000081400000, 0x0000000081500000|  0%| F|  |TAMS 0x0000000081400000, 0x0000000081400000| Untracked 
|  21|0x0000000081500000, 0x0000000081500000, 0x0000000081600000|  0%| F|  |TAMS 0x0000000081500000, 0x0000000081500000| Untracked 
|  22|0x0000000081600000, 0x0000000081600000, 0x0000000081700000|  0%| F|  |TAMS 0x0000000081600000, 0x0000000081600000| Untracked 
|  23|0x0000000081700000, 0x0000000081700000, 0x0000000081800000|  0%| F|  |TAMS 0x0000000081700000, 0x0000000081700000| Untracked 
|  24|0x0000000081800000, 0x0000000081800000, 0x0000000081900000|  0%| F|  |TAMS 0x0000000081800000, 0x0000000081800000| Untracked 
|  25|0x0000000081900000, 0x0000000081900000, 0x0000000081a00000|  0%| F|  |TAMS 0x0000000081900000, 0x0000000081900000| Untracked 
|  26|0x0000000081a00000, 0x0000000081a00000, 0x0000000081b00000|  0%| F|  |TAMS 0x0000000081a00000, 0x0000000081a00000| Untracked 
|  27|0x0000000081b00000, 0x0000000081b00000, 0x0000000081c00000|  0%| F|  |TAMS 0x0000000081b00000, 0x0000000081b00000| Untracked 
|  28|0x0000000081c00000, 0x0000000081c00000, 0x0000000081d00000|  0%| F|  |TAMS 0x0000000081c00000, 0x0000000081c00000| Untracked 
|  29|0x0000000081d00000, 0x0000000081d00000, 0x0000000081e00000|  0%| F|  |TAMS 0x0000000081d00000, 0x0000000081d00000| Untracked 
|  30|0x0000000081e00000, 0x0000000081e00000, 0x0000000081f00000|  0%| F|  |TAMS 0x0000000081e00000, 0x0000000081e00000| Untracked 
|  31|0x0000000081f00000, 0x0000000081f00000, 0x0000000082000000|  0%| F|  |TAMS 0x0000000081f00000, 0x0000000081f00000| Untracked 
|  32|0x0000000082000000, 0x0000000082000000, 0x0000000082100000|  0%| F|  |TAMS 0x0000000082000000, 0x0000000082000000| Untracked 
|  33|0x0000000082100000, 0x0000000082100000, 0x0000000082200000|  0%| F|  |TAMS 0x0000000082100000, 0x0000000082100000| Untracked 
|  34|0x0000000082200000, 0x0000000082200000, 0x0000000082300000|  0%| F|  |TAMS 0x0000000082200000, 0x0000000082200000| Untracked 
|  35|0x0000000082300000, 0x0000000082300000, 0x0000000082400000|  0%| F|  |TAMS 0x0000000082300000, 0x0000000082300000| Untracked 
|  36|0x0000000082400000, 0x0000000082400000, 0x0000000082500000|  0%| F|  |TAMS 0x0000000082400000, 0x0000000082400000| Untracked 
|  37|0x0000000082500000, 0x0000000082500000, 0x0000000082600000|  0%| F|  |TAMS 0x0000000082500000, 0x0000000082500000| Untracked 
|  38|0x0000000082600000, 0x0000000082600000, 0x0000000082700000|  0%| F|  |TAMS 0x0000000082600000, 0x0000000082600000| Untracked 
|  39|0x0000000082700000, 0x0000000082700000, 0x0000000082800000|  0%| F|  |TAMS 0x0000000082700000, 0x0000000082700000| Untracked 
|  40|0x0000000082800000, 0x0000000082800000, 0x0000000082900000|  0%| F|  |TAMS 0x0000000082800000, 0x0000000082800000| Untracked 
|  41|0x0000000082900000, 0x0000000082900000, 0x0000000082a00000|  0%| F|  |TAMS 0x0000000082900000, 0x0000000082900000| Untracked 
|  42|0x0000000082a00000, 0x0000000082a00000, 0x0000000082b00000|  0%| F|  |TAMS 0x0000000082a00000, 0x0000000082a00000| Untracked 
|  43|0x0000000082b00000, 0x0000000082b00000, 0x0000000082c00000|  0%| F|  |TAMS 0x0000000082b00000, 0x0000000082b00000| Untracked 
|  44|0x0000000082c00000, 0x0000000082c00000, 0x0000000082d00000|  0%| F|  |TAMS 0x0000000082c00000, 0x0000000082c00000| Untracked 
|  45|0x0000000082d00000, 0x0000000082d00000, 0x0000000082e00000|  0%| F|  |TAMS 0x0000000082d00000, 0x0000000082d00000| Untracked 
|  46|0x0000000082e00000, 0x0000000082e00000, 0x0000000082f00000|  0%| F|  |TAMS 0x0000000082e00000, 0x0000000082e00000| Untracked 
|  47|0x0000000082f00000, 0x0000000082f00000, 0x0000000083000000|  0%| F|  |TAMS 0x0000000082f00000, 0x0000000082f00000| Untracked 
|  48|0x0000000083000000, 0x0000000083090698, 0x0000000083100000| 56%| S|CS|TAMS 0x0000000083000000, 0x0000000083000000| Complete 
|  49|0x0000000083100000, 0x0000000083200000, 0x0000000083200000|100%| S|CS|TAMS 0x0000000083100000, 0x0000000083100000| Complete 
|  50|0x0000000083200000, 0x0000000083300000, 0x0000000083300000|100%| S|CS|TAMS 0x0000000083200000, 0x0000000083200000| Complete 
|  51|0x0000000083300000, 0x0000000083400000, 0x0000000083400000|100%| S|CS|TAMS 0x0000000083300000, 0x0000000083300000| Complete 
|  52|0x0000000083400000, 0x0000000083500000, 0x0000000083500000|100%| S|CS|TAMS 0x0000000083400000, 0x0000000083400000| Complete 
|  53|0x0000000083500000, 0x0000000083500000, 0x0000000083600000|  0%| F|  |TAMS 0x0000000083500000, 0x0000000083500000| Untracked 
|  54|0x0000000083600000, 0x0000000083600000, 0x0000000083700000|  0%| F|  |TAMS 0x0000000083600000, 0x0000000083600000| Untracked 
|  55|0x0000000083700000, 0x0000000083700000, 0x0000000083800000|  0%| F|  |TAMS 0x0000000083700000, 0x0000000083700000| Untracked 
|  56|0x0000000083800000, 0x0000000083800000, 0x0000000083900000|  0%| F|  |TAMS 0x0000000083800000, 0x0000000083800000| Untracked 
|  57|0x0000000083900000, 0x0000000083900000, 0x0000000083a00000|  0%| F|  |TAMS 0x0000000083900000, 0x0000000083900000| Untracked 
|  58|0x0000000083a00000, 0x0000000083a00000, 0x0000000083b00000|  0%| F|  |TAMS 0x0000000083a00000, 0x0000000083a00000| Untracked 
|  59|0x0000000083b00000, 0x0000000083c00000, 0x0000000083c00000|100%| E|  |TAMS 0x0000000083b00000, 0x0000000083b00000| Complete 
|  60|0x0000000083c00000, 0x0000000083d00000, 0x0000000083d00000|100%| E|CS|TAMS 0x0000000083c00000, 0x0000000083c00000| Complete 
|  61|0x0000000083d00000, 0x0000000083e00000, 0x0000000083e00000|100%| E|CS|TAMS 0x0000000083d00000, 0x0000000083d00000| Complete 
|  62|0x0000000083e00000, 0x0000000083f00000, 0x0000000083f00000|100%| E|CS|TAMS 0x0000000083e00000, 0x0000000083e00000| Complete 
|  63|0x0000000083f00000, 0x0000000084000000, 0x0000000084000000|100%| E|CS|TAMS 0x0000000083f00000, 0x0000000083f00000| Complete 
|  64|0x0000000084000000, 0x0000000084100000, 0x0000000084100000|100%| E|CS|TAMS 0x0000000084000000, 0x0000000084000000| Complete 
|  65|0x0000000084100000, 0x0000000084200000, 0x0000000084200000|100%| E|CS|TAMS 0x0000000084100000, 0x0000000084100000| Complete 
|  66|0x0000000084200000, 0x0000000084300000, 0x0000000084300000|100%| E|CS|TAMS 0x0000000084200000, 0x0000000084200000| Complete 
|  67|0x0000000084300000, 0x0000000084400000, 0x0000000084400000|100%| E|CS|TAMS 0x0000000084300000, 0x0000000084300000| Complete 
|  68|0x0000000084400000, 0x0000000084500000, 0x0000000084500000|100%| E|CS|TAMS 0x0000000084400000, 0x0000000084400000| Complete 
|  69|0x0000000084500000, 0x0000000084600000, 0x0000000084600000|100%| E|CS|TAMS 0x0000000084500000, 0x0000000084500000| Complete 
|  70|0x0000000084600000, 0x0000000084700000, 0x0000000084700000|100%| E|CS|TAMS 0x0000000084600000, 0x0000000084600000| Complete 
|  71|0x0000000084700000, 0x0000000084800000, 0x0000000084800000|100%| E|CS|TAMS 0x0000000084700000, 0x0000000084700000| Complete 
|  72|0x0000000084800000, 0x0000000084900000, 0x0000000084900000|100%| E|CS|TAMS 0x0000000084800000, 0x0000000084800000| Complete 
|  73|0x0000000084900000, 0x0000000084a00000, 0x0000000084a00000|100%| E|CS|TAMS 0x0000000084900000, 0x0000000084900000| Complete 
|  74|0x0000000084a00000, 0x0000000084b00000, 0x0000000084b00000|100%| E|CS|TAMS 0x0000000084a00000, 0x0000000084a00000| Complete 
|  75|0x0000000084b00000, 0x0000000084c00000, 0x0000000084c00000|100%| E|CS|TAMS 0x0000000084b00000, 0x0000000084b00000| Complete 
|  76|0x0000000084c00000, 0x0000000084d00000, 0x0000000084d00000|100%| E|CS|TAMS 0x0000000084c00000, 0x0000000084c00000| Complete 
|  77|0x0000000084d00000, 0x0000000084e00000, 0x0000000084e00000|100%| E|CS|TAMS 0x0000000084d00000, 0x0000000084d00000| Complete 
|  78|0x0000000084e00000, 0x0000000084f00000, 0x0000000084f00000|100%| E|CS|TAMS 0x0000000084e00000, 0x0000000084e00000| Complete 
|  79|0x0000000084f00000, 0x0000000085000000, 0x0000000085000000|100%| E|CS|TAMS 0x0000000084f00000, 0x0000000084f00000| Complete 
|  80|0x0000000085000000, 0x0000000085100000, 0x0000000085100000|100%| E|CS|TAMS 0x0000000085000000, 0x0000000085000000| Complete 
|  81|0x0000000085100000, 0x0000000085200000, 0x0000000085200000|100%| E|CS|TAMS 0x0000000085100000, 0x0000000085100000| Complete 
|  82|0x0000000085200000, 0x0000000085300000, 0x0000000085300000|100%| E|CS|TAMS 0x0000000085200000, 0x0000000085200000| Complete 
|  83|0x0000000085300000, 0x0000000085400000, 0x0000000085400000|100%| E|CS|TAMS 0x0000000085300000, 0x0000000085300000| Complete 
|  84|0x0000000085400000, 0x0000000085500000, 0x0000000085500000|100%| E|CS|TAMS 0x0000000085400000, 0x0000000085400000| Complete 
|  85|0x0000000085500000, 0x0000000085600000, 0x0000000085600000|100%| E|CS|TAMS 0x0000000085500000, 0x0000000085500000| Complete 
|  86|0x0000000085600000, 0x0000000085700000, 0x0000000085700000|100%| E|CS|TAMS 0x0000000085600000, 0x0000000085600000| Complete 
|  87|0x0000000085700000, 0x0000000085800000, 0x0000000085800000|100%| E|CS|TAMS 0x0000000085700000, 0x0000000085700000| Complete 
|  88|0x0000000085800000, 0x0000000085900000, 0x0000000085900000|100%| E|CS|TAMS 0x0000000085800000, 0x0000000085800000| Complete 
|  89|0x0000000085900000, 0x0000000085a00000, 0x0000000085a00000|100%| E|CS|TAMS 0x0000000085900000, 0x0000000085900000| Complete 
|  90|0x0000000085a00000, 0x0000000085b00000, 0x0000000085b00000|100%| E|CS|TAMS 0x0000000085a00000, 0x0000000085a00000| Complete 
|  91|0x0000000085b00000, 0x0000000085c00000, 0x0000000085c00000|100%| E|CS|TAMS 0x0000000085b00000, 0x0000000085b00000| Complete 
|  92|0x0000000085c00000, 0x0000000085d00000, 0x0000000085d00000|100%| E|CS|TAMS 0x0000000085c00000, 0x0000000085c00000| Complete 
|  93|0x0000000085d00000, 0x0000000085e00000, 0x0000000085e00000|100%| E|CS|TAMS 0x0000000085d00000, 0x0000000085d00000| Complete 
|  94|0x0000000085e00000, 0x0000000085f00000, 0x0000000085f00000|100%| E|CS|TAMS 0x0000000085e00000, 0x0000000085e00000| Complete 
|  95|0x0000000085f00000, 0x0000000086000000, 0x0000000086000000|100%| E|CS|TAMS 0x0000000085f00000, 0x0000000085f00000| Complete 
|  96|0x0000000086000000, 0x0000000086100000, 0x0000000086100000|100%| E|CS|TAMS 0x0000000086000000, 0x0000000086000000| Complete 
|  97|0x0000000086100000, 0x0000000086200000, 0x0000000086200000|100%| E|CS|TAMS 0x0000000086100000, 0x0000000086100000| Complete 
|  98|0x0000000086200000, 0x0000000086300000, 0x0000000086300000|100%| E|CS|TAMS 0x0000000086200000, 0x0000000086200000| Complete 
|  99|0x0000000086300000, 0x0000000086400000, 0x0000000086400000|100%| E|CS|TAMS 0x0000000086300000, 0x0000000086300000| Complete 
| 100|0x0000000086400000, 0x0000000086500000, 0x0000000086500000|100%| E|CS|TAMS 0x0000000086400000, 0x0000000086400000| Complete 
| 101|0x0000000086500000, 0x0000000086600000, 0x0000000086600000|100%| E|CS|TAMS 0x0000000086500000, 0x0000000086500000| Complete 
| 102|0x0000000086600000, 0x0000000086700000, 0x0000000086700000|100%| E|CS|TAMS 0x0000000086600000, 0x0000000086600000| Complete 
| 103|0x0000000086700000, 0x0000000086800000, 0x0000000086800000|100%| E|CS|TAMS 0x0000000086700000, 0x0000000086700000| Complete 
| 104|0x0000000086800000, 0x0000000086900000, 0x0000000086900000|100%| E|CS|TAMS 0x0000000086800000, 0x0000000086800000| Complete 
| 105|0x0000000086900000, 0x0000000086a00000, 0x0000000086a00000|100%| E|CS|TAMS 0x0000000086900000, 0x0000000086900000| Complete 
| 106|0x0000000086a00000, 0x0000000086b00000, 0x0000000086b00000|100%| E|CS|TAMS 0x0000000086a00000, 0x0000000086a00000| Complete 
| 107|0x0000000086b00000, 0x0000000086c00000, 0x0000000086c00000|100%| E|CS|TAMS 0x0000000086b00000, 0x0000000086b00000| Complete 
| 108|0x0000000086c00000, 0x0000000086d00000, 0x0000000086d00000|100%| E|CS|TAMS 0x0000000086c00000, 0x0000000086c00000| Complete 
| 109|0x0000000086d00000, 0x0000000086e00000, 0x0000000086e00000|100%| E|CS|TAMS 0x0000000086d00000, 0x0000000086d00000| Complete 
| 110|0x0000000086e00000, 0x0000000086f00000, 0x0000000086f00000|100%| E|CS|TAMS 0x0000000086e00000, 0x0000000086e00000| Complete 
| 111|0x0000000086f00000, 0x0000000087000000, 0x0000000087000000|100%| E|CS|TAMS 0x0000000086f00000, 0x0000000086f00000| Complete 
| 112|0x0000000087000000, 0x0000000087100000, 0x0000000087100000|100%| E|CS|TAMS 0x0000000087000000, 0x0000000087000000| Complete 
| 113|0x0000000087100000, 0x0000000087200000, 0x0000000087200000|100%| E|CS|TAMS 0x0000000087100000, 0x0000000087100000| Complete 
| 114|0x0000000087200000, 0x0000000087300000, 0x0000000087300000|100%| E|CS|TAMS 0x0000000087200000, 0x0000000087200000| Complete 
| 115|0x0000000087300000, 0x0000000087400000, 0x0000000087400000|100%| E|CS|TAMS 0x0000000087300000, 0x0000000087300000| Complete 
| 116|0x0000000087400000, 0x0000000087500000, 0x0000000087500000|100%| E|CS|TAMS 0x0000000087400000, 0x0000000087400000| Complete 
| 117|0x0000000087500000, 0x0000000087600000, 0x0000000087600000|100%| E|CS|TAMS 0x0000000087500000, 0x0000000087500000| Complete 
| 118|0x0000000087600000, 0x0000000087700000, 0x0000000087700000|100%| E|CS|TAMS 0x0000000087600000, 0x0000000087600000| Complete 
| 119|0x0000000087700000, 0x0000000087800000, 0x0000000087800000|100%| E|CS|TAMS 0x0000000087700000, 0x0000000087700000| Complete 
| 120|0x0000000087800000, 0x0000000087900000, 0x0000000087900000|100%| E|CS|TAMS 0x0000000087800000, 0x0000000087800000| Complete 
| 121|0x0000000087900000, 0x0000000087a00000, 0x0000000087a00000|100%| E|CS|TAMS 0x0000000087900000, 0x0000000087900000| Complete 
| 122|0x0000000087a00000, 0x0000000087b00000, 0x0000000087b00000|100%| E|CS|TAMS 0x0000000087a00000, 0x0000000087a00000| Complete 
| 123|0x0000000087b00000, 0x0000000087c00000, 0x0000000087c00000|100%| E|CS|TAMS 0x0000000087b00000, 0x0000000087b00000| Complete 
| 124|0x0000000087c00000, 0x0000000087d00000, 0x0000000087d00000|100%| E|CS|TAMS 0x0000000087c00000, 0x0000000087c00000| Complete 
| 125|0x0000000087d00000, 0x0000000087e00000, 0x0000000087e00000|100%| E|CS|TAMS 0x0000000087d00000, 0x0000000087d00000| Complete 
| 126|0x0000000087e00000, 0x0000000087f00000, 0x0000000087f00000|100%| E|CS|TAMS 0x0000000087e00000, 0x0000000087e00000| Complete 
| 127|0x0000000087f00000, 0x0000000088000000, 0x0000000088000000|100%| E|CS|TAMS 0x0000000087f00000, 0x0000000087f00000| Complete 

Card table byte_map: [0x000001317c2a0000,0x000001317c6a0000] _byte_map_base: 0x000001317bea0000

Marking Bits (Prev, Next): (CMBitMap*) 0x0000013174835ac0, (CMBitMap*) 0x0000013174835a88
 Prev Bits: [0x000001310f000000, 0x0000013111000000)
 Next Bits: [0x000001317caa0000, 0x000001317eaa0000)

Polling page: 0x0000013172690000

Metaspace:

Usage:
  Non-class:     24.71 MB capacity,    24.27 MB ( 98%) used,   380.65 KB (  2%) free+waste,    73.81 KB ( <1%) overhead. 
      Class:      3.44 MB capacity,     3.18 MB ( 93%) used,   224.73 KB (  6%) free+waste,    36.38 KB (  1%) overhead. 
       Both:     28.15 MB capacity,    27.45 MB ( 98%) used,   605.38 KB (  2%) free+waste,   110.19 KB ( <1%) overhead. 

Virtual space:
  Non-class space:       26.00 MB reserved,      24.75 MB ( 95%) committed 
      Class space:        1.00 GB reserved,       3.50 MB ( <1%) committed 
             Both:        1.03 GB reserved,      28.25 MB (  3%) committed 

Chunk freelists:
   Non-Class:  4.63 KB
       Class:  128 bytes
        Both:  4.75 KB

CodeHeap 'non-profiled nmethods': size=120064Kb used=1000Kb max_used=1000Kb free=119063Kb
 bounds [0x0000013107ac0000, 0x0000013107d30000, 0x000001310f000000]
CodeHeap 'profiled nmethods': size=120000Kb used=4818Kb max_used=4818Kb free=115181Kb
 bounds [0x0000013100590000, 0x0000013100a50000, 0x0000013107ac0000]
CodeHeap 'non-nmethods': size=5696Kb used=1141Kb max_used=1162Kb free=4554Kb
 bounds [0x0000013100000000, 0x0000013100270000, 0x0000013100590000]
 total_blobs=2879 nmethods=2426 adapters=364
 compilation: enabled
              stopped_count=0, restarted_count=0
 full_count=0

Compilation events (10 events):
Event: 4.502 Thread 0x000001317ec7a800 nmethod 2420 0x0000013100a37790 code [0x0000013100a37940, 0x0000013100a37b58]
Event: 4.505 Thread 0x000001317ec7a800 2421       3       java.lang.Character::isJavaIdentifierPart (5 bytes)
Event: 4.505 Thread 0x000001317ec7a800 nmethod 2421 0x0000013100a37c10 code [0x0000013100a37dc0, 0x0000013100a37ff8]
Event: 4.516 Thread 0x000001317ec7a800 2422       3       java.lang.ClassLoader::definePackage (53 bytes)
Event: 4.517 Thread 0x000001317ec7a800 nmethod 2422 0x0000013100a38110 code [0x0000013100a38300, 0x0000013100a38838]
Event: 4.567 Thread 0x000001317ec7a800 2423       3       jdk.internal.loader.BuiltinClassLoader::definePackage (276 bytes)
Event: 4.570 Thread 0x000001317ec7a800 nmethod 2423 0x0000013100a38b10 code [0x0000013100a39000, 0x0000013100a3bd98]
Event: 4.570 Thread 0x000001317ec7a800 2424       3       java.lang.Package$VersionInfo::<init> (44 bytes)
Event: 4.570 Thread 0x000001317ec7a800 nmethod 2424 0x0000013100a3cf90 code [0x0000013100a3d140, 0x0000013100a3d538]
Event: 4.573 Thread 0x000001317ec7a800 2425       3       java.lang.ClassLoader::getParent (32 bytes)

GC Heap History (6 events):
Event: 0.619 GC heap before
{Heap before GC invocations=0 (full 0):
 garbage-first heap   total 131072K, used 7168K [0x0000000080000000, 0x0000000100000000)
  region size 1024K, 7 young (7168K), 0 survivors (0K)
 Metaspace       used 5901K, capacity 5947K, committed 6272K, reserved 1056768K
  class space    used 500K, capacity 534K, committed 640K, reserved 1048576K
}
Event: 0.625 GC heap after
{Heap after GC invocations=1 (full 0):
 garbage-first heap   total 131072K, used 4304K [0x0000000080000000, 0x0000000100000000)
  region size 1024K, 1 young (1024K), 1 survivors (1024K)
 Metaspace       used 5901K, capacity 5947K, committed 6272K, reserved 1056768K
  class space    used 500K, capacity 534K, committed 640K, reserved 1048576K
}
Event: 0.848 GC heap before
{Heap before GC invocations=1 (full 0):
 garbage-first heap   total 131072K, used 8400K [0x0000000080000000, 0x0000000100000000)
  region size 1024K, 6 young (6144K), 1 survivors (1024K)
 Metaspace       used 7692K, capacity 7784K, committed 7936K, reserved 1056768K
  class space    used 687K, capacity 741K, committed 768K, reserved 1048576K
}
Event: 0.852 GC heap after
{Heap after GC invocations=2 (full 0):
 garbage-first heap   total 131072K, used 6195K [0x0000000080000000, 0x0000000100000000)
  region size 1024K, 1 young (1024K), 1 survivors (1024K)
 Metaspace       used 7692K, capacity 7784K, committed 7936K, reserved 1056768K
  class space    used 687K, capacity 741K, committed 768K, reserved 1048576K
}
Event: 3.235 GC heap before
{Heap before GC invocations=2 (full 0):
 garbage-first heap   total 131072K, used 81971K [0x0000000080000000, 0x0000000100000000)
  region size 1024K, 75 young (76800K), 1 survivors (1024K)
 Metaspace       used 20597K, capacity 21101K, committed 21248K, reserved 1069056K
  class space    used 2274K, capacity 2459K, committed 2560K, reserved 1048576K
}
Event: 3.250 GC heap after
{Heap after GC invocations=3 (full 0):
 garbage-first heap   total 131072K, used 9844K [0x0000000080000000, 0x0000000100000000)
  region size 1024K, 5 young (5120K), 5 survivors (5120K)
 Metaspace       used 20597K, capacity 21101K, committed 21248K, reserved 1069056K
  class space    used 2274K, capacity 2459K, committed 2560K, reserved 1048576K
}

Deoptimization events (10 events):
Event: 3.523 Thread 0x000001317f68b800 Uncommon trap: reason=bimorphic_or_optimized_type_check action=maybe_recompile pc=0x0000013107b484c0 method=java.util.LinkedHashMap.afterNodeInsertion(Z)V @ 15 c2
Event: 3.523 Thread 0x000001317f68b800 Uncommon trap: reason=bimorphic_or_optimized_type_check action=maybe_recompile pc=0x0000013107b484c0 method=java.util.LinkedHashMap.afterNodeInsertion(Z)V @ 15 c2
Event: 3.650 Thread 0x000001317f68b800 Uncommon trap: reason=unstable_if action=reinterpret pc=0x0000013107b1772c method=java.lang.ThreadLocal$ThreadLocalMap.getEntry(Ljava/lang/ThreadLocal;)Ljava/lang/ThreadLocal$ThreadLocalMap$Entry; @ 29 c2
Event: 3.710 Thread 0x000001317f68b800 Uncommon trap: reason=unstable_if action=reinterpret pc=0x0000013107b18010 method=java.lang.ThreadLocal$ThreadLocalMap.getEntry(Ljava/lang/ThreadLocal;)Ljava/lang/ThreadLocal$ThreadLocalMap$Entry; @ 29 c2
Event: 3.778 Thread 0x000001317f68b800 Uncommon trap: reason=unstable_if action=reinterpret pc=0x0000013107b4b724 method=java.util.concurrent.ConcurrentHashMap.addCount(JI)V @ 34 c2
Event: 3.778 Thread 0x000001317f687800 Uncommon trap: reason=unstable_if action=reinterpret pc=0x0000013107b3d58c method=java.util.concurrent.ConcurrentHashMap.addCount(JI)V @ 7 c2
Event: 3.870 Thread 0x000001317f68b800 Uncommon trap: reason=unstable_if action=reinterpret pc=0x0000013107ae256c method=java.util.zip.ZipFile$Source.getEntryPos([BZ)I @ 156 c2
Event: 4.111 Thread 0x000001317f687800 Uncommon trap: reason=bimorphic_or_optimized_type_check action=maybe_recompile pc=0x0000013107b8723c method=java.util.HashMap.putVal(ILjava/lang/Object;Ljava/lang/Object;ZZ)Ljava/lang/Object; @ 203 c2
Event: 4.118 Thread 0x000001317f687800 Uncommon trap: reason=bimorphic_or_optimized_type_check action=maybe_recompile pc=0x0000013107b8723c method=java.util.HashMap.putVal(ILjava/lang/Object;Ljava/lang/Object;ZZ)Ljava/lang/Object; @ 203 c2
Event: 4.335 Thread 0x000001317f68b800 Uncommon trap: reason=unstable_if action=reinterpret pc=0x0000013107bb6d44 method=java.nio.Buffer.limit(I)Ljava/nio/Buffer; @ 42 c2

Classes redefined (0 events):
No events

Internal exceptions (10 events):
Event: 3.753 Thread 0x000001317f68b800 Exception <a 'java/lang/ClassNotFoundException'{0x0000000086bfd908}: org/springframework/context/ApplicationStartupAwareCustomizer> (0x0000000086bfd908) thrown at [./open/src/hotspot/share/classfile/systemDictionary.cpp, line 226]
Event: 3.754 Thread 0x000001317f68b800 Exception <a 'java/lang/ClassNotFoundException'{0x0000000086a11738}: org/springframework/beans/factory/AwareCustomizer> (0x0000000086a11738) thrown at [./open/src/hotspot/share/classfile/systemDictionary.cpp, line 226]
Event: 3.755 Thread 0x000001317f68b800 Exception <a 'java/lang/ClassNotFoundException'{0x0000000086a26800}: org/springframework/beans/factory/BeanClassLoaderAwareCustomizer> (0x0000000086a26800) thrown at [./open/src/hotspot/share/classfile/systemDictionary.cpp, line 226]
Event: 3.755 Thread 0x000001317f68b800 Exception <a 'java/lang/ClassNotFoundException'{0x0000000086a39f30}: org/springframework/beans/factory/AwareCustomizer> (0x0000000086a39f30) thrown at [./open/src/hotspot/share/classfile/systemDictionary.cpp, line 226]
Event: 3.756 Thread 0x000001317f68b800 Exception <a 'java/lang/ClassNotFoundException'{0x0000000086a4d7f0}: org/springframework/context/EnvironmentAwareCustomizer> (0x0000000086a4d7f0) thrown at [./open/src/hotspot/share/classfile/systemDictionary.cpp, line 226]
Event: 3.757 Thread 0x000001317f68b800 Exception <a 'java/lang/ClassNotFoundException'{0x0000000086a60e98}: org/springframework/beans/factory/AwareCustomizer> (0x0000000086a60e98) thrown at [./open/src/hotspot/share/classfile/systemDictionary.cpp, line 226]
Event: 4.223 Thread 0x000001317f687800 Exception <a 'java/lang/NoSuchMethodError'{0x000000008523eb20}: java.lang.invoke.DirectMethodHandle$Holder.invokeStaticInit(Ljava/lang/Object;Ljava/lang/Object;Ljava/lang/Object;Ljava/lang/Object;Ljava/lang/Object;)Ljava/lang/Object;> (0x000000008523eb20)
Event: 4.235 Thread 0x000001317f687800 Exception <a 'java/lang/NoSuchMethodError'{0x00000000852aa720}: java.lang.invoke.DirectMethodHandle$Holder.invokeSpecial(Ljava/lang/Object;Ljava/lang/Object;IILjava/lang/Object;Ljava/lang/Object;Ljava/lang/Object;)Ljava/lang/Object;> (0x00000000852aa720) 
Event: 4.235 Thread 0x000001317f687800 Exception <a 'java/lang/NoSuchMethodError'{0x00000000852adca8}: java.lang.invoke.DelegatingMethodHandle$Holder.reinvoke_L(Ljava/lang/Object;IILjava/lang/Object;Ljava/lang/Object;Ljava/lang/Object;)Ljava/lang/Object;> (0x00000000852adca8) thrown at [./open
Event: 4.236 Thread 0x000001317f687800 Exception <a 'java/lang/NoSuchMethodError'{0x00000000852b1a88}: java.lang.invoke.DirectMethodHandle$Holder.invokeStatic(Ljava/lang/Object;Ljava/lang/Object;Ljava/lang/Object;Ljava/lang/Object;I)Ljava/lang/Object;> (0x00000000852b1a88) thrown at [./open/sr

Events (10 events):
Event: 4.571 loading class org/springframework/scheduling/SchedulingTaskExecutor
Event: 4.571 loading class org/springframework/scheduling/SchedulingTaskExecutor done
Event: 4.572 loading class org/springframework/scheduling/concurrent/ExecutorConfigurationSupport
Event: 4.572 loading class org/springframework/scheduling/concurrent/ExecutorConfigurationSupport done
Event: 4.572 loading class org/springframework/scheduling/concurrent/CustomizableThreadFactory
Event: 4.572 loading class org/springframework/scheduling/concurrent/CustomizableThreadFactory done
Event: 4.572 loading class org/springframework/util/CustomizableThreadCreator
Event: 4.572 loading class org/springframework/util/CustomizableThreadCreator done
Event: 4.573 loading class org/springframework/scheduling/concurrent/ThreadPoolTaskScheduler
Event: 4.573 loading class org/springframework/scheduling/concurrent/ThreadPoolTaskScheduler done


Dynamic libraries:
0x00007ff743e60000 - 0x00007ff743e6f000 	C:\Program Files\Java\jdk-11.0.15\bin\java.exe
0x00007ffcf0c50000 - 0x00007ffcf0e48000 	C:\Windows\SYSTEM32\ntdll.dll
0x00007ffceecb0000 - 0x00007ffceed6d000 	C:\Windows\System32\KERNEL32.DLL
0x00007ffcee9e0000 - 0x00007ffceecae000 	C:\Windows\System32\KERNELBASE.dll
0x00007ffcee7b0000 - 0x00007ffcee8b0000 	C:\Windows\System32\ucrtbase.dll
0x00007ffce6070000 - 0x00007ffce6088000 	C:\Program Files\Java\jdk-11.0.15\bin\jli.dll
0x00007ffcefdf0000 - 0x00007ffcefe9e000 	C:\Windows\System32\ADVAPI32.dll
0x00007ffcf0b50000 - 0x00007ffcf0bee000 	C:\Windows\System32\msvcrt.dll
0x00007ffceed70000 - 0x00007ffceee0c000 	C:\Windows\System32\sechost.dll
0x00007ffceefd0000 - 0x00007ffcef0f5000 	C:\Windows\System32\RPCRT4.dll
0x00007ffcf0620000 - 0x00007ffcf07c0000 	C:\Windows\System32\USER32.dll
0x00007ffcee3a0000 - 0x00007ffcee3c2000 	C:\Windows\System32\win32u.dll
0x00007ffcefea0000 - 0x00007ffcefeca000 	C:\Windows\System32\GDI32.dll
0x00007ffcee6a0000 - 0x00007ffcee7ab000 	C:\Windows\System32\gdi32full.dll
0x00007ffcee8b0000 - 0x00007ffcee94d000 	C:\Windows\System32\msvcp_win.dll
0x00007ffcdcc40000 - 0x00007ffcdcc55000 	C:\Program Files\Java\jdk-11.0.15\bin\VCRUNTIME140.dll
0x00007ffcdd260000 - 0x00007ffcdd4fa000 	C:\Windows\WinSxS\amd64_microsoft.windows.common-controls_6595b64144ccf1df_6.0.19041.1110_none_60b5254171f9507e\COMCTL32.dll
0x00007ffce6820000 - 0x00007ffce682a000 	C:\Windows\SYSTEM32\VERSION.dll
0x00007ffcef940000 - 0x00007ffcef970000 	C:\Windows\System32\IMM32.DLL
0x00007ffcdc560000 - 0x00007ffcdc5fb000 	C:\Program Files\Java\jdk-11.0.15\bin\msvcp140.dll
0x00007ffcba660000 - 0x00007ffcbb176000 	C:\Program Files\Java\jdk-11.0.15\bin\server\jvm.dll
0x00007ffcef710000 - 0x00007ffcef718000 	C:\Windows\System32\PSAPI.DLL
0x00007ffce6d10000 - 0x00007ffce6d19000 	C:\Windows\SYSTEM32\WSOCK32.dll
0x00007ffcf08f0000 - 0x00007ffcf095b000 	C:\Windows\System32\WS2_32.dll
0x00007ffcdc520000 - 0x00007ffcdc547000 	C:\Windows\SYSTEM32\WINMM.dll
0x00007ffcec250000 - 0x00007ffcec262000 	C:\Windows\SYSTEM32\kernel.appcore.dll
0x00007ffcdcc30000 - 0x00007ffcdcc40000 	C:\Program Files\Java\jdk-11.0.15\bin\verify.dll
0x00007ffce6af0000 - 0x00007ffce6cd4000 	C:\Windows\SYSTEM32\DBGHELP.DLL
0x00007ffce6ac0000 - 0x00007ffce6aec000 	C:\Windows\SYSTEM32\dbgcore.DLL
0x00007ffcee950000 - 0x00007ffcee9d2000 	C:\Windows\System32\bcryptPrimitives.dll
0x00007ffcdcc00000 - 0x00007ffcdcc28000 	C:\Program Files\Java\jdk-11.0.15\bin\java.dll
0x00007ffcdcbf0000 - 0x00007ffcdcbfa000 	C:\Program Files\Java\jdk-11.0.15\bin\jimage.dll
0x00007ffcdb340000 - 0x00007ffcdb34e000 	C:\Program Files\Java\jdk-11.0.15\bin\instrument.dll
0x00007ffcdcbd0000 - 0x00007ffcdcbe6000 	C:\Program Files\Java\jdk-11.0.15\bin\zip.dll
0x00007ffcefed0000 - 0x00007ffcf0614000 	C:\Windows\System32\SHELL32.dll
0x00007ffcec450000 - 0x00007ffcecbe4000 	C:\Windows\SYSTEM32\windows.storage.dll
0x00007ffcefa90000 - 0x00007ffcefde4000 	C:\Windows\System32\combase.dll
0x00007ffcedc20000 - 0x00007ffcedc50000 	C:\Windows\SYSTEM32\Wldp.dll
0x00007ffcf07c0000 - 0x00007ffcf086d000 	C:\Windows\System32\SHCORE.dll
0x00007ffcef5e0000 - 0x00007ffcef635000 	C:\Windows\System32\shlwapi.dll
0x00007ffcee2b0000 - 0x00007ffcee2cf000 	C:\Windows\SYSTEM32\profapi.dll
0x00007ffcdc500000 - 0x00007ffcdc519000 	C:\Program Files\Java\jdk-11.0.15\bin\net.dll
0x00007ffce56f0000 - 0x00007ffce57fa000 	C:\Windows\SYSTEM32\WINHTTP.dll
0x00007ffceda00000 - 0x00007ffceda6a000 	C:\Windows\system32\mswsock.dll
0x00007ffcdc4e0000 - 0x00007ffcdc4f2000 	C:\Program Files\Java\jdk-11.0.15\bin\nio.dll
0x00007ffcdb270000 - 0x00007ffcdb28a000 	C:\Program Files\JetBrains\IntelliJ IDEA Community Edition 2022.2.1\bin\breakgen64.dll
0x00007ffcdb2c0000 - 0x00007ffcdb2c9000 	C:\Program Files\Java\jdk-11.0.15\bin\management.dll
0x00007ffcdb260000 - 0x00007ffcdb26b000 	C:\Program Files\Java\jdk-11.0.15\bin\management_ext.dll
0x00007ffced710000 - 0x00007ffced74b000 	C:\Windows\SYSTEM32\IPHLPAPI.DLL
0x00007ffceee10000 - 0x00007ffceee18000 	C:\Windows\System32\NSI.dll
0x00007ffce74b0000 - 0x00007ffce74c7000 	C:\Windows\SYSTEM32\dhcpcsvc6.DLL
0x00007ffce7490000 - 0x00007ffce74ad000 	C:\Windows\SYSTEM32\dhcpcsvc.DLL
0x00007ffced750000 - 0x00007ffced81a000 	C:\Windows\SYSTEM32\DNSAPI.dll
0x00007ffce4da0000 - 0x00007ffce4daa000 	C:\Windows\System32\rasadhlp.dll
0x00007ffce5420000 - 0x00007ffce54a0000 	C:\Windows\System32\fwpuclnt.dll
0x00007ffcee370000 - 0x00007ffcee397000 	C:\Windows\System32\bcrypt.dll
0x00007ffcd89e0000 - 0x00007ffcd89f7000 	C:\Windows\system32\napinsp.dll
0x00007ffcd89c0000 - 0x00007ffcd89db000 	C:\Windows\system32\pnrpnsp.dll
0x00007ffcd89a0000 - 0x00007ffcd89b5000 	C:\Windows\system32\wshbth.dll
0x00007ffce7640000 - 0x00007ffce765d000 	C:\Windows\system32\NLAapi.dll
0x00007ffcd8980000 - 0x00007ffcd8992000 	C:\Windows\System32\winrnr.dll

dbghelp: loaded successfully - version: 4.0.5 - missing functions: none
symbol engine: initialized successfully - sym options: 0x614 - pdb path: .;C:\Program Files\Java\jdk-11.0.15\bin;C:\Windows\SYSTEM32;C:\Windows\WinSxS\amd64_microsoft.windows.common-controls_6595b64144ccf1df_6.0.19041.1110_none_60b5254171f9507e;C:\Program Files\Java\jdk-11.0.15\bin\server;C:\Program Files\JetBrains\IntelliJ IDEA Community Edition 2022.2.1\bin

VM Arguments:
jvm_args: -javaagent:C:\Program Files\JetBrains\IntelliJ IDEA Community Edition 2022.2.1\lib\idea_rt.jar=61289:C:\Program Files\JetBrains\IntelliJ IDEA Community Edition 2022.2.1\bin -Dfile.encoding=UTF-8 
java_command: com.training.springboot.SpringbootDemoApplication
java_class_path (initial): C:\Users\sfjbs\Downloads\springboot-demo\springboot-demo\target\classes;C:\Users\sfjbs\.m2\repository\org\springframework\cloud\spring-cloud-starter-netflix-eureka-client\3.1.3\spring-cloud-starter-netflix-eureka-client-3.1.3.jar;C:\Users\sfjbs\.m2\repository\org\springframework\cloud\spring-cloud-starter\3.1.3\spring-cloud-starter-3.1.3.jar;C:\Users\sfjbs\.m2\repository\org\springframework\cloud\spring-cloud-context\3.1.3\spring-cloud-context-3.1.3.jar;C:\Users\sfjbs\.m2\repository\org\springframework\security\spring-security-crypto\5.6.1\spring-security-crypto-5.6.1.jar;C:\Users\sfjbs\.m2\repository\org\springframework\cloud\spring-cloud-commons\3.1.3\spring-cloud-commons-3.1.3.jar;C:\Users\sfjbs\.m2\repository\org\springframework\security\spring-security-rsa\1.0.10.RELEASE\spring-security-rsa-1.0.10.RELEASE.jar;C:\Users\sfjbs\.m2\repository\org\bouncycastle\bcpkix-jdk15on\1.68\bcpkix-jdk15on-1.68.jar;C:\Users\sfjbs\.m2\repository\org\bouncycastle\bcprov-jdk15on\1.68\bcprov-jdk15on-1.68.jar;C:\Users\sfjbs\.m2\repository\org\springframework\cloud\spring-cloud-netflix-eureka-client\3.1.3\spring-cloud-netflix-eureka-client-3.1.3.jar;C:\Users\sfjbs\.m2\repository\com\netflix\eureka\eureka-client\1.10.17\eureka-client-1.10.17.jar;C:\Users\sfjbs\.m2\repository\com\netflix\netflix-commons\netflix-eventbus\0.3.0\netflix-eventbus-0.3.0.jar;C:\Users\sfjbs\.m2\repository\com\netflix\netflix-commons\netflix-infix\0.3.0\netflix-infix-0.3.0.jar;C:\Users\sfjbs\.m2\repository\commons-jxpath\commons-jxpath\1.3\commons-jxpath-1.3.jar;C:\Users\sfjbs\.m2\repository\joda-time\joda-time\2.3\joda-time-2.3.jar;C:\Users\sfjbs\.m2\repository\javax\servlet\servlet-api\2.5\servlet-api-2.5.jar;C:\Users\sfjbs\.m2\repository\org\antlr\antlr-runtime\3.4\antlr-runtime-3.4.jar;C:\Users\sfjbs\.m2\repository\org\antlr\stringtemplate\3.2.1\stringtemplate-3.2.1.jar;C:\Users\sfjbs\.m2\repository\antlr\antlr\2.7.7\antlr-2.7.7.jar;C:\Users\sfjbs\.m2\repository\com\google\code
Launcher Type: SUN_STANDARD

[Global flags]
     intx CICompilerCount                          = 2                                         {product} {ergonomic}
     uint ConcGCThreads                            = 1                                         {product} {ergonomic}
     uint G1ConcRefinementThreads                  = 2                                         {product} {ergonomic}
   size_t G1HeapRegionSize                         = 1048576                                   {product} {ergonomic}
    uintx GCDrainStackTargetSize                   = 64                                        {product} {ergonomic}
   size_t InitialHeapSize                          = 134217728                                 {product} {ergonomic}
   size_t MarkStackSize                            = 4194304                                   {product} {ergonomic}
   size_t MaxHeapSize                              = 2147483648                                {product} {ergonomic}
   size_t MaxNewSize                               = 1287651328                                {product} {ergonomic}
   size_t MinHeapDeltaBytes                        = 1048576                                   {product} {ergonomic}
    uintx NonNMethodCodeHeapSize                   = 5825164                                {pd product} {ergonomic}
    uintx NonProfiledCodeHeapSize                  = 122916538                              {pd product} {ergonomic}
    uintx ProfiledCodeHeapSize                     = 122916538                              {pd product} {ergonomic}
    uintx ReservedCodeCacheSize                    = 251658240                              {pd product} {ergonomic}
     bool SegmentedCodeCache                       = true                                      {product} {ergonomic}
     bool UseCompressedClassPointers               = true                                 {lp64_product} {ergonomic}
     bool UseCompressedOops                        = true                                 {lp64_product} {ergonomic}
     bool UseG1GC                                  = true                                      {product} {ergonomic}
     bool UseLargePagesIndividualAllocation        = false                                  {pd product} {ergonomic}

Logging:
Log output configuration:
 #0: stdout all=warning uptime,level,tags
 #1: stderr all=off uptime,level,tags

Environment Variables:
PATH=C:\Program Files\Common Files\Oracle\Java\javapath;C:\Windows\system32;C:\Windows;C:\Windows\System32\Wbem;C:\Windows\System32\WindowsPowerShell\v1.0\;C:\Windows\System32\OpenSSH\;C:\Program Files\PuTTY\;C:\Program Files\Git\cmd;C:\Program Files\Docker\Docker\resources\bin;C:\ProgramData\DockerDesktop\version-bin;C:\Users\sfjbs\Downloads\apache-maven-3.8.6-bin\apache-maven-3.8.6\bin;C:\Users\sfjbs\Downloads\apache-maven-3.8.6-bin\apache-maven-3.8.6\lib;C:\Users\sfjbs\AppData\Local\Microsoft\WindowsApps;C:\Program Files\JetBrains\IntelliJ IDEA Community Edition 2022.2.1\bin;;C:\Users\sfjbs\Downloads\apache-maven-3.8.6-bin\apache-maven-3.8.6\bin;C:\Users\sfjbs\Downloads\apache-maven-3.8.6-bin\apache-maven-3.8.6\lib;
USERNAME=sfjbs
OS=Windows_NT
PROCESSOR_IDENTIFIER=Intel64 Family 6 Model 85 Stepping 7, GenuineIntel



---------------  S Y S T E M  ---------------

OS: Windows 10 , 64 bit Build 19041 (10.0.19041.1889)
Hyper-V role detected

CPU:total 2 (initial active 2) (1 cores per cpu, 2 threads per core) family 6 model 85 stepping 7 microcode 0xffffffff, cmov, cx8, fxsr, mmx, sse, sse2, sse3, ssse3, sse4.1, sse4.2, popcnt, avx, avx2, aes, clmul, erms, rtm, 3dnowpref, lzcnt, ht, tsc, bmi1, bmi2, adx, evex, fma

Memory: 4k page, system-wide physical 8190M (1127M free)
TotalPageFile size 10238M (AvailPageFile size 2M)
current process WorkingSet (physical memory assigned to process): 190M, peak: 190M
current process commit charge ("private bytes"): 264M, peak: 264M

vm_info: Java HotSpot(TM) 64-Bit Server VM (11.0.15+8-LTS-149) for windows-amd64 JRE (11.0.15+8-LTS-149), built on Mar  9 2022 22:42:32 by "mach5one" with MS VC++ 15.9 (VS2017)

END.
