#
# There is insufficient memory for the Java Runtime Environment to continue.
# Native memory allocation (mmap) failed to map 116391936 bytes for Failed to commit area from 0x0000000088000000 to 0x000000008ef00000 of length 116391936.
# Possible reasons:
#   The system is out of physical RAM or swap space
#   The process is running with CompressedOops enabled, and the Java Heap may be blocking the growth of the native heap
# Possible solutions:
#   Reduce memory load on the system
#   Increase physical memory or swap space
#   Check if swap backing store is full
#   Decrease Java heap size (-Xmx/-Xms)
#   Decrease number of Java threads
#   Decrease Java thread stack sizes (-Xss)
#   Set larger code cache with -XX:ReservedCodeCacheSize=
#   JVM is running with Unscaled Compressed Oops mode in which the Java heap is
#     placed in the first 4GB address space. The Java Heap base address is the
#     maximum limit for the native heap growth. Please use -XX:HeapBaseMinAddress
#     to set the Java Heap base and to place the Java Heap above 4GB virtual address.
# This output file may be truncated or incomplete.
#
#  Out of Memory Error (./open/src/hotspot/os/windows/os_windows.cpp:3287), pid=77364, tid=72556
#
# JRE version: Java(TM) SE Runtime Environment 18.9 (11.0.15+8) (build 11.0.15+8-LTS-149)
# Java VM: Java HotSpot(TM) 64-Bit Server VM 18.9 (11.0.15+8-LTS-149, mixed mode, tiered, compressed oops, g1 gc, windows-amd64)
# No core dump will be written. Minidumps are not enabled by default on client versions of Windows
#

---------------  S U M M A R Y ------------

Command Line: -javaagent:C:\Program Files\JetBrains\IntelliJ IDEA Community Edition 2022.2.1\lib\idea_rt.jar=59524:C:\Program Files\JetBrains\IntelliJ IDEA Community Edition 2022.2.1\bin -Dfile.encoding=UTF-8 com.training.springboot.SpringbootDemoApplication

Host: Intel(R) Xeon(R) Platinum 8272CL CPU @ 2.60GHz, 2 cores, 7G,  Windows 10 , 64 bit Build 19041 (10.0.19041.1889)
Time: Tue Aug 23 06:28:58 2022 Coordinated Universal Time elapsed time: 6.023669 seconds (0d 0h 0m 6s)

---------------  T H R E A D  ---------------

Current thread (0x0000023ab819f000):  VMThread "VM Thread" [stack: 0x000000f00a900000,0x000000f00aa00000] [id=72556]

Stack: [0x000000f00a900000,0x000000f00aa00000]
[error occurred during error reporting (printing stack bounds), id 0xc0000005, EXCEPTION_ACCESS_VIOLATION (0xc0000005) at pc=0x0000023aa25910e7]

Native frames: (J=compiled Java code, j=interpreted, Vv=VM code, C=native code)
V  [jvm.dll+0x629d8a]
V  [jvm.dll+0x7638ff]
V  [jvm.dll+0x764fa9]
V  [jvm.dll+0x765595]
V  [jvm.dll+0x76554b]
V  [jvm.dll+0x629273]
V  [jvm.dll+0x629988]
C  [ntdll.dll+0xa229f]
C  [ntdll.dll+0x51454]
C  [ntdll.dll+0xa0dce]
C  0x0000023aa25910e7

VM_Operation (0x000000f00b7fb7b0): G1CollectForAllocation, mode: safepoint, requested by thread 0x0000023ab9599000


---------------  P R O C E S S  ---------------

Threads class SMR info:
_java_thread_list=0x0000023ab9fc7530, length=13, elements={
0x0000023a9aed9800, 0x0000023ab81a1000, 0x0000023ab81a3800, 0x0000023ab8b42800,
0x0000023ab81be000, 0x0000023ab81be800, 0x0000023ab81c4000, 0x0000023ab8b6f000,
0x0000023ab8b70000, 0x0000023a9afb5000, 0x0000023ab8efc800, 0x0000023ab9526800,
0x0000023ab9599000
}

Java Threads: ( => current thread )
  0x0000023a9aed9800 JavaThread "main" [_thread_blocked, id=75864, stack(0x000000f00a300000,0x000000f00a400000)]
  0x0000023ab81a1000 JavaThread "Reference Handler" daemon [_thread_blocked, id=77344, stack(0x000000f00aa00000,0x000000f00ab00000)]
  0x0000023ab81a3800 JavaThread "Finalizer" daemon [_thread_blocked, id=75664, stack(0x000000f00ab00000,0x000000f00ac00000)]
  0x0000023ab8b42800 JavaThread "Signal Dispatcher" daemon [_thread_blocked, id=5460, stack(0x000000f00ac00000,0x000000f00ad00000)]
  0x0000023ab81be000 JavaThread "Attach Listener" daemon [_thread_blocked, id=77572, stack(0x000000f00ad00000,0x000000f00ae00000)]
  0x0000023ab81be800 JavaThread "Service Thread" daemon [_thread_blocked, id=75956, stack(0x000000f00ae00000,0x000000f00af00000)]
  0x0000023ab81c4000 JavaThread "C2 CompilerThread0" daemon [_thread_in_native, id=70896, stack(0x000000f00af00000,0x000000f00b000000)]
  0x0000023ab8b6f000 JavaThread "C1 CompilerThread0" daemon [_thread_blocked, id=74380, stack(0x000000f00b000000,0x000000f00b100000)]
  0x0000023ab8b70000 JavaThread "Sweeper thread" daemon [_thread_blocked, id=77664, stack(0x000000f00b100000,0x000000f00b200000)]
  0x0000023a9afb5000 JavaThread "Common-Cleaner" daemon [_thread_blocked, id=76820, stack(0x000000f00b200000,0x000000f00b300000)]
  0x0000023ab8efc800 JavaThread "Monitor Ctrl-Break" daemon [_thread_in_native, id=77140, stack(0x000000f00b300000,0x000000f00b400000)]
  0x0000023ab9526800 JavaThread "Thread-0" [_thread_blocked, id=5748, stack(0x000000f00b500000,0x000000f00b600000)]
  0x0000023ab9599000 JavaThread "restartedMain" [_thread_blocked, id=77604, stack(0x000000f00b700000,0x000000f00b800000)]

Other Threads:
=>0x0000023ab819f000 VMThread "VM Thread" [stack: 0x000000f00a900000,0x000000f00aa00000] [id=72556]
  0x0000023ab8efe000 WatcherThread [stack: 0x000000f00b400000,0x000000f00b500000] [id=77760]
  0x0000023a9aef0000 GCTaskThread "GC Thread#0" [stack: 0x000000f00a400000,0x000000f00a500000] [id=76544]
  0x0000023ab9236000 GCTaskThread "GC Thread#1" [stack: 0x000000f00b600000,0x000000f00b700000] [id=77048]
  0x0000023a9af20000 ConcurrentGCThread "G1 Main Marker" [stack: 0x000000f00a500000,0x000000f00a600000] [id=69748]
  0x0000023a9af21800 ConcurrentGCThread "G1 Conc#0" [stack: 0x000000f00a600000,0x000000f00a700000] [id=74784]
  0x0000023a9afaa000 ConcurrentGCThread "G1 Refine#0" [stack: 0x000000f00a700000,0x000000f00a800000] [id=75928]
  0x0000023a9afab000 ConcurrentGCThread "G1 Young RemSet Sampling" [stack: 0x000000f00a800000,0x000000f00a900000] [id=77776]

Threads with active compile tasks:
C2 CompilerThread0   6034 2338 %     4       java.io.WinNTFileSystem::normalize @ 58 (224 bytes)

VM state:at safepoint (normal execution)

VM Mutex/Monitor currently owned by a thread:  ([mutex/lock_event])
[0x0000023a9aed59d0] Threads_lock - owner thread: 0x0000023ab819f000
[0x0000023a9aed5af0] Heap_lock - owner thread: 0x0000023ab9599000

Heap address: 0x0000000080000000, size: 2048 MB, Compressed Oops mode: 32-bit
Narrow klass base: 0x0000000000000000, Narrow klass shift: 3
Compressed class space size: 1073741824 Address: 0x0000000100000000

Heap:
 garbage-first heap   total 244736K, used 7812K [0x0000000080000000, 0x0000000100000000)
  region size 1024K, 4 young (4096K), 4 survivors (4096K)
 Metaspace       used 25121K, capacity 25699K, committed 25856K, reserved 1073152K
  class space    used 2804K, capacity 3036K, committed 3072K, reserved 1048576K
Heap Regions: E=young(eden), S=young(survivor), O=old, HS=humongous(starts), HC=humongous(continues), CS=collection set, F=free, A=archive, TAMS=top-at-mark-start (previous, next)
|   0|0x0000000080000000, 0x0000000080100000, 0x0000000080100000|100%| O|  |TAMS 0x0000000080100000, 0x0000000080000000| Untracked 
|   1|0x0000000080100000, 0x0000000080200000, 0x0000000080200000|100%| O|  |TAMS 0x0000000080200000, 0x0000000080100000| Untracked 
|   2|0x0000000080200000, 0x0000000080300000, 0x0000000080300000|100%| O|  |TAMS 0x0000000080300000, 0x0000000080200000| Untracked 
|   3|0x0000000080300000, 0x00000000803ba200, 0x0000000080400000| 72%| O|  |TAMS 0x00000000803ba200, 0x0000000080300000| Untracked 
|   4|0x0000000080400000, 0x0000000080400000, 0x0000000080500000|  0%| F|  |TAMS 0x0000000080400000, 0x0000000080400000| Untracked 
|   5|0x0000000080500000, 0x0000000080500000, 0x0000000080600000|  0%| F|  |TAMS 0x0000000080500000, 0x0000000080500000| Untracked 
|   6|0x0000000080600000, 0x0000000080600000, 0x0000000080700000|  0%| F|  |TAMS 0x0000000080600000, 0x0000000080600000| Untracked 
|   7|0x0000000080700000, 0x0000000080700000, 0x0000000080800000|  0%| F|  |TAMS 0x0000000080700000, 0x0000000080700000| Untracked 
|   8|0x0000000080800000, 0x0000000080800000, 0x0000000080900000|  0%| F|  |TAMS 0x0000000080800000, 0x0000000080800000| Untracked 
|   9|0x0000000080900000, 0x0000000080900000, 0x0000000080a00000|  0%| F|  |TAMS 0x0000000080900000, 0x0000000080900000| Untracked 
|  10|0x0000000080a00000, 0x0000000080a00000, 0x0000000080b00000|  0%| F|  |TAMS 0x0000000080a00000, 0x0000000080a00000| Untracked 
|  11|0x0000000080b00000, 0x0000000080b00000, 0x0000000080c00000|  0%| F|  |TAMS 0x0000000080b00000, 0x0000000080b00000| Untracked 
|  12|0x0000000080c00000, 0x0000000080c00000, 0x0000000080d00000|  0%| F|  |TAMS 0x0000000080c00000, 0x0000000080c00000| Untracked 
|  13|0x0000000080d00000, 0x0000000080d00000, 0x0000000080e00000|  0%| F|  |TAMS 0x0000000080d00000, 0x0000000080d00000| Untracked 
|  14|0x0000000080e00000, 0x0000000080e00000, 0x0000000080f00000|  0%| F|  |TAMS 0x0000000080e00000, 0x0000000080e00000| Untracked 
|  15|0x0000000080f00000, 0x0000000080f00000, 0x0000000081000000|  0%| F|  |TAMS 0x0000000080f00000, 0x0000000080f00000| Untracked 
|  16|0x0000000081000000, 0x0000000081000000, 0x0000000081100000|  0%| F|  |TAMS 0x0000000081000000, 0x0000000081000000| Untracked 
|  17|0x0000000081100000, 0x0000000081100000, 0x0000000081200000|  0%| F|  |TAMS 0x0000000081100000, 0x0000000081100000| Untracked 
|  18|0x0000000081200000, 0x0000000081200000, 0x0000000081300000|  0%| F|  |TAMS 0x0000000081200000, 0x0000000081200000| Untracked 
|  19|0x0000000081300000, 0x0000000081300000, 0x0000000081400000|  0%| F|  |TAMS 0x0000000081300000, 0x0000000081300000| Untracked 
|  20|0x0000000081400000, 0x0000000081400000, 0x0000000081500000|  0%| F|  |TAMS 0x0000000081400000, 0x0000000081400000| Untracked 
|  21|0x0000000081500000, 0x0000000081500000, 0x0000000081600000|  0%| F|  |TAMS 0x0000000081500000, 0x0000000081500000| Untracked 
|  22|0x0000000081600000, 0x0000000081600000, 0x0000000081700000|  0%| F|  |TAMS 0x0000000081600000, 0x0000000081600000| Untracked 
|  23|0x0000000081700000, 0x0000000081700000, 0x0000000081800000|  0%| F|  |TAMS 0x0000000081700000, 0x0000000081700000| Untracked 
|  24|0x0000000081800000, 0x0000000081800000, 0x0000000081900000|  0%| F|  |TAMS 0x0000000081800000, 0x0000000081800000| Untracked 
|  25|0x0000000081900000, 0x0000000081900000, 0x0000000081a00000|  0%| F|  |TAMS 0x0000000081900000, 0x0000000081900000| Untracked 
|  26|0x0000000081a00000, 0x0000000081a00000, 0x0000000081b00000|  0%| F|  |TAMS 0x0000000081a00000, 0x0000000081a00000| Untracked 
|  27|0x0000000081b00000, 0x0000000081b00000, 0x0000000081c00000|  0%| F|  |TAMS 0x0000000081b00000, 0x0000000081b00000| Untracked 
|  28|0x0000000081c00000, 0x0000000081c00000, 0x0000000081d00000|  0%| F|  |TAMS 0x0000000081c00000, 0x0000000081c00000| Untracked 
|  29|0x0000000081d00000, 0x0000000081d00000, 0x0000000081e00000|  0%| F|  |TAMS 0x0000000081d00000, 0x0000000081d00000| Untracked 
|  30|0x0000000081e00000, 0x0000000081e00000, 0x0000000081f00000|  0%| F|  |TAMS 0x0000000081e00000, 0x0000000081e00000| Untracked 
|  31|0x0000000081f00000, 0x0000000081f00000, 0x0000000082000000|  0%| F|  |TAMS 0x0000000081f00000, 0x0000000081f00000| Untracked 
|  32|0x0000000082000000, 0x0000000082000000, 0x0000000082100000|  0%| F|  |TAMS 0x0000000082000000, 0x0000000082000000| Untracked 
|  33|0x0000000082100000, 0x0000000082100000, 0x0000000082200000|  0%| F|  |TAMS 0x0000000082100000, 0x0000000082100000| Untracked 
|  34|0x0000000082200000, 0x0000000082200000, 0x0000000082300000|  0%| F|  |TAMS 0x0000000082200000, 0x0000000082200000| Untracked 
|  35|0x0000000082300000, 0x0000000082300000, 0x0000000082400000|  0%| F|  |TAMS 0x0000000082300000, 0x0000000082300000| Untracked 
|  36|0x0000000082400000, 0x0000000082400000, 0x0000000082500000|  0%| F|  |TAMS 0x0000000082400000, 0x0000000082400000| Untracked 
|  37|0x0000000082500000, 0x0000000082500000, 0x0000000082600000|  0%| F|  |TAMS 0x0000000082500000, 0x0000000082500000| Untracked 
|  38|0x0000000082600000, 0x0000000082600000, 0x0000000082700000|  0%| F|  |TAMS 0x0000000082600000, 0x0000000082600000| Untracked 
|  39|0x0000000082700000, 0x0000000082700000, 0x0000000082800000|  0%| F|  |TAMS 0x0000000082700000, 0x0000000082700000| Untracked 
|  40|0x0000000082800000, 0x0000000082800000, 0x0000000082900000|  0%| F|  |TAMS 0x0000000082800000, 0x0000000082800000| Untracked 
|  41|0x0000000082900000, 0x0000000082900000, 0x0000000082a00000|  0%| F|  |TAMS 0x0000000082900000, 0x0000000082900000| Untracked 
|  42|0x0000000082a00000, 0x0000000082a00000, 0x0000000082b00000|  0%| F|  |TAMS 0x0000000082a00000, 0x0000000082a00000| Untracked 
|  43|0x0000000082b00000, 0x0000000082b00000, 0x0000000082c00000|  0%| F|  |TAMS 0x0000000082b00000, 0x0000000082b00000| Untracked 
|  44|0x0000000082c00000, 0x0000000082c00000, 0x0000000082d00000|  0%| F|  |TAMS 0x0000000082c00000, 0x0000000082c00000| Untracked 
|  45|0x0000000082d00000, 0x0000000082d00000, 0x0000000082e00000|  0%| F|  |TAMS 0x0000000082d00000, 0x0000000082d00000| Untracked 
|  46|0x0000000082e00000, 0x0000000082e00000, 0x0000000082f00000|  0%| F|  |TAMS 0x0000000082e00000, 0x0000000082e00000| Untracked 
|  47|0x0000000082f00000, 0x0000000082f00000, 0x0000000083000000|  0%| F|  |TAMS 0x0000000082f00000, 0x0000000082f00000| Untracked 
|  48|0x0000000083000000, 0x0000000083000000, 0x0000000083100000|  0%| F|  |TAMS 0x0000000083000000, 0x0000000083000000| Untracked 
|  49|0x0000000083100000, 0x0000000083100000, 0x0000000083200000|  0%| F|  |TAMS 0x0000000083100000, 0x0000000083100000| Untracked 
|  50|0x0000000083200000, 0x0000000083200000, 0x0000000083300000|  0%| F|  |TAMS 0x0000000083200000, 0x0000000083200000| Untracked 
|  51|0x0000000083300000, 0x0000000083300000, 0x0000000083400000|  0%| F|  |TAMS 0x0000000083300000, 0x0000000083300000| Untracked 
|  52|0x0000000083400000, 0x0000000083400000, 0x0000000083500000|  0%| F|  |TAMS 0x0000000083400000, 0x0000000083400000| Untracked 
|  53|0x0000000083500000, 0x0000000083500000, 0x0000000083600000|  0%| F|  |TAMS 0x0000000083500000, 0x0000000083500000| Untracked 
|  54|0x0000000083600000, 0x0000000083600000, 0x0000000083700000|  0%| F|  |TAMS 0x0000000083600000, 0x0000000083600000| Untracked 
|  55|0x0000000083700000, 0x0000000083700000, 0x0000000083800000|  0%| F|  |TAMS 0x0000000083700000, 0x0000000083700000| Untracked 
|  56|0x0000000083800000, 0x0000000083800000, 0x0000000083900000|  0%| F|  |TAMS 0x0000000083800000, 0x0000000083800000| Untracked 
|  57|0x0000000083900000, 0x0000000083900000, 0x0000000083a00000|  0%| F|  |TAMS 0x0000000083900000, 0x0000000083900000| Untracked 
|  58|0x0000000083a00000, 0x0000000083a00000, 0x0000000083b00000|  0%| F|  |TAMS 0x0000000083a00000, 0x0000000083a00000| Untracked 
|  59|0x0000000083b00000, 0x0000000083b00000, 0x0000000083c00000|  0%| F|  |TAMS 0x0000000083b00000, 0x0000000083b00000| Untracked 
|  60|0x0000000083c00000, 0x0000000083c00000, 0x0000000083d00000|  0%| F|  |TAMS 0x0000000083c00000, 0x0000000083c00000| Untracked 
|  61|0x0000000083d00000, 0x0000000083d00000, 0x0000000083e00000|  0%| F|  |TAMS 0x0000000083d00000, 0x0000000083d00000| Untracked 
|  62|0x0000000083e00000, 0x0000000083e00000, 0x0000000083f00000|  0%| F|  |TAMS 0x0000000083e00000, 0x0000000083e00000| Untracked 
|  63|0x0000000083f00000, 0x0000000083f00000, 0x0000000084000000|  0%| F|  |TAMS 0x0000000083f00000, 0x0000000083f00000| Untracked 
|  64|0x0000000084000000, 0x0000000084000000, 0x0000000084100000|  0%| F|  |TAMS 0x0000000084000000, 0x0000000084000000| Untracked 
|  65|0x0000000084100000, 0x0000000084100000, 0x0000000084200000|  0%| F|  |TAMS 0x0000000084100000, 0x0000000084100000| Untracked 
|  66|0x0000000084200000, 0x0000000084200000, 0x0000000084300000|  0%| F|  |TAMS 0x0000000084200000, 0x0000000084200000| Untracked 
|  67|0x0000000084300000, 0x0000000084300000, 0x0000000084400000|  0%| F|  |TAMS 0x0000000084300000, 0x0000000084300000| Untracked 
|  68|0x0000000084400000, 0x0000000084400000, 0x0000000084500000|  0%| F|  |TAMS 0x0000000084400000, 0x0000000084400000| Untracked 
|  69|0x0000000084500000, 0x0000000084500000, 0x0000000084600000|  0%| F|  |TAMS 0x0000000084500000, 0x0000000084500000| Untracked 
|  70|0x0000000084600000, 0x0000000084600000, 0x0000000084700000|  0%| F|  |TAMS 0x0000000084600000, 0x0000000084600000| Untracked 
|  71|0x0000000084700000, 0x0000000084700000, 0x0000000084800000|  0%| F|  |TAMS 0x0000000084700000, 0x0000000084700000| Untracked 
|  72|0x0000000084800000, 0x0000000084800000, 0x0000000084900000|  0%| F|  |TAMS 0x0000000084800000, 0x0000000084800000| Untracked 
|  73|0x0000000084900000, 0x0000000084900000, 0x0000000084a00000|  0%| F|  |TAMS 0x0000000084900000, 0x0000000084900000| Untracked 
|  74|0x0000000084a00000, 0x0000000084a00000, 0x0000000084b00000|  0%| F|  |TAMS 0x0000000084a00000, 0x0000000084a00000| Untracked 
|  75|0x0000000084b00000, 0x0000000084b00000, 0x0000000084c00000|  0%| F|  |TAMS 0x0000000084b00000, 0x0000000084b00000| Untracked 
|  76|0x0000000084c00000, 0x0000000084c00000, 0x0000000084d00000|  0%| F|  |TAMS 0x0000000084c00000, 0x0000000084c00000| Untracked 
|  77|0x0000000084d00000, 0x0000000084d00000, 0x0000000084e00000|  0%| F|  |TAMS 0x0000000084d00000, 0x0000000084d00000| Untracked 
|  78|0x0000000084e00000, 0x0000000084e00000, 0x0000000084f00000|  0%| F|  |TAMS 0x0000000084e00000, 0x0000000084e00000| Untracked 
|  79|0x0000000084f00000, 0x0000000084f00000, 0x0000000085000000|  0%| F|  |TAMS 0x0000000084f00000, 0x0000000084f00000| Untracked 
|  80|0x0000000085000000, 0x0000000085000000, 0x0000000085100000|  0%| F|  |TAMS 0x0000000085000000, 0x0000000085000000| Untracked 
|  81|0x0000000085100000, 0x0000000085100000, 0x0000000085200000|  0%| F|  |TAMS 0x0000000085100000, 0x0000000085100000| Untracked 
|  82|0x0000000085200000, 0x0000000085200000, 0x0000000085300000|  0%| F|  |TAMS 0x0000000085200000, 0x0000000085200000| Untracked 
|  83|0x0000000085300000, 0x0000000085300000, 0x0000000085400000|  0%| F|  |TAMS 0x0000000085300000, 0x0000000085300000| Untracked 
|  84|0x0000000085400000, 0x0000000085400000, 0x0000000085500000|  0%| F|  |TAMS 0x0000000085400000, 0x0000000085400000| Untracked 
|  85|0x0000000085500000, 0x0000000085500000, 0x0000000085600000|  0%| F|  |TAMS 0x0000000085500000, 0x0000000085500000| Untracked 
|  86|0x0000000085600000, 0x0000000085600000, 0x0000000085700000|  0%| F|  |TAMS 0x0000000085600000, 0x0000000085600000| Untracked 
|  87|0x0000000085700000, 0x00000000857e7140, 0x0000000085800000| 90%| S|CS|TAMS 0x0000000085700000, 0x0000000085700000| Complete 
|  88|0x0000000085800000, 0x0000000085900000, 0x0000000085900000|100%| S|CS|TAMS 0x0000000085800000, 0x0000000085800000| Complete 
|  89|0x0000000085900000, 0x0000000085a00000, 0x0000000085a00000|100%| S|CS|TAMS 0x0000000085900000, 0x0000000085900000| Complete 
|  90|0x0000000085a00000, 0x0000000085b00000, 0x0000000085b00000|100%| S|CS|TAMS 0x0000000085a00000, 0x0000000085a00000| Complete 
|  91|0x0000000085b00000, 0x0000000085b00000, 0x0000000085c00000|  0%| F|  |TAMS 0x0000000085b00000, 0x0000000085b00000| Untracked 
|  92|0x0000000085c00000, 0x0000000085c00000, 0x0000000085d00000|  0%| F|  |TAMS 0x0000000085c00000, 0x0000000085c00000| Untracked 
|  93|0x0000000085d00000, 0x0000000085d00000, 0x0000000085e00000|  0%| F|  |TAMS 0x0000000085d00000, 0x0000000085d00000| Untracked 
|  94|0x0000000085e00000, 0x0000000085e00000, 0x0000000085f00000|  0%| F|  |TAMS 0x0000000085e00000, 0x0000000085e00000| Untracked 
|  95|0x0000000085f00000, 0x0000000085f00000, 0x0000000086000000|  0%| F|  |TAMS 0x0000000085f00000, 0x0000000085f00000| Untracked 
|  96|0x0000000086000000, 0x0000000086000000, 0x0000000086100000|  0%| F|  |TAMS 0x0000000086000000, 0x0000000086000000| Untracked 
|  97|0x0000000086100000, 0x0000000086100000, 0x0000000086200000|  0%| F|  |TAMS 0x0000000086100000, 0x0000000086100000| Untracked 
|  98|0x0000000086200000, 0x0000000086200000, 0x0000000086300000|  0%| F|  |TAMS 0x0000000086200000, 0x0000000086200000| Untracked 
|  99|0x0000000086300000, 0x0000000086300000, 0x0000000086400000|  0%| F|  |TAMS 0x0000000086300000, 0x0000000086300000| Untracked 
| 100|0x0000000086400000, 0x0000000086400000, 0x0000000086500000|  0%| F|  |TAMS 0x0000000086400000, 0x0000000086400000| Untracked 
| 101|0x0000000086500000, 0x0000000086500000, 0x0000000086600000|  0%| F|  |TAMS 0x0000000086500000, 0x0000000086500000| Untracked 
| 102|0x0000000086600000, 0x0000000086600000, 0x0000000086700000|  0%| F|  |TAMS 0x0000000086600000, 0x0000000086600000| Untracked 
| 103|0x0000000086700000, 0x0000000086700000, 0x0000000086800000|  0%| F|  |TAMS 0x0000000086700000, 0x0000000086700000| Untracked 
| 104|0x0000000086800000, 0x0000000086800000, 0x0000000086900000|  0%| F|  |TAMS 0x0000000086800000, 0x0000000086800000| Untracked 
| 105|0x0000000086900000, 0x0000000086900000, 0x0000000086a00000|  0%| F|  |TAMS 0x0000000086900000, 0x0000000086900000| Untracked 
| 106|0x0000000086a00000, 0x0000000086a00000, 0x0000000086b00000|  0%| F|  |TAMS 0x0000000086a00000, 0x0000000086a00000| Untracked 
| 107|0x0000000086b00000, 0x0000000086b00000, 0x0000000086c00000|  0%| F|  |TAMS 0x0000000086b00000, 0x0000000086b00000| Untracked 
| 108|0x0000000086c00000, 0x0000000086c00000, 0x0000000086d00000|  0%| F|  |TAMS 0x0000000086c00000, 0x0000000086c00000| Untracked 
| 109|0x0000000086d00000, 0x0000000086d00000, 0x0000000086e00000|  0%| F|  |TAMS 0x0000000086d00000, 0x0000000086d00000| Untracked 
| 110|0x0000000086e00000, 0x0000000086e00000, 0x0000000086f00000|  0%| F|  |TAMS 0x0000000086e00000, 0x0000000086e00000| Untracked 
| 111|0x0000000086f00000, 0x0000000086f00000, 0x0000000087000000|  0%| F|  |TAMS 0x0000000086f00000, 0x0000000086f00000| Untracked 
| 112|0x0000000087000000, 0x0000000087000000, 0x0000000087100000|  0%| F|  |TAMS 0x0000000087000000, 0x0000000087000000| Untracked 
| 113|0x0000000087100000, 0x0000000087100000, 0x0000000087200000|  0%| F|  |TAMS 0x0000000087100000, 0x0000000087100000| Untracked 
| 114|0x0000000087200000, 0x0000000087200000, 0x0000000087300000|  0%| F|  |TAMS 0x0000000087200000, 0x0000000087200000| Untracked 
| 115|0x0000000087300000, 0x0000000087300000, 0x0000000087400000|  0%| F|  |TAMS 0x0000000087300000, 0x0000000087300000| Untracked 
| 116|0x0000000087400000, 0x0000000087400000, 0x0000000087500000|  0%| F|  |TAMS 0x0000000087400000, 0x0000000087400000| Untracked 
| 117|0x0000000087500000, 0x0000000087500000, 0x0000000087600000|  0%| F|  |TAMS 0x0000000087500000, 0x0000000087500000| Untracked 
| 118|0x0000000087600000, 0x0000000087600000, 0x0000000087700000|  0%| F|  |TAMS 0x0000000087600000, 0x0000000087600000| Untracked 
| 119|0x0000000087700000, 0x0000000087700000, 0x0000000087800000|  0%| F|  |TAMS 0x0000000087700000, 0x0000000087700000| Untracked 
| 120|0x0000000087800000, 0x0000000087800000, 0x0000000087900000|  0%| F|  |TAMS 0x0000000087800000, 0x0000000087800000| Untracked 
| 121|0x0000000087900000, 0x0000000087900000, 0x0000000087a00000|  0%| F|  |TAMS 0x0000000087900000, 0x0000000087900000| Untracked 
| 122|0x0000000087a00000, 0x0000000087a00000, 0x0000000087b00000|  0%| F|  |TAMS 0x0000000087a00000, 0x0000000087a00000| Untracked 
| 123|0x0000000087b00000, 0x0000000087b00000, 0x0000000087c00000|  0%| F|  |TAMS 0x0000000087b00000, 0x0000000087b00000| Untracked 
| 124|0x0000000087c00000, 0x0000000087c00000, 0x0000000087d00000|  0%| F|  |TAMS 0x0000000087c00000, 0x0000000087c00000| Untracked 
| 125|0x0000000087d00000, 0x0000000087d00000, 0x0000000087e00000|  0%| F|  |TAMS 0x0000000087d00000, 0x0000000087d00000| Untracked 
| 126|0x0000000087e00000, 0x0000000087e00000, 0x0000000087f00000|  0%| F|  |TAMS 0x0000000087e00000, 0x0000000087e00000| Untracked 
| 127|0x0000000087f00000, 0x0000000087f00000, 0x0000000088000000|  0%| F|  |TAMS 0x0000000087f00000, 0x0000000087f00000| Untracked 

Card table byte_map: [0x0000023ab1590000,0x0000023ab1990000] _byte_map_base: 0x0000023ab1190000

Marking Bits (Prev, Next): (CMBitMap*) 0x0000023a9af17560, (CMBitMap*) 0x0000023a9af17528
 Prev Bits: [0x0000023ab3d90000, 0x0000023ab5d90000)
 Next Bits: [0x0000023ab1d90000, 0x0000023ab3d90000)

Polling page: 0x0000023a98eb0000

Metaspace:

Usage:
  Non-class:     22.13 MB capacity,    21.79 MB ( 98%) used,   275.09 KB (  1%) free+waste,    70.75 KB ( <1%) overhead. 
      Class:      2.96 MB capacity,     2.74 MB ( 92%) used,   196.47 KB (  6%) free+waste,    35.31 KB (  1%) overhead. 
       Both:     25.10 MB capacity,    24.53 MB ( 98%) used,   471.56 KB (  2%) free+waste,   106.06 KB ( <1%) overhead. 

Virtual space:
  Non-class space:       24.00 MB reserved,      22.25 MB ( 93%) committed 
      Class space:        1.00 GB reserved,       3.00 MB ( <1%) committed 
             Both:        1.02 GB reserved,      25.25 MB (  2%) committed 

Chunk freelists:
   Non-Class:  7.13 KB
       Class:  512 bytes
        Both:  7.63 KB

CodeHeap 'non-profiled nmethods': size=120064Kb used=938Kb max_used=938Kb free=119125Kb
 bounds [0x0000023aaa050000, 0x0000023aaa2c0000, 0x0000023ab1590000]
CodeHeap 'profiled nmethods': size=120000Kb used=4741Kb max_used=4741Kb free=115258Kb
 bounds [0x0000023aa2b20000, 0x0000023aa2fd0000, 0x0000023aaa050000]
CodeHeap 'non-nmethods': size=5696Kb used=1131Kb max_used=1162Kb free=4564Kb
 bounds [0x0000023aa2590000, 0x0000023aa2800000, 0x0000023aa2b20000]
 total_blobs=2799 nmethods=2361 adapters=349
 compilation: enabled
              stopped_count=0, restarted_count=0
 full_count=0

Compilation events (10 events):
Event: 6.000 Thread 0x0000023ab8b6f000 2359       3       java.lang.Class::arrayContentsEq (70 bytes)
Event: 6.001 Thread 0x0000023ab8b6f000 nmethod 2359 0x0000023aa2fbdb90 code [0x0000023aa2fbdd60, 0x0000023aa2fbe158]
Event: 6.002 Thread 0x0000023ab8b6f000 2360       3       java.util.Collections::unmodifiableMap (9 bytes)
Event: 6.003 Thread 0x0000023ab8b6f000 nmethod 2360 0x0000023aa2fbe290 code [0x0000023aa2fbe460, 0x0000023aa2fbe7a8]
Event: 6.004 Thread 0x0000023ab8b6f000 2361   !   3       org.springframework.context.annotation.ConfigurationClassParser$SourceClass::getRelated (117 bytes)
Event: 6.006 Thread 0x0000023ab8b6f000 nmethod 2361 0x0000023aa2fbe910 code [0x0000023aa2fbeca0, 0x0000023aa2fc0408]
Event: 6.007 Thread 0x0000023ab8b6f000 2362       3       org.springframework.util.MultiValueMapAdapter::add (28 bytes)
Event: 6.007 Thread 0x0000023ab8b6f000 nmethod 2362 0x0000023aa2fc0d90 code [0x0000023aa2fc0f80, 0x0000023aa2fc1498]
Event: 6.007 Thread 0x0000023ab8b6f000 2363       1       org.springframework.context.annotation.ConditionEvaluator$ConditionContextImpl::getClassLoader (5 bytes)
Event: 6.007 Thread 0x0000023ab8b6f000 nmethod 2363 0x0000023aaa13a710 code [0x0000023aaa13a8a0, 0x0000023aaa13a958]

GC Heap History (10 events):
Event: 1.938 GC heap after
{Heap after GC invocations=1 (full 0):
 garbage-first heap   total 131072K, used 3004K [0x0000000080000000, 0x0000000100000000)
  region size 1024K, 1 young (1024K), 1 survivors (1024K)
 Metaspace       used 8590K, capacity 8666K, committed 8832K, reserved 1056768K
  class space    used 772K, capacity 803K, committed 896K, reserved 1048576K
}
Event: 2.148 GC heap before
{Heap before GC invocations=1 (full 0):
 garbage-first heap   total 131072K, used 7100K [0x0000000080000000, 0x0000000100000000)
  region size 1024K, 6 young (6144K), 1 survivors (1024K)
 Metaspace       used 9950K, capacity 10078K, committed 10240K, reserved 1058816K
  class space    used 914K, capacity 955K, committed 1024K, reserved 1048576K
}
Event: 2.153 GC heap after
{Heap after GC invocations=2 (full 0):
 garbage-first heap   total 131072K, used 3934K [0x0000000080000000, 0x0000000100000000)
  region size 1024K, 1 young (1024K), 1 survivors (1024K)
 Metaspace       used 9950K, capacity 10078K, committed 10240K, reserved 1058816K
  class space    used 914K, capacity 955K, committed 1024K, reserved 1048576K
}
Event: 2.903 GC heap before
{Heap before GC invocations=2 (full 0):
 garbage-first heap   total 131072K, used 15198K [0x0000000080000000, 0x0000000100000000)
  region size 1024K, 12 young (12288K), 1 survivors (1024K)
 Metaspace       used 13180K, capacity 13421K, committed 13568K, reserved 1060864K
  class space    used 1316K, capacity 1421K, committed 1536K, reserved 1048576K
}
Event: 2.912 GC heap after
{Heap after GC invocations=3 (full 0):
 garbage-first heap   total 131072K, used 4570K [0x0000000080000000, 0x0000000100000000)
  region size 1024K, 2 young (2048K), 2 survivors (2048K)
 Metaspace       used 13180K, capacity 13421K, committed 13568K, reserved 1060864K
  class space    used 1316K, capacity 1421K, committed 1536K, reserved 1048576K
}
Event: 3.538 GC heap before
{Heap before GC invocations=3 (full 0):
 garbage-first heap   total 131072K, used 20954K [0x0000000080000000, 0x0000000100000000)
  region size 1024K, 18 young (18432K), 2 survivors (2048K)
 Metaspace       used 16877K, capacity 17225K, committed 17408K, reserved 1064960K
  class space    used 1803K, capacity 1953K, committed 2048K, reserved 1048576K
}
Event: 3.553 GC heap after
{Heap after GC invocations=4 (full 0):
 garbage-first heap   total 131072K, used 5492K [0x0000000080000000, 0x0000000100000000)
  region size 1024K, 3 young (3072K), 3 survivors (3072K)
 Metaspace       used 16877K, capacity 17225K, committed 17408K, reserved 1064960K
  class space    used 1803K, capacity 1953K, committed 2048K, reserved 1048576K
}
Event: 4.294 GC heap before
{Heap before GC invocations=4 (full 0):
 garbage-first heap   total 131072K, used 21876K [0x0000000080000000, 0x0000000100000000)
  region size 1024K, 21 young (21504K), 3 survivors (3072K)
 Metaspace       used 20674K, capacity 21152K, committed 21424K, reserved 1069056K
  class space    used 2232K, capacity 2458K, committed 2560K, reserved 1048576K
}
Event: 4.304 GC heap after
{Heap after GC invocations=5 (full 0):
 garbage-first heap   total 131072K, used 6285K [0x0000000080000000, 0x0000000100000000)
  region size 1024K, 3 young (3072K), 3 survivors (3072K)
 Metaspace       used 20674K, capacity 21152K, committed 21424K, reserved 1069056K
  class space    used 2232K, capacity 2458K, committed 2560K, reserved 1048576K
}
Event: 6.008 GC heap before
{Heap before GC invocations=6 (full 0):
 garbage-first heap   total 131072K, used 40077K [0x0000000080000000, 0x0000000100000000)
  region size 1024K, 37 young (37888K), 3 survivors (3072K)
 Metaspace       used 25121K, capacity 25699K, committed 25856K, reserved 1073152K
  class space    used 2804K, capacity 3036K, committed 3072K, reserved 1048576K
}

Deoptimization events (10 events):
Event: 3.290 Thread 0x0000023ab9599000 Uncommon trap: reason=unstable_if action=reinterpret pc=0x0000023aaa072a5c method=java.lang.String.startsWith(Ljava/lang/String;I)Z @ 1 c2
Event: 4.145 Thread 0x0000023ab9599000 Uncommon trap: reason=unstable_if action=reinterpret pc=0x0000023aaa090b2c method=java.util.HashMap.hash(Ljava/lang/Object;)I @ 1 c2
Event: 4.177 Thread 0x0000023ab9599000 Uncommon trap: reason=unstable_if action=reinterpret pc=0x0000023aaa0da490 method=java.util.HashMap.putVal(ILjava/lang/Object;Ljava/lang/Object;ZZ)Ljava/lang/Object; @ 181 c2
Event: 4.177 Thread 0x0000023ab9599000 Uncommon trap: reason=unstable_if action=reinterpret pc=0x0000023aaa08837c method=java.util.HashMap.getNode(ILjava/lang/Object;)Ljava/util/HashMap$Node; @ 129 c2
Event: 4.647 Thread 0x0000023ab9599000 Uncommon trap: reason=unstable_if action=reinterpret pc=0x0000023aaa097280 method=java.util.concurrent.ConcurrentHashMap.get(Ljava/lang/Object;)Ljava/lang/Object; @ 76 c2
Event: 4.960 Thread 0x0000023ab9599000 Uncommon trap: reason=unstable_if action=reinterpret pc=0x0000023aaa0753ec method=java.util.zip.ZipFile$Source.getEntryPos([BZ)I @ 156 c2
Event: 4.998 Thread 0x0000023ab9663800 Uncommon trap: reason=unstable_if action=reinterpret pc=0x0000023aaa0ad580 method=jdk.internal.org.objectweb.asm.Type.getArgumentsAndReturnSizes(Ljava/lang/String;)I @ 47 c2
Event: 4.998 Thread 0x0000023ab9663800 Uncommon trap: reason=unstable_if action=reinterpret pc=0x0000023aaa0e55bc method=jdk.internal.org.objectweb.asm.Frame.push(Ljdk/internal/org/objectweb/asm/ClassWriter;Ljava/lang/String;)V @ 18 c2
Event: 5.095 Thread 0x0000023ab9e83800 Uncommon trap: reason=unstable_if action=reinterpret pc=0x0000023aaa0db4c4 method=java.nio.Buffer.limit(I)Ljava/nio/Buffer; @ 42 c2
Event: 5.622 Thread 0x0000023ab9599000 Uncommon trap: reason=unstable_if action=reinterpret pc=0x0000023aaa0d6288 method=org.springframework.boot.context.properties.source.ConfigurationPropertyName$ElementsParser.add(IILorg/springframework/boot/context/properties/source/ConfigurationPropertyNa

Classes redefined (0 events):
No events

Internal exceptions (10 events):
Event: 4.848 Thread 0x0000023ab9599000 Exception <a 'java/lang/ClassNotFoundException'{0x00000000876412c8}: org/springframework/context/EnvironmentAwareCustomizer> (0x00000000876412c8) thrown at [./open/src/hotspot/share/classfile/systemDictionary.cpp, line 226]
Event: 4.849 Thread 0x0000023ab9599000 Exception <a 'java/lang/ClassNotFoundException'{0x000000008764b7a0}: org/springframework/beans/factory/AwareCustomizer> (0x000000008764b7a0) thrown at [./open/src/hotspot/share/classfile/systemDictionary.cpp, line 226]
Event: 4.998 Thread 0x0000023ab9663800 Exception <a 'java/lang/NoSuchMethodError'{0x00000000871bdb90}: java.lang.invoke.DirectMethodHandle$Holder.invokeSpecial(Ljava/lang/Object;Ljava/lang/Object;)J> (0x00000000871bdb90) thrown at [./open/src/hotspot/share/interpreter/linkResolver.cpp, line 77
Event: 5.000 Thread 0x0000023ab9663800 Exception <a 'java/lang/NoSuchMethodError'{0x00000000871c7f40}: java.lang.invoke.DirectMethodHandle$Holder.invokeStatic(Ljava/lang/Object;Ljava/lang/Object;)J> (0x00000000871c7f40) thrown at [./open/src/hotspot/share/interpreter/linkResolver.cpp, line 772
Event: 5.000 Thread 0x0000023ab9663800 Exception <a 'java/lang/NoSuchMethodError'{0x00000000871cad68}: java.lang.invoke.DirectMethodHandle$Holder.invokeStaticInit(Ljava/lang/Object;Ljava/lang/Object;)J> (0x00000000871cad68) thrown at [./open/src/hotspot/share/interpreter/linkResolver.cpp, line
Event: 5.003 Thread 0x0000023ab9663800 Exception <a 'java/lang/NoSuchMethodError'{0x00000000871d7228}: java.lang.invoke.DirectMethodHandle$Holder.invokeInterface(Ljava/lang/Object;Ljava/lang/Object;)J> (0x00000000871d7228) thrown at [./open/src/hotspot/share/interpreter/linkResolver.cpp, line 
Event: 5.003 Thread 0x0000023ab9663800 Exception <a 'java/lang/IncompatibleClassChangeError'{0x00000000871d9fc0}: Found class java.lang.Object, but interface was expected> (0x00000000871d9fc0) thrown at [./open/src/hotspot/share/interpreter/linkResolver.cpp, line 838]
Event: 5.053 Thread 0x0000023ab9663800 Exception <a 'java/lang/NoSuchMethodError'{0x0000000086f7d2e8}: java.lang.invoke.DirectMethodHandle$Holder.invokeVirtual(Ljava/lang/Object;Ljava/lang/Object;Ljava/lang/Object;Ljava/lang/Object;)Ljava/lang/Object;> (0x0000000086f7d2e8) thrown at [./open/sr
Event: 5.143 Thread 0x0000023ab9599000 Exception <a 'java/lang/IncompatibleClassChangeError'{0x000000008676a220}: Found class java.lang.Object, but interface was expected> (0x000000008676a220) thrown at [./open/src/hotspot/share/interpreter/linkResolver.cpp, line 838]
Event: 5.215 Thread 0x0000023ab9599000 Exception <a 'java/lang/NoSuchMethodError'{0x000000008657a2c0}: java.lang.invoke.DirectMethodHandle$Holder.invokeInterface(Ljava/lang/Object;Ljava/lang/Object;Ljava/lang/Object;Ljava/lang/Object;)V> (0x000000008657a2c0) thrown at [./open/src/hotspot/share

Events (10 events):
Event: 5.990 loading class io/r2dbc/spi/ConnectionFactory done
Event: 5.990 loading class org/springframework/r2dbc/connection/init/DatabasePopulator
Event: 5.990 loading class org/springframework/r2dbc/connection/init/DatabasePopulator done
Event: 5.992 loading class org/springframework/jdbc/datasource/init/DatabasePopulator
Event: 5.992 loading class org/springframework/jdbc/datasource/init/DatabasePopulator done
Event: 6.000 loading class org/springframework/boot/autoconfigure/web/client/RestTemplateAutoConfiguration$NotReactiveWebApplicationCondition
Event: 6.000 loading class org/springframework/boot/autoconfigure/web/client/RestTemplateAutoConfiguration$NotReactiveWebApplicationCondition done
Event: 6.003 loading class org/springframework/web/reactive/HandlerResult
Event: 6.003 loading class org/springframework/web/reactive/HandlerResult done
Event: 6.008 Executing VM operation: G1CollectForAllocation


Dynamic libraries:
0x00007ff743e60000 - 0x00007ff743e6f000 	C:\Program Files\Java\jdk-11.0.15\bin\java.exe
0x00007ffcf0c50000 - 0x00007ffcf0e48000 	C:\Windows\SYSTEM32\ntdll.dll
0x00007ffceecb0000 - 0x00007ffceed6d000 	C:\Windows\System32\KERNEL32.DLL
0x00007ffcee9e0000 - 0x00007ffceecae000 	C:\Windows\System32\KERNELBASE.dll
0x00007ffcee7b0000 - 0x00007ffcee8b0000 	C:\Windows\System32\ucrtbase.dll
0x00007ffcddc30000 - 0x00007ffcddc48000 	C:\Program Files\Java\jdk-11.0.15\bin\jli.dll
0x00007ffcefdf0000 - 0x00007ffcefe9e000 	C:\Windows\System32\ADVAPI32.dll
0x00007ffcf0b50000 - 0x00007ffcf0bee000 	C:\Windows\System32\msvcrt.dll
0x00007ffceed70000 - 0x00007ffceee0c000 	C:\Windows\System32\sechost.dll
0x00007ffceefd0000 - 0x00007ffcef0f5000 	C:\Windows\System32\RPCRT4.dll
0x00007ffcf0620000 - 0x00007ffcf07c0000 	C:\Windows\System32\USER32.dll
0x00007ffcee3a0000 - 0x00007ffcee3c2000 	C:\Windows\System32\win32u.dll
0x00007ffcefea0000 - 0x00007ffcefeca000 	C:\Windows\System32\GDI32.dll
0x00007ffcee6a0000 - 0x00007ffcee7ab000 	C:\Windows\System32\gdi32full.dll
0x00007ffcee8b0000 - 0x00007ffcee94d000 	C:\Windows\System32\msvcp_win.dll
0x00007ffcddc10000 - 0x00007ffcddc25000 	C:\Program Files\Java\jdk-11.0.15\bin\VCRUNTIME140.dll
0x00007ffcdd260000 - 0x00007ffcdd4fa000 	C:\Windows\WinSxS\amd64_microsoft.windows.common-controls_6595b64144ccf1df_6.0.19041.1110_none_60b5254171f9507e\COMCTL32.dll
0x00007ffce6820000 - 0x00007ffce682a000 	C:\Windows\SYSTEM32\VERSION.dll
0x00007ffcef940000 - 0x00007ffcef970000 	C:\Windows\System32\IMM32.DLL
0x00007ffcdd070000 - 0x00007ffcdd10b000 	C:\Program Files\Java\jdk-11.0.15\bin\msvcp140.dll
0x00007ffcdc550000 - 0x00007ffcdd066000 	C:\Program Files\Java\jdk-11.0.15\bin\server\jvm.dll
0x00007ffcef710000 - 0x00007ffcef718000 	C:\Windows\System32\PSAPI.DLL
0x00007ffcddc00000 - 0x00007ffcddc09000 	C:\Windows\SYSTEM32\WSOCK32.dll
0x00007ffcf08f0000 - 0x00007ffcf095b000 	C:\Windows\System32\WS2_32.dll
0x00007ffcdc520000 - 0x00007ffcdc547000 	C:\Windows\SYSTEM32\WINMM.dll
0x00007ffcec250000 - 0x00007ffcec262000 	C:\Windows\SYSTEM32\kernel.appcore.dll
0x00007ffcddbf0000 - 0x00007ffcddc00000 	C:\Program Files\Java\jdk-11.0.15\bin\verify.dll
0x00007ffce6af0000 - 0x00007ffce6cd4000 	C:\Windows\SYSTEM32\DBGHELP.DLL
0x00007ffce6ac0000 - 0x00007ffce6aec000 	C:\Windows\SYSTEM32\dbgcore.DLL
0x00007ffcee950000 - 0x00007ffcee9d2000 	C:\Windows\System32\bcryptPrimitives.dll
0x00007ffcdc4f0000 - 0x00007ffcdc518000 	C:\Program Files\Java\jdk-11.0.15\bin\java.dll
0x00007ffcdc4e0000 - 0x00007ffcdc4ea000 	C:\Program Files\Java\jdk-11.0.15\bin\jimage.dll
0x00007ffcdad00000 - 0x00007ffcdad0e000 	C:\Program Files\Java\jdk-11.0.15\bin\instrument.dll
0x00007ffcdc4c0000 - 0x00007ffcdc4d6000 	C:\Program Files\Java\jdk-11.0.15\bin\zip.dll
0x00007ffcefed0000 - 0x00007ffcf0614000 	C:\Windows\System32\SHELL32.dll
0x00007ffcec450000 - 0x00007ffcecbe4000 	C:\Windows\SYSTEM32\windows.storage.dll
0x00007ffcefa90000 - 0x00007ffcefde4000 	C:\Windows\System32\combase.dll
0x00007ffcedc20000 - 0x00007ffcedc50000 	C:\Windows\SYSTEM32\Wldp.dll
0x00007ffcf07c0000 - 0x00007ffcf086d000 	C:\Windows\System32\SHCORE.dll
0x00007ffcef5e0000 - 0x00007ffcef635000 	C:\Windows\System32\shlwapi.dll
0x00007ffcee2b0000 - 0x00007ffcee2cf000 	C:\Windows\SYSTEM32\profapi.dll
0x00007ffce6090000 - 0x00007ffce60a9000 	C:\Program Files\Java\jdk-11.0.15\bin\net.dll
0x00007ffce56f0000 - 0x00007ffce57fa000 	C:\Windows\SYSTEM32\WINHTTP.dll
0x00007ffceda00000 - 0x00007ffceda6a000 	C:\Windows\system32\mswsock.dll
0x00007ffce6070000 - 0x00007ffce6082000 	C:\Program Files\Java\jdk-11.0.15\bin\nio.dll
0x00007ffcdace0000 - 0x00007ffcdacfa000 	C:\Program Files\JetBrains\IntelliJ IDEA Community Edition 2022.2.1\bin\breakgen64.dll
0x00007ffce6270000 - 0x00007ffce6279000 	C:\Program Files\Java\jdk-11.0.15\bin\management.dll
0x00007ffce6260000 - 0x00007ffce626b000 	C:\Program Files\Java\jdk-11.0.15\bin\management_ext.dll
0x00007ffcd89e0000 - 0x00007ffcd89f7000 	C:\Windows\system32\napinsp.dll
0x00007ffcd89c0000 - 0x00007ffcd89db000 	C:\Windows\system32\pnrpnsp.dll
0x00007ffcd89a0000 - 0x00007ffcd89b5000 	C:\Windows\system32\wshbth.dll
0x00007ffce7640000 - 0x00007ffce765d000 	C:\Windows\system32\NLAapi.dll
0x00007ffced710000 - 0x00007ffced74b000 	C:\Windows\SYSTEM32\IPHLPAPI.DLL
0x00007ffced750000 - 0x00007ffced81a000 	C:\Windows\SYSTEM32\DNSAPI.dll
0x00007ffceee10000 - 0x00007ffceee18000 	C:\Windows\System32\NSI.dll
0x00007ffcd8980000 - 0x00007ffcd8992000 	C:\Windows\System32\winrnr.dll
0x00007ffce4da0000 - 0x00007ffce4daa000 	C:\Windows\System32\rasadhlp.dll
0x00007ffce5420000 - 0x00007ffce54a0000 	C:\Windows\System32\fwpuclnt.dll
0x00007ffcee370000 - 0x00007ffcee397000 	C:\Windows\System32\bcrypt.dll

dbghelp: loaded successfully - version: 4.0.5 - missing functions: none
symbol engine: initialized successfully - sym options: 0x614 - pdb path: .;C:\Program Files\Java\jdk-11.0.15\bin;C:\Windows\SYSTEM32;C:\Windows\WinSxS\amd64_microsoft.windows.common-controls_6595b64144ccf1df_6.0.19041.1110_none_60b5254171f9507e;C:\Program Files\Java\jdk-11.0.15\bin\server;C:\Program Files\JetBrains\IntelliJ IDEA Community Edition 2022.2.1\bin

VM Arguments:
jvm_args: -javaagent:C:\Program Files\JetBrains\IntelliJ IDEA Community Edition 2022.2.1\lib\idea_rt.jar=59524:C:\Program Files\JetBrains\IntelliJ IDEA Community Edition 2022.2.1\bin -Dfile.encoding=UTF-8 
java_command: com.training.springboot.SpringbootDemoApplication
java_class_path (initial): C:\Users\sfjbs\Downloads\springboot-demo\springboot-demo\target\classes;C:\Users\sfjbs\.m2\repository\org\springframework\boot\spring-boot-starter-web\2.6.2\spring-boot-starter-web-2.6.2.jar;C:\Users\sfjbs\.m2\repository\org\springframework\boot\spring-boot-starter\2.6.2\spring-boot-starter-2.6.2.jar;C:\Users\sfjbs\.m2\repository\org\springframework\boot\spring-boot-starter-logging\2.6.2\spring-boot-starter-logging-2.6.2.jar;C:\Users\sfjbs\.m2\repository\ch\qos\logback\logback-classic\1.2.9\logback-classic-1.2.9.jar;C:\Users\sfjbs\.m2\repository\ch\qos\logback\logback-core\1.2.9\logback-core-1.2.9.jar;C:\Users\sfjbs\.m2\repository\org\apache\logging\log4j\log4j-to-slf4j\2.17.0\log4j-to-slf4j-2.17.0.jar;C:\Users\sfjbs\.m2\repository\org\apache\logging\log4j\log4j-api\2.17.0\log4j-api-2.17.0.jar;C:\Users\sfjbs\.m2\repository\org\slf4j\jul-to-slf4j\1.7.32\jul-to-slf4j-1.7.32.jar;C:\Users\sfjbs\.m2\repository\jakarta\annotation\jakarta.annotation-api\1.3.5\jakarta.annotation-api-1.3.5.jar;C:\Users\sfjbs\.m2\repository\org\yaml\snakeyaml\1.29\snakeyaml-1.29.jar;C:\Users\sfjbs\.m2\repository\org\springframework\boot\spring-boot-starter-json\2.6.2\spring-boot-starter-json-2.6.2.jar;C:\Users\sfjbs\.m2\repository\com\fasterxml\jackson\core\jackson-databind\2.13.1\jackson-databind-2.13.1.jar;C:\Users\sfjbs\.m2\repository\com\fasterxml\jackson\core\jackson-annotations\2.13.1\jackson-annotations-2.13.1.jar;C:\Users\sfjbs\.m2\repository\com\fasterxml\jackson\core\jackson-core\2.13.1\jackson-core-2.13.1.jar;C:\Users\sfjbs\.m2\repository\com\fasterxml\jackson\datatype\jackson-datatype-jdk8\2.13.1\jackson-datatype-jdk8-2.13.1.jar;C:\Users\sfjbs\.m2\repository\com\fasterxml\jackson\datatype\jackson-datatype-jsr310\2.13.1\jackson-datatype-jsr310-2.13.1.jar;C:\Users\sfjbs\.m2\repository\com\fasterxml\jackson\module\jackson-module-parameter-names\2.13.1\jackson-module-parameter-names-2.13.1.jar;C:\Users\sfjbs\.m2\repository\org\springframework\boot\spring-b
Launcher Type: SUN_STANDARD

[Global flags]
     intx CICompilerCount                          = 2                                         {product} {ergonomic}
     uint ConcGCThreads                            = 1                                         {product} {ergonomic}
     uint G1ConcRefinementThreads                  = 2                                         {product} {ergonomic}
   size_t G1HeapRegionSize                         = 1048576                                   {product} {ergonomic}
    uintx GCDrainStackTargetSize                   = 64                                        {product} {ergonomic}
   size_t InitialHeapSize                          = 134217728                                 {product} {ergonomic}
   size_t MarkStackSize                            = 4194304                                   {product} {ergonomic}
   size_t MaxHeapSize                              = 2147483648                                {product} {ergonomic}
   size_t MaxNewSize                               = 1287651328                                {product} {ergonomic}
   size_t MinHeapDeltaBytes                        = 1048576                                   {product} {ergonomic}
    uintx NonNMethodCodeHeapSize                   = 5825164                                {pd product} {ergonomic}
    uintx NonProfiledCodeHeapSize                  = 122916538                              {pd product} {ergonomic}
    uintx ProfiledCodeHeapSize                     = 122916538                              {pd product} {ergonomic}
    uintx ReservedCodeCacheSize                    = 251658240                              {pd product} {ergonomic}
     bool SegmentedCodeCache                       = true                                      {product} {ergonomic}
     bool UseCompressedClassPointers               = true                                 {lp64_product} {ergonomic}
     bool UseCompressedOops                        = true                                 {lp64_product} {ergonomic}
     bool UseG1GC                                  = true                                      {product} {ergonomic}
     bool UseLargePagesIndividualAllocation        = false                                  {pd product} {ergonomic}

Logging:
Log output configuration:
 #0: stdout all=warning uptime,level,tags
 #1: stderr all=off uptime,level,tags

Environment Variables:
PATH=C:\Program Files\Common Files\Oracle\Java\javapath;C:\Windows\system32;C:\Windows;C:\Windows\System32\Wbem;C:\Windows\System32\WindowsPowerShell\v1.0\;C:\Windows\System32\OpenSSH\;C:\Program Files\PuTTY\;C:\Program Files\Git\cmd;C:\Program Files\Docker\Docker\resources\bin;C:\ProgramData\DockerDesktop\version-bin;C:\Users\sfjbs\Downloads\apache-maven-3.8.6-bin\apache-maven-3.8.6\bin;C:\Users\sfjbs\Downloads\apache-maven-3.8.6-bin\apache-maven-3.8.6\lib;C:\Users\sfjbs\AppData\Local\Microsoft\WindowsApps;C:\Program Files\JetBrains\IntelliJ IDEA Community Edition 2022.2.1\bin;;C:\Users\sfjbs\Downloads\apache-maven-3.8.6-bin\apache-maven-3.8.6\bin;C:\Users\sfjbs\Downloads\apache-maven-3.8.6-bin\apache-maven-3.8.6\lib;
USERNAME=sfjbs
OS=Windows_NT
PROCESSOR_IDENTIFIER=Intel64 Family 6 Model 85 Stepping 7, GenuineIntel



---------------  S Y S T E M  ---------------

OS: Windows 10 , 64 bit Build 19041 (10.0.19041.1889)
Hyper-V role detected

CPU:total 2 (initial active 2) (1 cores per cpu, 2 threads per core) family 6 model 85 stepping 7 microcode 0xffffffff, cmov, cx8, fxsr, mmx, sse, sse2, sse3, ssse3, sse4.1, sse4.2, popcnt, avx, avx2, aes, clmul, erms, rtm, 3dnowpref, lzcnt, ht, tsc, bmi1, bmi2, adx, evex, fma

Memory: 4k page, system-wide physical 8190M (963M free)
TotalPageFile size 10238M (AvailPageFile size 22M)
current process WorkingSet (physical memory assigned to process): 123M, peak: 124M
current process commit charge ("private bytes"): 235M, peak: 346M

vm_info: Java HotSpot(TM) 64-Bit Server VM (11.0.15+8-LTS-149) for windows-amd64 JRE (11.0.15+8-LTS-149), built on Mar  9 2022 22:42:32 by "mach5one" with MS VC++ 15.9 (VS2017)

END.
