#
# There is insufficient memory for the Java Runtime Environment to continue.
# Native memory allocation (malloc) failed to allocate 1048576 bytes for AllocateHeap
# Possible reasons:
#   The system is out of physical RAM or swap space
#   The process is running with CompressedOops enabled, and the Java Heap may be blocking the growth of the native heap
# Possible solutions:
#   Reduce memory load on the system
#   Increase physical memory or swap space
#   Check if swap backing store is full
#   Decrease Java heap size (-Xmx/-Xms)
#   Decrease number of Java threads
#   Decrease Java thread stack sizes (-Xss)
#   Set larger code cache with -XX:ReservedCodeCacheSize=
#   JVM is running with Unscaled Compressed Oops mode in which the Java heap is
#     placed in the first 4GB address space. The Java Heap base address is the
#     maximum limit for the native heap growth. Please use -XX:HeapBaseMinAddress
#     to set the Java Heap base and to place the Java Heap above 4GB virtual address.
# This output file may be truncated or incomplete.
#
#  Out of Memory Error (./open/src/hotspot/share/memory/allocation.cpp:46), pid=40152, tid=58040
#
# JRE version: Java(TM) SE Runtime Environment 18.9 (11.0.15+8) (build 11.0.15+8-LTS-149)
# Java VM: Java HotSpot(TM) 64-Bit Server VM 18.9 (11.0.15+8-LTS-149, mixed mode, tiered, compressed oops, g1 gc, windows-amd64)
# No core dump will be written. Minidumps are not enabled by default on client versions of Windows
#

---------------  S U M M A R Y ------------

Command Line: -javaagent:C:\Program Files\JetBrains\IntelliJ IDEA Community Edition 2022.2.1\lib\idea_rt.jar=58755:C:\Program Files\JetBrains\IntelliJ IDEA Community Edition 2022.2.1\bin -Dfile.encoding=UTF-8 com.training.Microservice4Application

Host: Intel(R) Xeon(R) Platinum 8272CL CPU @ 2.60GHz, 2 cores, 7G,  Windows 10 , 64 bit Build 19041 (10.0.19041.1889)
Time: Thu Sep  8 04:24:43 2022 Coordinated Universal Time elapsed time: 0.388263 seconds (0d 0h 0m 0s)

---------------  T H R E A D  ---------------

Current thread (0x0000019bffb85800):  VMThread "VM Thread" [stack: 0x0000003960a00000,0x0000003960b00000] [id=58040]

Stack: [0x0000003960a00000,0x0000003960b00000]
[error occurred during error reporting (printing stack bounds), id 0xc0000005, EXCEPTION_ACCESS_VIOLATION (0xc0000005) at pc=0x0000019be9fc10e7]

Native frames: (J=compiled Java code, j=interpreted, Vv=VM code, C=native code)
V  [jvm.dll+0x629d8a]
V  [jvm.dll+0x7638ff]
V  [jvm.dll+0x764fa9]
V  [jvm.dll+0x765595]
V  [jvm.dll+0x76554b]
V  [jvm.dll+0x629273]
V  [jvm.dll+0x629988]
C  [ntdll.dll+0xa229f]
C  [ntdll.dll+0x51454]
C  [ntdll.dll+0xa0dce]
C  0x0000019be9fc10e7

VM_Operation (0x00000039604fa480): CollectForMetadataAllocation, mode: safepoint, requested by thread 0x0000019be2911000


---------------  P R O C E S S  ---------------

Threads class SMR info:
_java_thread_list=0x0000019b8091fa80, length=10, elements={
0x0000019be2911000, 0x0000019bffb88000, 0x0000019bffb93000, 0x0000019b80842800,
0x0000019bffba7000, 0x0000019bffba7800, 0x0000019bffba9000, 0x0000019b80854000,
0x0000019b8087a000, 0x0000019bffb25800
}

Java Threads: ( => current thread )
  0x0000019be2911000 JavaThread "main" [_thread_blocked, id=58492, stack(0x0000003960400000,0x0000003960500000)]
  0x0000019bffb88000 JavaThread "Reference Handler" daemon [_thread_blocked, id=69852, stack(0x0000003960b00000,0x0000003960c00000)]
  0x0000019bffb93000 JavaThread "Finalizer" daemon [_thread_blocked, id=20884, stack(0x0000003960c00000,0x0000003960d00000)]
  0x0000019b80842800 JavaThread "Signal Dispatcher" daemon [_thread_blocked, id=68068, stack(0x0000003960d00000,0x0000003960e00000)]
  0x0000019bffba7000 JavaThread "Attach Listener" daemon [_thread_blocked, id=54100, stack(0x0000003960e00000,0x0000003960f00000)]
  0x0000019bffba7800 JavaThread "Service Thread" daemon [_thread_blocked, id=20676, stack(0x0000003960f00000,0x0000003961000000)]
  0x0000019bffba9000 JavaThread "C2 CompilerThread0" daemon [_thread_blocked, id=76908, stack(0x0000003961000000,0x0000003961100000)]
  0x0000019b80854000 JavaThread "C1 CompilerThread0" daemon [_thread_blocked, id=74884, stack(0x0000003961100000,0x0000003961200000)]
  0x0000019b8087a000 JavaThread "Sweeper thread" daemon [_thread_blocked, id=69260, stack(0x0000003961200000,0x0000003961300000)]
  0x0000019bffb25800 JavaThread "Common-Cleaner" daemon [_thread_blocked, id=26892, stack(0x0000003961300000,0x0000003961400000)]

Other Threads:
=>0x0000019bffb85800 VMThread "VM Thread" [stack: 0x0000003960a00000,0x0000003960b00000] [id=58040]
  0x0000019be2926800 GCTaskThread "GC Thread#0" [stack: 0x0000003960500000,0x0000003960600000] [id=64244]
  0x0000019b80bf3800 GCTaskThread "GC Thread#1" [stack: 0x0000003961400000,0x0000003961500000] [id=68960]
  0x0000019be2958800 ConcurrentGCThread "G1 Main Marker" [stack: 0x0000003960600000,0x0000003960700000] [id=11732]
  0x0000019be2959800 ConcurrentGCThread "G1 Conc#0" [stack: 0x0000003960700000,0x0000003960800000] [id=36360]
  0x0000019be29e2800 ConcurrentGCThread "G1 Refine#0" [stack: 0x0000003960800000,0x0000003960900000] [id=20636]
  0x0000019be29e4800 ConcurrentGCThread "G1 Young RemSet Sampling" [stack: 0x0000003960900000,0x0000003960a00000] [id=35572]

Threads with active compile tasks:

VM state:at safepoint (normal execution)

VM Mutex/Monitor currently owned by a thread:  ([mutex/lock_event])
[0x0000019be290e9e0] Threads_lock - owner thread: 0x0000019bffb85800
[0x0000019be290d510] Heap_lock - owner thread: 0x0000019be2911000

Heap address: 0x0000000080000000, size: 2048 MB, Compressed Oops mode: 32-bit
Narrow klass base: 0x0000000000000000, Narrow klass shift: 3
Compressed class space size: 1073741824 Address: 0x0000000100000000

Heap:
 garbage-first heap   total 131072K, used 807K [0x0000000080000000, 0x0000000100000000)
  region size 1024K, 1 young (1024K), 1 survivors (1024K)
 Metaspace       used 5561K, capacity 5591K, committed 5632K, reserved 1064960K
  class space    used 481K, capacity 502K, committed 512K, reserved 1048576K
Heap Regions: E=young(eden), S=young(survivor), O=old, HS=humongous(starts), HC=humongous(continues), CS=collection set, F=free, A=archive, TAMS=top-at-mark-start (previous, next)
|   0|0x0000000080000000, 0x0000000080000000, 0x0000000080100000|  0%| F|  |TAMS 0x0000000080000000, 0x0000000080000000| Untracked 
|   1|0x0000000080100000, 0x0000000080100000, 0x0000000080200000|  0%| F|  |TAMS 0x0000000080100000, 0x0000000080100000| Untracked 
|   2|0x0000000080200000, 0x0000000080200000, 0x0000000080300000|  0%| F|  |TAMS 0x0000000080200000, 0x0000000080200000| Untracked 
|   3|0x0000000080300000, 0x0000000080300000, 0x0000000080400000|  0%| F|  |TAMS 0x0000000080300000, 0x0000000080300000| Untracked 
|   4|0x0000000080400000, 0x0000000080400000, 0x0000000080500000|  0%| F|  |TAMS 0x0000000080400000, 0x0000000080400000| Untracked 
|   5|0x0000000080500000, 0x0000000080500000, 0x0000000080600000|  0%| F|  |TAMS 0x0000000080500000, 0x0000000080500000| Untracked 
|   6|0x0000000080600000, 0x0000000080600000, 0x0000000080700000|  0%| F|  |TAMS 0x0000000080600000, 0x0000000080600000| Untracked 
|   7|0x0000000080700000, 0x0000000080700000, 0x0000000080800000|  0%| F|  |TAMS 0x0000000080700000, 0x0000000080700000| Untracked 
|   8|0x0000000080800000, 0x0000000080800000, 0x0000000080900000|  0%| F|  |TAMS 0x0000000080800000, 0x0000000080800000| Untracked 
|   9|0x0000000080900000, 0x0000000080900000, 0x0000000080a00000|  0%| F|  |TAMS 0x0000000080900000, 0x0000000080900000| Untracked 
|  10|0x0000000080a00000, 0x0000000080a00000, 0x0000000080b00000|  0%| F|  |TAMS 0x0000000080a00000, 0x0000000080a00000| Untracked 
|  11|0x0000000080b00000, 0x0000000080b00000, 0x0000000080c00000|  0%| F|  |TAMS 0x0000000080b00000, 0x0000000080b00000| Untracked 
|  12|0x0000000080c00000, 0x0000000080c00000, 0x0000000080d00000|  0%| F|  |TAMS 0x0000000080c00000, 0x0000000080c00000| Untracked 
|  13|0x0000000080d00000, 0x0000000080d00000, 0x0000000080e00000|  0%| F|  |TAMS 0x0000000080d00000, 0x0000000080d00000| Untracked 
|  14|0x0000000080e00000, 0x0000000080e00000, 0x0000000080f00000|  0%| F|  |TAMS 0x0000000080e00000, 0x0000000080e00000| Untracked 
|  15|0x0000000080f00000, 0x0000000080f00000, 0x0000000081000000|  0%| F|  |TAMS 0x0000000080f00000, 0x0000000080f00000| Untracked 
|  16|0x0000000081000000, 0x0000000081000000, 0x0000000081100000|  0%| F|  |TAMS 0x0000000081000000, 0x0000000081000000| Untracked 
|  17|0x0000000081100000, 0x0000000081100000, 0x0000000081200000|  0%| F|  |TAMS 0x0000000081100000, 0x0000000081100000| Untracked 
|  18|0x0000000081200000, 0x0000000081200000, 0x0000000081300000|  0%| F|  |TAMS 0x0000000081200000, 0x0000000081200000| Untracked 
|  19|0x0000000081300000, 0x0000000081300000, 0x0000000081400000|  0%| F|  |TAMS 0x0000000081300000, 0x0000000081300000| Untracked 
|  20|0x0000000081400000, 0x0000000081400000, 0x0000000081500000|  0%| F|  |TAMS 0x0000000081400000, 0x0000000081400000| Untracked 
|  21|0x0000000081500000, 0x0000000081500000, 0x0000000081600000|  0%| F|  |TAMS 0x0000000081500000, 0x0000000081500000| Untracked 
|  22|0x0000000081600000, 0x0000000081600000, 0x0000000081700000|  0%| F|  |TAMS 0x0000000081600000, 0x0000000081600000| Untracked 
|  23|0x0000000081700000, 0x0000000081700000, 0x0000000081800000|  0%| F|  |TAMS 0x0000000081700000, 0x0000000081700000| Untracked 
|  24|0x0000000081800000, 0x0000000081800000, 0x0000000081900000|  0%| F|  |TAMS 0x0000000081800000, 0x0000000081800000| Untracked 
|  25|0x0000000081900000, 0x0000000081900000, 0x0000000081a00000|  0%| F|  |TAMS 0x0000000081900000, 0x0000000081900000| Untracked 
|  26|0x0000000081a00000, 0x0000000081a00000, 0x0000000081b00000|  0%| F|  |TAMS 0x0000000081a00000, 0x0000000081a00000| Untracked 
|  27|0x0000000081b00000, 0x0000000081b00000, 0x0000000081c00000|  0%| F|  |TAMS 0x0000000081b00000, 0x0000000081b00000| Untracked 
|  28|0x0000000081c00000, 0x0000000081c00000, 0x0000000081d00000|  0%| F|  |TAMS 0x0000000081c00000, 0x0000000081c00000| Untracked 
|  29|0x0000000081d00000, 0x0000000081d00000, 0x0000000081e00000|  0%| F|  |TAMS 0x0000000081d00000, 0x0000000081d00000| Untracked 
|  30|0x0000000081e00000, 0x0000000081e00000, 0x0000000081f00000|  0%| F|  |TAMS 0x0000000081e00000, 0x0000000081e00000| Untracked 
|  31|0x0000000081f00000, 0x0000000081f00000, 0x0000000082000000|  0%| F|  |TAMS 0x0000000081f00000, 0x0000000081f00000| Untracked 
|  32|0x0000000082000000, 0x0000000082000000, 0x0000000082100000|  0%| F|  |TAMS 0x0000000082000000, 0x0000000082000000| Untracked 
|  33|0x0000000082100000, 0x0000000082100000, 0x0000000082200000|  0%| F|  |TAMS 0x0000000082100000, 0x0000000082100000| Untracked 
|  34|0x0000000082200000, 0x0000000082200000, 0x0000000082300000|  0%| F|  |TAMS 0x0000000082200000, 0x0000000082200000| Untracked 
|  35|0x0000000082300000, 0x0000000082300000, 0x0000000082400000|  0%| F|  |TAMS 0x0000000082300000, 0x0000000082300000| Untracked 
|  36|0x0000000082400000, 0x0000000082400000, 0x0000000082500000|  0%| F|  |TAMS 0x0000000082400000, 0x0000000082400000| Untracked 
|  37|0x0000000082500000, 0x0000000082500000, 0x0000000082600000|  0%| F|  |TAMS 0x0000000082500000, 0x0000000082500000| Untracked 
|  38|0x0000000082600000, 0x0000000082600000, 0x0000000082700000|  0%| F|  |TAMS 0x0000000082600000, 0x0000000082600000| Untracked 
|  39|0x0000000082700000, 0x0000000082700000, 0x0000000082800000|  0%| F|  |TAMS 0x0000000082700000, 0x0000000082700000| Untracked 
|  40|0x0000000082800000, 0x0000000082800000, 0x0000000082900000|  0%| F|  |TAMS 0x0000000082800000, 0x0000000082800000| Untracked 
|  41|0x0000000082900000, 0x0000000082900000, 0x0000000082a00000|  0%| F|  |TAMS 0x0000000082900000, 0x0000000082900000| Untracked 
|  42|0x0000000082a00000, 0x0000000082a00000, 0x0000000082b00000|  0%| F|  |TAMS 0x0000000082a00000, 0x0000000082a00000| Untracked 
|  43|0x0000000082b00000, 0x0000000082b00000, 0x0000000082c00000|  0%| F|  |TAMS 0x0000000082b00000, 0x0000000082b00000| Untracked 
|  44|0x0000000082c00000, 0x0000000082c00000, 0x0000000082d00000|  0%| F|  |TAMS 0x0000000082c00000, 0x0000000082c00000| Untracked 
|  45|0x0000000082d00000, 0x0000000082d00000, 0x0000000082e00000|  0%| F|  |TAMS 0x0000000082d00000, 0x0000000082d00000| Untracked 
|  46|0x0000000082e00000, 0x0000000082e00000, 0x0000000082f00000|  0%| F|  |TAMS 0x0000000082e00000, 0x0000000082e00000| Untracked 
|  47|0x0000000082f00000, 0x0000000082f00000, 0x0000000083000000|  0%| F|  |TAMS 0x0000000082f00000, 0x0000000082f00000| Untracked 
|  48|0x0000000083000000, 0x0000000083000000, 0x0000000083100000|  0%| F|  |TAMS 0x0000000083000000, 0x0000000083000000| Untracked 
|  49|0x0000000083100000, 0x0000000083100000, 0x0000000083200000|  0%| F|  |TAMS 0x0000000083100000, 0x0000000083100000| Untracked 
|  50|0x0000000083200000, 0x0000000083200000, 0x0000000083300000|  0%| F|  |TAMS 0x0000000083200000, 0x0000000083200000| Untracked 
|  51|0x0000000083300000, 0x0000000083300000, 0x0000000083400000|  0%| F|  |TAMS 0x0000000083300000, 0x0000000083300000| Untracked 
|  52|0x0000000083400000, 0x0000000083400000, 0x0000000083500000|  0%| F|  |TAMS 0x0000000083400000, 0x0000000083400000| Untracked 
|  53|0x0000000083500000, 0x0000000083500000, 0x0000000083600000|  0%| F|  |TAMS 0x0000000083500000, 0x0000000083500000| Untracked 
|  54|0x0000000083600000, 0x0000000083600000, 0x0000000083700000|  0%| F|  |TAMS 0x0000000083600000, 0x0000000083600000| Untracked 
|  55|0x0000000083700000, 0x0000000083700000, 0x0000000083800000|  0%| F|  |TAMS 0x0000000083700000, 0x0000000083700000| Untracked 
|  56|0x0000000083800000, 0x0000000083800000, 0x0000000083900000|  0%| F|  |TAMS 0x0000000083800000, 0x0000000083800000| Untracked 
|  57|0x0000000083900000, 0x0000000083900000, 0x0000000083a00000|  0%| F|  |TAMS 0x0000000083900000, 0x0000000083900000| Untracked 
|  58|0x0000000083a00000, 0x0000000083a00000, 0x0000000083b00000|  0%| F|  |TAMS 0x0000000083a00000, 0x0000000083a00000| Untracked 
|  59|0x0000000083b00000, 0x0000000083b00000, 0x0000000083c00000|  0%| F|  |TAMS 0x0000000083b00000, 0x0000000083b00000| Untracked 
|  60|0x0000000083c00000, 0x0000000083c00000, 0x0000000083d00000|  0%| F|  |TAMS 0x0000000083c00000, 0x0000000083c00000| Untracked 
|  61|0x0000000083d00000, 0x0000000083d00000, 0x0000000083e00000|  0%| F|  |TAMS 0x0000000083d00000, 0x0000000083d00000| Untracked 
|  62|0x0000000083e00000, 0x0000000083e00000, 0x0000000083f00000|  0%| F|  |TAMS 0x0000000083e00000, 0x0000000083e00000| Untracked 
|  63|0x0000000083f00000, 0x0000000083f00000, 0x0000000084000000|  0%| F|  |TAMS 0x0000000083f00000, 0x0000000083f00000| Untracked 
|  64|0x0000000084000000, 0x0000000084000000, 0x0000000084100000|  0%| F|  |TAMS 0x0000000084000000, 0x0000000084000000| Untracked 
|  65|0x0000000084100000, 0x0000000084100000, 0x0000000084200000|  0%| F|  |TAMS 0x0000000084100000, 0x0000000084100000| Untracked 
|  66|0x0000000084200000, 0x0000000084200000, 0x0000000084300000|  0%| F|  |TAMS 0x0000000084200000, 0x0000000084200000| Untracked 
|  67|0x0000000084300000, 0x0000000084300000, 0x0000000084400000|  0%| F|  |TAMS 0x0000000084300000, 0x0000000084300000| Untracked 
|  68|0x0000000084400000, 0x0000000084400000, 0x0000000084500000|  0%| F|  |TAMS 0x0000000084400000, 0x0000000084400000| Untracked 
|  69|0x0000000084500000, 0x0000000084500000, 0x0000000084600000|  0%| F|  |TAMS 0x0000000084500000, 0x0000000084500000| Untracked 
|  70|0x0000000084600000, 0x0000000084600000, 0x0000000084700000|  0%| F|  |TAMS 0x0000000084600000, 0x0000000084600000| Untracked 
|  71|0x0000000084700000, 0x0000000084700000, 0x0000000084800000|  0%| F|  |TAMS 0x0000000084700000, 0x0000000084700000| Untracked 
|  72|0x0000000084800000, 0x0000000084800000, 0x0000000084900000|  0%| F|  |TAMS 0x0000000084800000, 0x0000000084800000| Untracked 
|  73|0x0000000084900000, 0x0000000084900000, 0x0000000084a00000|  0%| F|  |TAMS 0x0000000084900000, 0x0000000084900000| Untracked 
|  74|0x0000000084a00000, 0x0000000084a00000, 0x0000000084b00000|  0%| F|  |TAMS 0x0000000084a00000, 0x0000000084a00000| Untracked 
|  75|0x0000000084b00000, 0x0000000084b00000, 0x0000000084c00000|  0%| F|  |TAMS 0x0000000084b00000, 0x0000000084b00000| Untracked 
|  76|0x0000000084c00000, 0x0000000084c00000, 0x0000000084d00000|  0%| F|  |TAMS 0x0000000084c00000, 0x0000000084c00000| Untracked 
|  77|0x0000000084d00000, 0x0000000084d00000, 0x0000000084e00000|  0%| F|  |TAMS 0x0000000084d00000, 0x0000000084d00000| Untracked 
|  78|0x0000000084e00000, 0x0000000084e00000, 0x0000000084f00000|  0%| F|  |TAMS 0x0000000084e00000, 0x0000000084e00000| Untracked 
|  79|0x0000000084f00000, 0x0000000084f00000, 0x0000000085000000|  0%| F|  |TAMS 0x0000000084f00000, 0x0000000084f00000| Untracked 
|  80|0x0000000085000000, 0x0000000085000000, 0x0000000085100000|  0%| F|  |TAMS 0x0000000085000000, 0x0000000085000000| Untracked 
|  81|0x0000000085100000, 0x0000000085100000, 0x0000000085200000|  0%| F|  |TAMS 0x0000000085100000, 0x0000000085100000| Untracked 
|  82|0x0000000085200000, 0x0000000085200000, 0x0000000085300000|  0%| F|  |TAMS 0x0000000085200000, 0x0000000085200000| Untracked 
|  83|0x0000000085300000, 0x0000000085300000, 0x0000000085400000|  0%| F|  |TAMS 0x0000000085300000, 0x0000000085300000| Untracked 
|  84|0x0000000085400000, 0x0000000085400000, 0x0000000085500000|  0%| F|  |TAMS 0x0000000085400000, 0x0000000085400000| Untracked 
|  85|0x0000000085500000, 0x0000000085500000, 0x0000000085600000|  0%| F|  |TAMS 0x0000000085500000, 0x0000000085500000| Untracked 
|  86|0x0000000085600000, 0x0000000085600000, 0x0000000085700000|  0%| F|  |TAMS 0x0000000085600000, 0x0000000085600000| Untracked 
|  87|0x0000000085700000, 0x0000000085700000, 0x0000000085800000|  0%| F|  |TAMS 0x0000000085700000, 0x0000000085700000| Untracked 
|  88|0x0000000085800000, 0x0000000085800000, 0x0000000085900000|  0%| F|  |TAMS 0x0000000085800000, 0x0000000085800000| Untracked 
|  89|0x0000000085900000, 0x0000000085900000, 0x0000000085a00000|  0%| F|  |TAMS 0x0000000085900000, 0x0000000085900000| Untracked 
|  90|0x0000000085a00000, 0x0000000085a00000, 0x0000000085b00000|  0%| F|  |TAMS 0x0000000085a00000, 0x0000000085a00000| Untracked 
|  91|0x0000000085b00000, 0x0000000085b00000, 0x0000000085c00000|  0%| F|  |TAMS 0x0000000085b00000, 0x0000000085b00000| Untracked 
|  92|0x0000000085c00000, 0x0000000085c00000, 0x0000000085d00000|  0%| F|  |TAMS 0x0000000085c00000, 0x0000000085c00000| Untracked 
|  93|0x0000000085d00000, 0x0000000085d00000, 0x0000000085e00000|  0%| F|  |TAMS 0x0000000085d00000, 0x0000000085d00000| Untracked 
|  94|0x0000000085e00000, 0x0000000085e00000, 0x0000000085f00000|  0%| F|  |TAMS 0x0000000085e00000, 0x0000000085e00000| Untracked 
|  95|0x0000000085f00000, 0x0000000085f00000, 0x0000000086000000|  0%| F|  |TAMS 0x0000000085f00000, 0x0000000085f00000| Untracked 
|  96|0x0000000086000000, 0x0000000086000000, 0x0000000086100000|  0%| F|  |TAMS 0x0000000086000000, 0x0000000086000000| Untracked 
|  97|0x0000000086100000, 0x0000000086100000, 0x0000000086200000|  0%| F|  |TAMS 0x0000000086100000, 0x0000000086100000| Untracked 
|  98|0x0000000086200000, 0x0000000086200000, 0x0000000086300000|  0%| F|  |TAMS 0x0000000086200000, 0x0000000086200000| Untracked 
|  99|0x0000000086300000, 0x0000000086300000, 0x0000000086400000|  0%| F|  |TAMS 0x0000000086300000, 0x0000000086300000| Untracked 
| 100|0x0000000086400000, 0x0000000086400000, 0x0000000086500000|  0%| F|  |TAMS 0x0000000086400000, 0x0000000086400000| Untracked 
| 101|0x0000000086500000, 0x0000000086500000, 0x0000000086600000|  0%| F|  |TAMS 0x0000000086500000, 0x0000000086500000| Untracked 
| 102|0x0000000086600000, 0x0000000086600000, 0x0000000086700000|  0%| F|  |TAMS 0x0000000086600000, 0x0000000086600000| Untracked 
| 103|0x0000000086700000, 0x0000000086700000, 0x0000000086800000|  0%| F|  |TAMS 0x0000000086700000, 0x0000000086700000| Untracked 
| 104|0x0000000086800000, 0x0000000086800000, 0x0000000086900000|  0%| F|  |TAMS 0x0000000086800000, 0x0000000086800000| Untracked 
| 105|0x0000000086900000, 0x0000000086900000, 0x0000000086a00000|  0%| F|  |TAMS 0x0000000086900000, 0x0000000086900000| Untracked 
| 106|0x0000000086a00000, 0x0000000086a00000, 0x0000000086b00000|  0%| F|  |TAMS 0x0000000086a00000, 0x0000000086a00000| Untracked 
| 107|0x0000000086b00000, 0x0000000086b00000, 0x0000000086c00000|  0%| F|  |TAMS 0x0000000086b00000, 0x0000000086b00000| Untracked 
| 108|0x0000000086c00000, 0x0000000086c00000, 0x0000000086d00000|  0%| F|  |TAMS 0x0000000086c00000, 0x0000000086c00000| Untracked 
| 109|0x0000000086d00000, 0x0000000086d00000, 0x0000000086e00000|  0%| F|  |TAMS 0x0000000086d00000, 0x0000000086d00000| Untracked 
| 110|0x0000000086e00000, 0x0000000086e00000, 0x0000000086f00000|  0%| F|  |TAMS 0x0000000086e00000, 0x0000000086e00000| Untracked 
| 111|0x0000000086f00000, 0x0000000086f00000, 0x0000000087000000|  0%| F|  |TAMS 0x0000000086f00000, 0x0000000086f00000| Untracked 
| 112|0x0000000087000000, 0x0000000087000000, 0x0000000087100000|  0%| F|  |TAMS 0x0000000087000000, 0x0000000087000000| Untracked 
| 113|0x0000000087100000, 0x0000000087100000, 0x0000000087200000|  0%| F|  |TAMS 0x0000000087100000, 0x0000000087100000| Untracked 
| 114|0x0000000087200000, 0x0000000087200000, 0x0000000087300000|  0%| F|  |TAMS 0x0000000087200000, 0x0000000087200000| Untracked 
| 115|0x0000000087300000, 0x0000000087300000, 0x0000000087400000|  0%| F|  |TAMS 0x0000000087300000, 0x0000000087300000| Untracked 
| 116|0x0000000087400000, 0x0000000087400000, 0x0000000087500000|  0%| F|  |TAMS 0x0000000087400000, 0x0000000087400000| Untracked 
| 117|0x0000000087500000, 0x0000000087500000, 0x0000000087600000|  0%| F|  |TAMS 0x0000000087500000, 0x0000000087500000| Untracked 
| 118|0x0000000087600000, 0x0000000087600000, 0x0000000087700000|  0%| F|  |TAMS 0x0000000087600000, 0x0000000087600000| Untracked 
| 119|0x0000000087700000, 0x0000000087700000, 0x0000000087800000|  0%| F|  |TAMS 0x0000000087700000, 0x0000000087700000| Untracked 
| 120|0x0000000087800000, 0x0000000087800000, 0x0000000087900000|  0%| F|  |TAMS 0x0000000087800000, 0x0000000087800000| Untracked 
| 121|0x0000000087900000, 0x0000000087900000, 0x0000000087a00000|  0%| F|  |TAMS 0x0000000087900000, 0x0000000087900000| Untracked 
| 122|0x0000000087a00000, 0x0000000087a00000, 0x0000000087b00000|  0%| F|  |TAMS 0x0000000087a00000, 0x0000000087a00000| Untracked 
| 123|0x0000000087b00000, 0x0000000087b00000, 0x0000000087c00000|  0%| F|  |TAMS 0x0000000087b00000, 0x0000000087b00000| Untracked 
| 124|0x0000000087c00000, 0x0000000087c00000, 0x0000000087d00000|  0%| F|  |TAMS 0x0000000087c00000, 0x0000000087c00000| Untracked 
| 125|0x0000000087d00000, 0x0000000087dc9e08, 0x0000000087e00000| 78%| S|CS|TAMS 0x0000000087d00000, 0x0000000087d00000| Complete 
| 126|0x0000000087e00000, 0x0000000087e00000, 0x0000000087f00000|  0%| F|  |TAMS 0x0000000087e00000, 0x0000000087e00000| Untracked 
| 127|0x0000000087f00000, 0x0000000087f00000, 0x0000000088000000|  0%| F|  |TAMS 0x0000000087f00000, 0x0000000087f00000| Untracked 

Card table byte_map: [0x0000019bf8fc0000,0x0000019bf93c0000] _byte_map_base: 0x0000019bf8bc0000

Marking Bits (Prev, Next): (CMBitMap*) 0x0000019be294f7a8, (CMBitMap*) 0x0000019be294f7e0
 Prev Bits: [0x0000019bf97c0000, 0x0000019bfb7c0000)
 Next Bits: [0x0000019bfb7c0000, 0x0000019bfd7c0000)

Polling page: 0x0000019be06b0000

Metaspace:

Usage:
  Non-class:      4.97 MB capacity,     4.96 MB (>99%) used,     6.28 KB ( <1%) free+waste,     2.50 KB ( <1%) overhead. 
      Class:    502.00 KB capacity,   481.27 KB ( 96%) used,    19.35 KB (  4%) free+waste,     1.38 KB ( <1%) overhead. 
       Both:      5.46 MB capacity,     5.43 MB (>99%) used,    25.63 KB ( <1%) free+waste,     3.88 KB ( <1%) overhead. 

Virtual space:
  Non-class space:       16.00 MB reserved,       5.00 MB ( 31%) committed 
      Class space:        1.00 GB reserved,     512.00 KB ( <1%) committed 
             Both:        1.02 GB reserved,       5.50 MB ( <1%) committed 

Chunk freelists:
   Non-Class:  3.88 KB
       Class:  1.25 KB
        Both:  5.13 KB

CodeHeap 'non-profiled nmethods': size=120064Kb used=63Kb max_used=63Kb free=120000Kb
 bounds [0x0000019bf1a80000, 0x0000019bf1cf0000, 0x0000019bf8fc0000]
CodeHeap 'profiled nmethods': size=120000Kb used=244Kb max_used=244Kb free=119756Kb
 bounds [0x0000019bea550000, 0x0000019bea7c0000, 0x0000019bf1a80000]
CodeHeap 'non-nmethods': size=5696Kb used=1058Kb max_used=1058Kb free=4637Kb
 bounds [0x0000019be9fc0000, 0x0000019bea230000, 0x0000019bea550000]
 total_blobs=544 nmethods=213 adapters=243
 compilation: enabled
              stopped_count=0, restarted_count=0
 full_count=0

Compilation events (10 events):
Event: 0.373 Thread 0x0000019b80854000  209       1       java.lang.Class::getModule (5 bytes)
Event: 0.373 Thread 0x0000019b80854000 nmethod 209 0x0000019bf1a8f890 code [0x0000019bf1a8fa20, 0x0000019bf1a8fad8]
Event: 0.376 Thread 0x0000019b80854000  210       3       java.lang.ref.WeakReference::<init> (6 bytes)
Event: 0.376 Thread 0x0000019b80854000 nmethod 210 0x0000019bea58c090 code [0x0000019bea58c240, 0x0000019bea58c538]
Event: 0.376 Thread 0x0000019b80854000  211       3       java.lang.invoke.MethodType::<init> (15 bytes)
Event: 0.376 Thread 0x0000019b80854000 nmethod 211 0x0000019bea58c690 code [0x0000019bea58c840, 0x0000019bea58ca58]
Event: 0.376 Thread 0x0000019b80854000  212       1       java.lang.invoke.MethodType::form (5 bytes)
Event: 0.376 Thread 0x0000019b80854000 nmethod 212 0x0000019bf1a8fb90 code [0x0000019bf1a8fd20, 0x0000019bf1a8fdd8]
Event: 0.378 Thread 0x0000019b80854000  213       3       java.lang.CharacterDataLatin1::toLowerCase (39 bytes)
Event: 0.378 Thread 0x0000019b80854000 nmethod 213 0x0000019bea58cb10 code [0x0000019bea58ccc0, 0x0000019bea58cef8]

GC Heap History (2 events):
Event: 0.382 GC heap before
{Heap before GC invocations=0 (full 0):
 garbage-first heap   total 131072K, used 1024K [0x0000000080000000, 0x0000000100000000)
  region size 1024K, 2 young (2048K), 0 survivors (0K)
 Metaspace       used 5561K, capacity 5591K, committed 5632K, reserved 1062912K
  class space    used 481K, capacity 502K, committed 512K, reserved 1048576K
}
Event: 0.385 GC heap after
{Heap after GC invocations=1 (full 0):
 garbage-first heap   total 131072K, used 807K [0x0000000080000000, 0x0000000100000000)
  region size 1024K, 1 young (1024K), 1 survivors (1024K)
 Metaspace       used 5561K, capacity 5591K, committed 5632K, reserved 1062912K
  class space    used 481K, capacity 502K, committed 512K, reserved 1048576K
}

Deoptimization events (1 events):
Event: 0.363 Thread 0x0000019be2911000 Uncommon trap: reason=unstable_if action=reinterpret pc=0x0000019bf1a86858 method=java.lang.String.isLatin1()Z @ 10 c2

Classes redefined (0 events):
No events

Internal exceptions (0 events):
No events

Events (10 events):
Event: 0.381 loading class java/lang/StringCoding$1
Event: 0.381 loading class java/lang/StringCoding$1 done
Event: 0.381 loading class java/util/jar/JarFile$JarFileEntry
Event: 0.381 loading class java/util/jar/JarEntry
Event: 0.381 loading class java/util/zip/ZipEntry
Event: 0.381 loading class java/util/zip/ZipEntry done
Event: 0.381 loading class java/util/jar/JarEntry done
Event: 0.381 loading class java/util/jar/JarFile$JarFileEntry done
Event: 0.381 loading class java/util/zip/ZipFile$ZipFileInputStream
Event: 0.381 Executing VM operation: CollectForMetadataAllocation


Dynamic libraries:
0x00007ff743e60000 - 0x00007ff743e6f000 	C:\Program Files\Java\jdk-11.0.15\bin\java.exe
0x00007ffcf0c50000 - 0x00007ffcf0e48000 	C:\Windows\SYSTEM32\ntdll.dll
0x00007ffceecb0000 - 0x00007ffceed6d000 	C:\Windows\System32\KERNEL32.DLL
0x00007ffcee9e0000 - 0x00007ffceecae000 	C:\Windows\System32\KERNELBASE.dll
0x00007ffcee7b0000 - 0x00007ffcee8b0000 	C:\Windows\System32\ucrtbase.dll
0x00007ffcdc5a0000 - 0x00007ffcdc5b5000 	C:\Program Files\Java\jdk-11.0.15\bin\VCRUNTIME140.dll
0x00007ffcdc5c0000 - 0x00007ffcdc5d8000 	C:\Program Files\Java\jdk-11.0.15\bin\jli.dll
0x00007ffcefdf0000 - 0x00007ffcefe9e000 	C:\Windows\System32\ADVAPI32.dll
0x00007ffcf0b50000 - 0x00007ffcf0bee000 	C:\Windows\System32\msvcrt.dll
0x00007ffceed70000 - 0x00007ffceee0c000 	C:\Windows\System32\sechost.dll
0x00007ffceefd0000 - 0x00007ffcef0f5000 	C:\Windows\System32\RPCRT4.dll
0x00007ffcf0620000 - 0x00007ffcf07c0000 	C:\Windows\System32\USER32.dll
0x00007ffcee3a0000 - 0x00007ffcee3c2000 	C:\Windows\System32\win32u.dll
0x00007ffcefea0000 - 0x00007ffcefeca000 	C:\Windows\System32\GDI32.dll
0x00007ffcee6a0000 - 0x00007ffcee7ab000 	C:\Windows\System32\gdi32full.dll
0x00007ffcee8b0000 - 0x00007ffcee94d000 	C:\Windows\System32\msvcp_win.dll
0x00007ffcdd260000 - 0x00007ffcdd4fa000 	C:\Windows\WinSxS\amd64_microsoft.windows.common-controls_6595b64144ccf1df_6.0.19041.1110_none_60b5254171f9507e\COMCTL32.dll
0x00007ffce6820000 - 0x00007ffce682a000 	C:\Windows\SYSTEM32\VERSION.dll
0x00007ffcef940000 - 0x00007ffcef970000 	C:\Windows\System32\IMM32.DLL
0x00007ffcd8710000 - 0x00007ffcd87ab000 	C:\Program Files\Java\jdk-11.0.15\bin\msvcp140.dll
0x00007ffcba660000 - 0x00007ffcbb176000 	C:\Program Files\Java\jdk-11.0.15\bin\server\jvm.dll
0x00007ffcef710000 - 0x00007ffcef718000 	C:\Windows\System32\PSAPI.DLL
0x00007ffce6d10000 - 0x00007ffce6d19000 	C:\Windows\SYSTEM32\WSOCK32.dll
0x00007ffcf08f0000 - 0x00007ffcf095b000 	C:\Windows\System32\WS2_32.dll
0x00007ffcdc520000 - 0x00007ffcdc547000 	C:\Windows\SYSTEM32\WINMM.dll
0x00007ffcec250000 - 0x00007ffcec262000 	C:\Windows\SYSTEM32\kernel.appcore.dll
0x00007ffcdeb40000 - 0x00007ffcdeb50000 	C:\Program Files\Java\jdk-11.0.15\bin\verify.dll
0x00007ffce6af0000 - 0x00007ffce6cd4000 	C:\Windows\SYSTEM32\DBGHELP.DLL
0x00007ffce6ac0000 - 0x00007ffce6aec000 	C:\Windows\SYSTEM32\dbgcore.DLL
0x00007ffcee950000 - 0x00007ffcee9d2000 	C:\Windows\System32\bcryptPrimitives.dll
0x00007ffcdc570000 - 0x00007ffcdc598000 	C:\Program Files\Java\jdk-11.0.15\bin\java.dll
0x00007ffcdc560000 - 0x00007ffcdc56a000 	C:\Program Files\Java\jdk-11.0.15\bin\jimage.dll
0x00007ffcdf670000 - 0x00007ffcdf67e000 	C:\Program Files\Java\jdk-11.0.15\bin\instrument.dll
0x00007ffcdc500000 - 0x00007ffcdc516000 	C:\Program Files\Java\jdk-11.0.15\bin\zip.dll
0x00007ffcefed0000 - 0x00007ffcf0614000 	C:\Windows\System32\SHELL32.dll
0x00007ffcec450000 - 0x00007ffcecbe4000 	C:\Windows\SYSTEM32\windows.storage.dll
0x00007ffcefa90000 - 0x00007ffcefde4000 	C:\Windows\System32\combase.dll
0x00007ffcedc20000 - 0x00007ffcedc50000 	C:\Windows\SYSTEM32\Wldp.dll
0x00007ffcf07c0000 - 0x00007ffcf086d000 	C:\Windows\System32\SHCORE.dll
0x00007ffcef5e0000 - 0x00007ffcef635000 	C:\Windows\System32\shlwapi.dll
0x00007ffcee2b0000 - 0x00007ffcee2cf000 	C:\Windows\SYSTEM32\profapi.dll
0x00007ffcdc4e0000 - 0x00007ffcdc4f9000 	C:\Program Files\Java\jdk-11.0.15\bin\net.dll
0x00007ffce56f0000 - 0x00007ffce57fa000 	C:\Windows\SYSTEM32\WINHTTP.dll
0x00007ffceda00000 - 0x00007ffceda6a000 	C:\Windows\system32\mswsock.dll
0x00007ffcdb560000 - 0x00007ffcdb572000 	C:\Program Files\Java\jdk-11.0.15\bin\nio.dll

dbghelp: loaded successfully - version: 4.0.5 - missing functions: none
symbol engine: initialized successfully - sym options: 0x614 - pdb path: .;C:\Program Files\Java\jdk-11.0.15\bin;C:\Windows\SYSTEM32;C:\Windows\WinSxS\amd64_microsoft.windows.common-controls_6595b64144ccf1df_6.0.19041.1110_none_60b5254171f9507e;C:\Program Files\Java\jdk-11.0.15\bin\server

VM Arguments:
jvm_args: -javaagent:C:\Program Files\JetBrains\IntelliJ IDEA Community Edition 2022.2.1\lib\idea_rt.jar=58755:C:\Program Files\JetBrains\IntelliJ IDEA Community Edition 2022.2.1\bin -Dfile.encoding=UTF-8 
java_command: com.training.Microservice4Application
java_class_path (initial): C:\Users\sfjbs\Downloads\cloud-sleuth-main\cloud-sleuth-main\microservice4\target\classes;C:\Users\sfjbs\.m2\repository\org\springframework\cloud\spring-cloud-starter-sleuth\2.1.2.RELEASE\spring-cloud-starter-sleuth-2.1.2.RELEASE.jar;C:\Users\sfjbs\.m2\repository\org\springframework\cloud\spring-cloud-starter\2.1.2.RELEASE\spring-cloud-starter-2.1.2.RELEASE.jar;C:\Users\sfjbs\.m2\repository\org\springframework\cloud\spring-cloud-context\2.1.2.RELEASE\spring-cloud-context-2.1.2.RELEASE.jar;C:\Users\sfjbs\.m2\repository\org\springframework\security\spring-security-crypto\5.1.6.RELEASE\spring-security-crypto-5.1.6.RELEASE.jar;C:\Users\sfjbs\.m2\repository\org\springframework\cloud\spring-cloud-commons\2.1.2.RELEASE\spring-cloud-commons-2.1.2.RELEASE.jar;C:\Users\sfjbs\.m2\repository\org\springframework\security\spring-security-rsa\1.0.7.RELEASE\spring-security-rsa-1.0.7.RELEASE.jar;C:\Users\sfjbs\.m2\repository\org\bouncycastle\bcpkix-jdk15on\1.60\bcpkix-jdk15on-1.60.jar;C:\Users\sfjbs\.m2\repository\org\bouncycastle\bcprov-jdk15on\1.60\bcprov-jdk15on-1.60.jar;C:\Users\sfjbs\.m2\repository\org\springframework\boot\spring-boot-starter-aop\2.1.7.RELEASE\spring-boot-starter-aop-2.1.7.RELEASE.jar;C:\Users\sfjbs\.m2\repository\org\springframework\spring-aop\5.1.9.RELEASE\spring-aop-5.1.9.RELEASE.jar;C:\Users\sfjbs\.m2\repository\org\aspectj\aspectjweaver\1.9.4\aspectjweaver-1.9.4.jar;C:\Users\sfjbs\.m2\repository\org\springframework\cloud\spring-cloud-sleuth-core\2.1.2.RELEASE\spring-cloud-sleuth-core-2.1.2.RELEASE.jar;C:\Users\sfjbs\.m2\repository\org\springframework\spring-context\5.1.9.RELEASE\spring-context-5.1.9.RELEASE.jar;C:\Users\sfjbs\.m2\repository\org\aspectj\aspectjrt\1.9.4\aspectjrt-1.9.4.jar;C:\Users\sfjbs\.m2\repository\io\zipkin\brave\brave\5.6.5\brave-5.6.5.jar;C:\Users\sfjbs\.m2\repository\io\zipkin\brave\brave-context-log4j2\5.6.5\brave-context-log4j2-5.6.5.jar;C:\Users\sfjbs\.m2\repository\io\zipkin\brave\brave-instrumentatio
Launcher Type: SUN_STANDARD

[Global flags]
     intx CICompilerCount                          = 2                                         {product} {ergonomic}
     uint ConcGCThreads                            = 1                                         {product} {ergonomic}
     uint G1ConcRefinementThreads                  = 2                                         {product} {ergonomic}
   size_t G1HeapRegionSize                         = 1048576                                   {product} {ergonomic}
    uintx GCDrainStackTargetSize                   = 64                                        {product} {ergonomic}
   size_t InitialHeapSize                          = 134217728                                 {product} {ergonomic}
   size_t MarkStackSize                            = 4194304                                   {product} {ergonomic}
   size_t MaxHeapSize                              = 2147483648                                {product} {ergonomic}
   size_t MaxNewSize                               = 1287651328                                {product} {ergonomic}
   size_t MinHeapDeltaBytes                        = 1048576                                   {product} {ergonomic}
    uintx NonNMethodCodeHeapSize                   = 5825164                                {pd product} {ergonomic}
    uintx NonProfiledCodeHeapSize                  = 122916538                              {pd product} {ergonomic}
    uintx ProfiledCodeHeapSize                     = 122916538                              {pd product} {ergonomic}
    uintx ReservedCodeCacheSize                    = 251658240                              {pd product} {ergonomic}
     bool SegmentedCodeCache                       = true                                      {product} {ergonomic}
     bool UseCompressedClassPointers               = true                                 {lp64_product} {ergonomic}
     bool UseCompressedOops                        = true                                 {lp64_product} {ergonomic}
     bool UseG1GC                                  = true                                      {product} {ergonomic}
     bool UseLargePagesIndividualAllocation        = false                                  {pd product} {ergonomic}

Logging:
Log output configuration:
 #0: stdout all=warning uptime,level,tags
 #1: stderr all=off uptime,level,tags

Environment Variables:
PATH=C:\Program Files\Common Files\Oracle\Java\javapath;C:\Windows\system32;C:\Windows;C:\Windows\System32\Wbem;C:\Windows\System32\WindowsPowerShell\v1.0\;C:\Windows\System32\OpenSSH\;C:\Program Files\PuTTY\;C:\Program Files\Git\cmd;C:\Program Files\Docker\Docker\resources\bin;C:\ProgramData\DockerDesktop\version-bin;C:\Users\sfjbs\Downloads\apache-maven-3.8.6-bin\apache-maven-3.8.6\bin;C:\Users\sfjbs\Downloads\apache-maven-3.8.6-bin\apache-maven-3.8.6\lib;C:\Users\sfjbs\AppData\Local\Microsoft\WindowsApps;C:\Program Files\JetBrains\IntelliJ IDEA Community Edition 2022.2.1\bin;;C:\Users\sfjbs\Downloads\apache-maven-3.8.6-bin\apache-maven-3.8.6\bin;C:\Users\sfjbs\Downloads\apache-maven-3.8.6-bin\apache-maven-3.8.6\lib;
USERNAME=sfjbs
OS=Windows_NT
PROCESSOR_IDENTIFIER=Intel64 Family 6 Model 85 Stepping 7, GenuineIntel



---------------  S Y S T E M  ---------------

OS: Windows 10 , 64 bit Build 19041 (10.0.19041.1889)
Hyper-V role detected

CPU:total 2 (initial active 2) (1 cores per cpu, 2 threads per core) family 6 model 85 stepping 7 microcode 0xffffffff, cmov, cx8, fxsr, mmx, sse, sse2, sse3, ssse3, sse4.1, sse4.2, popcnt, avx, avx2, aes, clmul, erms, rtm, 3dnowpref, lzcnt, ht, tsc, bmi1, bmi2, adx, evex, fma

Memory: 4k page, system-wide physical 8190M (1234M free)
TotalPageFile size 10238M (AvailPageFile size 4M)
current process WorkingSet (physical memory assigned to process): 36M, peak: 36M
current process commit charge ("private bytes"): 193M, peak: 194M

vm_info: Java HotSpot(TM) 64-Bit Server VM (11.0.15+8-LTS-149) for windows-amd64 JRE (11.0.15+8-LTS-149), built on Mar  9 2022 22:42:32 by "mach5one" with MS VC++ 15.9 (VS2017)

END.
