#
# There is insufficient memory for the Java Runtime Environment to continue.
# Native memory allocation (mmap) failed to map 27262976 bytes for Failed to commit area from 0x0000000088000000 to 0x0000000089a00000 of length 27262976.
# Possible reasons:
#   The system is out of physical RAM or swap space
#   The process is running with CompressedOops enabled, and the Java Heap may be blocking the growth of the native heap
# Possible solutions:
#   Reduce memory load on the system
#   Increase physical memory or swap space
#   Check if swap backing store is full
#   Decrease Java heap size (-Xmx/-Xms)
#   Decrease number of Java threads
#   Decrease Java thread stack sizes (-Xss)
#   Set larger code cache with -XX:ReservedCodeCacheSize=
#   JVM is running with Unscaled Compressed Oops mode in which the Java heap is
#     placed in the first 4GB address space. The Java Heap base address is the
#     maximum limit for the native heap growth. Please use -XX:HeapBaseMinAddress
#     to set the Java Heap base and to place the Java Heap above 4GB virtual address.
# This output file may be truncated or incomplete.
#
#  Out of Memory Error (./open/src/hotspot/os/windows/os_windows.cpp:3287), pid=45960, tid=52360
#
# JRE version: Java(TM) SE Runtime Environment 18.9 (11.0.15+8) (build 11.0.15+8-LTS-149)
# Java VM: Java HotSpot(TM) 64-Bit Server VM 18.9 (11.0.15+8-LTS-149, mixed mode, tiered, compressed oops, g1 gc, windows-amd64)
# No core dump will be written. Minidumps are not enabled by default on client versions of Windows
#

---------------  S U M M A R Y ------------

Command Line: -javaagent:C:\Program Files\JetBrains\IntelliJ IDEA Community Edition 2022.2.1\lib\idea_rt.jar=55937:C:\Program Files\JetBrains\IntelliJ IDEA Community Edition 2022.2.1\bin -Dfile.encoding=UTF-8 com.training.springeurekaclient.SpringEurekaClientApplication

Host: Intel(R) Xeon(R) Platinum 8272CL CPU @ 2.60GHz, 2 cores, 7G,  Windows 10 , 64 bit Build 19041 (10.0.19041.1889)
Time: Tue Sep  6 05:14:32 2022 Coordinated Universal Time elapsed time: 2.215584 seconds (0d 0h 0m 2s)

---------------  T H R E A D  ---------------

Current thread (0x000001ce3445a000):  VMThread "VM Thread" [stack: 0x00000073a3800000,0x00000073a3900000] [id=52360]

Stack: [0x00000073a3800000,0x00000073a3900000]
[error occurred during error reporting (printing stack bounds), id 0xc0000005, EXCEPTION_ACCESS_VIOLATION (0xc0000005) at pc=0x000001ce1e8410e7]

Native frames: (J=compiled Java code, j=interpreted, Vv=VM code, C=native code)
V  [jvm.dll+0x629d8a]
V  [jvm.dll+0x7638ff]
V  [jvm.dll+0x764fa9]
V  [jvm.dll+0x765595]
V  [jvm.dll+0x76554b]
V  [jvm.dll+0x629273]
V  [jvm.dll+0x629988]
C  [ntdll.dll+0xa229f]
C  [ntdll.dll+0x51454]
C  [ntdll.dll+0xa0dce]
C  0x000001ce1e8410e7

VM_Operation (0x00000073a45fbf00): CollectForMetadataAllocation, mode: safepoint, requested by thread 0x000001ce3598f000


---------------  P R O C E S S  ---------------

Threads class SMR info:
_java_thread_list=0x000001ce360e5820, length=12, elements={
0x000001ce17193800, 0x000001ce3445b000, 0x000001ce3445c000, 0x000001ce34df2800,
0x000001ce34478800, 0x000001ce34479000, 0x000001ce3447d000, 0x000001ce34480000,
0x000001ce34494000, 0x000001ce34f41000, 0x000001ce35383800, 0x000001ce3598f000
}

Java Threads: ( => current thread )
  0x000001ce17193800 JavaThread "main" [_thread_blocked, id=68772, stack(0x00000073a3200000,0x00000073a3300000)]
  0x000001ce3445b000 JavaThread "Reference Handler" daemon [_thread_blocked, id=63128, stack(0x00000073a3900000,0x00000073a3a00000)]
  0x000001ce3445c000 JavaThread "Finalizer" daemon [_thread_blocked, id=14280, stack(0x00000073a3a00000,0x00000073a3b00000)]
  0x000001ce34df2800 JavaThread "Signal Dispatcher" daemon [_thread_blocked, id=23360, stack(0x00000073a3b00000,0x00000073a3c00000)]
  0x000001ce34478800 JavaThread "Attach Listener" daemon [_thread_blocked, id=66276, stack(0x00000073a3c00000,0x00000073a3d00000)]
  0x000001ce34479000 JavaThread "Service Thread" daemon [_thread_blocked, id=46592, stack(0x00000073a3d00000,0x00000073a3e00000)]
  0x000001ce3447d000 JavaThread "C2 CompilerThread0" daemon [_thread_blocked, id=15388, stack(0x00000073a3e00000,0x00000073a3f00000)]
  0x000001ce34480000 JavaThread "C1 CompilerThread0" daemon [_thread_blocked, id=71420, stack(0x00000073a3f00000,0x00000073a4000000)]
  0x000001ce34494000 JavaThread "Sweeper thread" daemon [_thread_blocked, id=38928, stack(0x00000073a4000000,0x00000073a4100000)]
  0x000001ce34f41000 JavaThread "Common-Cleaner" daemon [_thread_blocked, id=49736, stack(0x00000073a4100000,0x00000073a4200000)]
  0x000001ce35383800 JavaThread "Monitor Ctrl-Break" daemon [_thread_in_native, id=31896, stack(0x00000073a4200000,0x00000073a4300000)]
  0x000001ce3598f000 JavaThread "background-preinit" [_thread_blocked, id=11812, stack(0x00000073a4500000,0x00000073a4600000)]

Other Threads:
=>0x000001ce3445a000 VMThread "VM Thread" [stack: 0x00000073a3800000,0x00000073a3900000] [id=52360]
  0x000001ce35176800 WatcherThread [stack: 0x00000073a4300000,0x00000073a4400000] [id=73400]
  0x000001ce171a9000 GCTaskThread "GC Thread#0" [stack: 0x00000073a3300000,0x00000073a3400000] [id=7564]
  0x000001ce353e6800 GCTaskThread "GC Thread#1" [stack: 0x00000073a4400000,0x00000073a4500000] [id=60796]
  0x000001ce171da800 ConcurrentGCThread "G1 Main Marker" [stack: 0x00000073a3400000,0x00000073a3500000] [id=22248]
  0x000001ce171de000 ConcurrentGCThread "G1 Conc#0" [stack: 0x00000073a3500000,0x00000073a3600000] [id=48260]
  0x000001ce17264000 ConcurrentGCThread "G1 Refine#0" [stack: 0x00000073a3600000,0x00000073a3700000] [id=25736]
  0x000001ce17266000 ConcurrentGCThread "G1 Young RemSet Sampling" [stack: 0x00000073a3700000,0x00000073a3800000] [id=71320]

Threads with active compile tasks:

VM state:at safepoint (normal execution)

VM Mutex/Monitor currently owned by a thread:  ([mutex/lock_event])
[0x000001ce17191470] Threads_lock - owner thread: 0x000001ce3445a000
[0x000001ce17191bc0] Heap_lock - owner thread: 0x000001ce3598f000

Heap address: 0x0000000080000000, size: 2048 MB, Compressed Oops mode: 32-bit
Narrow klass base: 0x0000000000000000, Narrow klass shift: 3
Compressed class space size: 1073741824 Address: 0x0000000100000000

Heap:
 garbage-first heap   total 157696K, used 7656K [0x0000000080000000, 0x0000000100000000)
  region size 1024K, 2 young (2048K), 2 survivors (2048K)
 Metaspace       used 20813K, capacity 21224K, committed 21296K, reserved 1069056K
  class space    used 2227K, capacity 2417K, committed 2432K, reserved 1048576K
Heap Regions: E=young(eden), S=young(survivor), O=old, HS=humongous(starts), HC=humongous(continues), CS=collection set, F=free, A=archive, TAMS=top-at-mark-start (previous, next)
|   0|0x0000000080000000, 0x0000000080100000, 0x0000000080100000|100%| O|  |TAMS 0x0000000080000000, 0x0000000080100000| Untracked 
|   1|0x0000000080100000, 0x0000000080200000, 0x0000000080200000|100%| O|  |TAMS 0x0000000080100000, 0x0000000080200000| Untracked 
|   2|0x0000000080200000, 0x0000000080300000, 0x0000000080300000|100%| O|  |TAMS 0x0000000080200000, 0x0000000080300000| Untracked 
|   3|0x0000000080300000, 0x0000000080400000, 0x0000000080400000|100%| O|  |TAMS 0x0000000080300000, 0x0000000080400000| Untracked 
|   4|0x0000000080400000, 0x0000000080500000, 0x0000000080500000|100%| O|  |TAMS 0x0000000080400000, 0x0000000080500000| Untracked 
|   5|0x0000000080500000, 0x00000000805de400, 0x0000000080600000| 86%| O|  |TAMS 0x0000000080500000, 0x00000000805de400| Untracked 
|   6|0x0000000080600000, 0x0000000080600000, 0x0000000080700000|  0%| F|  |TAMS 0x0000000080600000, 0x0000000080600000| Untracked 
|   7|0x0000000080700000, 0x0000000080700000, 0x0000000080800000|  0%| F|  |TAMS 0x0000000080700000, 0x0000000080700000| Untracked 
|   8|0x0000000080800000, 0x0000000080800000, 0x0000000080900000|  0%| F|  |TAMS 0x0000000080800000, 0x0000000080800000| Untracked 
|   9|0x0000000080900000, 0x0000000080900000, 0x0000000080a00000|  0%| F|  |TAMS 0x0000000080900000, 0x0000000080900000| Untracked 
|  10|0x0000000080a00000, 0x0000000080a00000, 0x0000000080b00000|  0%| F|  |TAMS 0x0000000080a00000, 0x0000000080a00000| Untracked 
|  11|0x0000000080b00000, 0x0000000080b00000, 0x0000000080c00000|  0%| F|  |TAMS 0x0000000080b00000, 0x0000000080b00000| Untracked 
|  12|0x0000000080c00000, 0x0000000080c00000, 0x0000000080d00000|  0%| F|  |TAMS 0x0000000080c00000, 0x0000000080c00000| Untracked 
|  13|0x0000000080d00000, 0x0000000080d00000, 0x0000000080e00000|  0%| F|  |TAMS 0x0000000080d00000, 0x0000000080d00000| Untracked 
|  14|0x0000000080e00000, 0x0000000080e00000, 0x0000000080f00000|  0%| F|  |TAMS 0x0000000080e00000, 0x0000000080e00000| Untracked 
|  15|0x0000000080f00000, 0x0000000080f00000, 0x0000000081000000|  0%| F|  |TAMS 0x0000000080f00000, 0x0000000080f00000| Untracked 
|  16|0x0000000081000000, 0x0000000081000000, 0x0000000081100000|  0%| F|  |TAMS 0x0000000081000000, 0x0000000081000000| Untracked 
|  17|0x0000000081100000, 0x0000000081100000, 0x0000000081200000|  0%| F|  |TAMS 0x0000000081100000, 0x0000000081100000| Untracked 
|  18|0x0000000081200000, 0x0000000081200000, 0x0000000081300000|  0%| F|  |TAMS 0x0000000081200000, 0x0000000081200000| Untracked 
|  19|0x0000000081300000, 0x0000000081300000, 0x0000000081400000|  0%| F|  |TAMS 0x0000000081300000, 0x0000000081300000| Untracked 
|  20|0x0000000081400000, 0x0000000081400000, 0x0000000081500000|  0%| F|  |TAMS 0x0000000081400000, 0x0000000081400000| Untracked 
|  21|0x0000000081500000, 0x0000000081500000, 0x0000000081600000|  0%| F|  |TAMS 0x0000000081500000, 0x0000000081500000| Untracked 
|  22|0x0000000081600000, 0x0000000081600000, 0x0000000081700000|  0%| F|  |TAMS 0x0000000081600000, 0x0000000081600000| Untracked 
|  23|0x0000000081700000, 0x0000000081700000, 0x0000000081800000|  0%| F|  |TAMS 0x0000000081700000, 0x0000000081700000| Untracked 
|  24|0x0000000081800000, 0x0000000081800000, 0x0000000081900000|  0%| F|  |TAMS 0x0000000081800000, 0x0000000081800000| Untracked 
|  25|0x0000000081900000, 0x0000000081900000, 0x0000000081a00000|  0%| F|  |TAMS 0x0000000081900000, 0x0000000081900000| Untracked 
|  26|0x0000000081a00000, 0x0000000081a00000, 0x0000000081b00000|  0%| F|  |TAMS 0x0000000081a00000, 0x0000000081a00000| Untracked 
|  27|0x0000000081b00000, 0x0000000081b00000, 0x0000000081c00000|  0%| F|  |TAMS 0x0000000081b00000, 0x0000000081b00000| Untracked 
|  28|0x0000000081c00000, 0x0000000081c00000, 0x0000000081d00000|  0%| F|  |TAMS 0x0000000081c00000, 0x0000000081c00000| Untracked 
|  29|0x0000000081d00000, 0x0000000081d00000, 0x0000000081e00000|  0%| F|  |TAMS 0x0000000081d00000, 0x0000000081d00000| Untracked 
|  30|0x0000000081e00000, 0x0000000081e00000, 0x0000000081f00000|  0%| F|  |TAMS 0x0000000081e00000, 0x0000000081e00000| Untracked 
|  31|0x0000000081f00000, 0x0000000081f00000, 0x0000000082000000|  0%| F|  |TAMS 0x0000000081f00000, 0x0000000081f00000| Untracked 
|  32|0x0000000082000000, 0x0000000082000000, 0x0000000082100000|  0%| F|  |TAMS 0x0000000082000000, 0x0000000082000000| Untracked 
|  33|0x0000000082100000, 0x0000000082100000, 0x0000000082200000|  0%| F|  |TAMS 0x0000000082100000, 0x0000000082100000| Untracked 
|  34|0x0000000082200000, 0x0000000082200000, 0x0000000082300000|  0%| F|  |TAMS 0x0000000082200000, 0x0000000082200000| Untracked 
|  35|0x0000000082300000, 0x0000000082300000, 0x0000000082400000|  0%| F|  |TAMS 0x0000000082300000, 0x0000000082300000| Untracked 
|  36|0x0000000082400000, 0x0000000082400000, 0x0000000082500000|  0%| F|  |TAMS 0x0000000082400000, 0x0000000082400000| Untracked 
|  37|0x0000000082500000, 0x0000000082500000, 0x0000000082600000|  0%| F|  |TAMS 0x0000000082500000, 0x0000000082500000| Untracked 
|  38|0x0000000082600000, 0x0000000082600000, 0x0000000082700000|  0%| F|  |TAMS 0x0000000082600000, 0x0000000082600000| Untracked 
|  39|0x0000000082700000, 0x0000000082700000, 0x0000000082800000|  0%| F|  |TAMS 0x0000000082700000, 0x0000000082700000| Untracked 
|  40|0x0000000082800000, 0x0000000082800000, 0x0000000082900000|  0%| F|  |TAMS 0x0000000082800000, 0x0000000082800000| Untracked 
|  41|0x0000000082900000, 0x0000000082900000, 0x0000000082a00000|  0%| F|  |TAMS 0x0000000082900000, 0x0000000082900000| Untracked 
|  42|0x0000000082a00000, 0x0000000082a00000, 0x0000000082b00000|  0%| F|  |TAMS 0x0000000082a00000, 0x0000000082a00000| Untracked 
|  43|0x0000000082b00000, 0x0000000082b00000, 0x0000000082c00000|  0%| F|  |TAMS 0x0000000082b00000, 0x0000000082b00000| Untracked 
|  44|0x0000000082c00000, 0x0000000082c00000, 0x0000000082d00000|  0%| F|  |TAMS 0x0000000082c00000, 0x0000000082c00000| Untracked 
|  45|0x0000000082d00000, 0x0000000082d00000, 0x0000000082e00000|  0%| F|  |TAMS 0x0000000082d00000, 0x0000000082d00000| Untracked 
|  46|0x0000000082e00000, 0x0000000082e00000, 0x0000000082f00000|  0%| F|  |TAMS 0x0000000082e00000, 0x0000000082e00000| Untracked 
|  47|0x0000000082f00000, 0x0000000082f00000, 0x0000000083000000|  0%| F|  |TAMS 0x0000000082f00000, 0x0000000082f00000| Untracked 
|  48|0x0000000083000000, 0x0000000083000000, 0x0000000083100000|  0%| F|  |TAMS 0x0000000083000000, 0x0000000083000000| Untracked 
|  49|0x0000000083100000, 0x0000000083100000, 0x0000000083200000|  0%| F|  |TAMS 0x0000000083100000, 0x0000000083100000| Untracked 
|  50|0x0000000083200000, 0x0000000083200000, 0x0000000083300000|  0%| F|  |TAMS 0x0000000083200000, 0x0000000083200000| Untracked 
|  51|0x0000000083300000, 0x0000000083300000, 0x0000000083400000|  0%| F|  |TAMS 0x0000000083300000, 0x0000000083300000| Untracked 
|  52|0x0000000083400000, 0x0000000083400000, 0x0000000083500000|  0%| F|  |TAMS 0x0000000083400000, 0x0000000083400000| Untracked 
|  53|0x0000000083500000, 0x0000000083500000, 0x0000000083600000|  0%| F|  |TAMS 0x0000000083500000, 0x0000000083500000| Untracked 
|  54|0x0000000083600000, 0x0000000083600000, 0x0000000083700000|  0%| F|  |TAMS 0x0000000083600000, 0x0000000083600000| Untracked 
|  55|0x0000000083700000, 0x0000000083700000, 0x0000000083800000|  0%| F|  |TAMS 0x0000000083700000, 0x0000000083700000| Untracked 
|  56|0x0000000083800000, 0x0000000083800000, 0x0000000083900000|  0%| F|  |TAMS 0x0000000083800000, 0x0000000083800000| Untracked 
|  57|0x0000000083900000, 0x0000000083900000, 0x0000000083a00000|  0%| F|  |TAMS 0x0000000083900000, 0x0000000083900000| Untracked 
|  58|0x0000000083a00000, 0x0000000083a00000, 0x0000000083b00000|  0%| F|  |TAMS 0x0000000083a00000, 0x0000000083a00000| Untracked 
|  59|0x0000000083b00000, 0x0000000083b00000, 0x0000000083c00000|  0%| F|  |TAMS 0x0000000083b00000, 0x0000000083b00000| Untracked 
|  60|0x0000000083c00000, 0x0000000083c00000, 0x0000000083d00000|  0%| F|  |TAMS 0x0000000083c00000, 0x0000000083c00000| Untracked 
|  61|0x0000000083d00000, 0x0000000083d00000, 0x0000000083e00000|  0%| F|  |TAMS 0x0000000083d00000, 0x0000000083d00000| Untracked 
|  62|0x0000000083e00000, 0x0000000083e00000, 0x0000000083f00000|  0%| F|  |TAMS 0x0000000083e00000, 0x0000000083e00000| Untracked 
|  63|0x0000000083f00000, 0x0000000083f00000, 0x0000000084000000|  0%| F|  |TAMS 0x0000000083f00000, 0x0000000083f00000| Untracked 
|  64|0x0000000084000000, 0x0000000084000000, 0x0000000084100000|  0%| F|  |TAMS 0x0000000084000000, 0x0000000084000000| Untracked 
|  65|0x0000000084100000, 0x0000000084100000, 0x0000000084200000|  0%| F|  |TAMS 0x0000000084100000, 0x0000000084100000| Untracked 
|  66|0x0000000084200000, 0x0000000084200000, 0x0000000084300000|  0%| F|  |TAMS 0x0000000084200000, 0x0000000084200000| Untracked 
|  67|0x0000000084300000, 0x0000000084300000, 0x0000000084400000|  0%| F|  |TAMS 0x0000000084300000, 0x0000000084300000| Untracked 
|  68|0x0000000084400000, 0x0000000084400000, 0x0000000084500000|  0%| F|  |TAMS 0x0000000084400000, 0x0000000084400000| Untracked 
|  69|0x0000000084500000, 0x0000000084500000, 0x0000000084600000|  0%| F|  |TAMS 0x0000000084500000, 0x0000000084500000| Untracked 
|  70|0x0000000084600000, 0x0000000084600000, 0x0000000084700000|  0%| F|  |TAMS 0x0000000084600000, 0x0000000084600000| Untracked 
|  71|0x0000000084700000, 0x0000000084700000, 0x0000000084800000|  0%| F|  |TAMS 0x0000000084700000, 0x0000000084700000| Untracked 
|  72|0x0000000084800000, 0x0000000084800000, 0x0000000084900000|  0%| F|  |TAMS 0x0000000084800000, 0x0000000084800000| Untracked 
|  73|0x0000000084900000, 0x0000000084900000, 0x0000000084a00000|  0%| F|  |TAMS 0x0000000084900000, 0x0000000084900000| Untracked 
|  74|0x0000000084a00000, 0x0000000084a00000, 0x0000000084b00000|  0%| F|  |TAMS 0x0000000084a00000, 0x0000000084a00000| Untracked 
|  75|0x0000000084b00000, 0x0000000084b00000, 0x0000000084c00000|  0%| F|  |TAMS 0x0000000084b00000, 0x0000000084b00000| Untracked 
|  76|0x0000000084c00000, 0x0000000084c00000, 0x0000000084d00000|  0%| F|  |TAMS 0x0000000084c00000, 0x0000000084c00000| Untracked 
|  77|0x0000000084d00000, 0x0000000084d00000, 0x0000000084e00000|  0%| F|  |TAMS 0x0000000084d00000, 0x0000000084d00000| Untracked 
|  78|0x0000000084e00000, 0x0000000084e00000, 0x0000000084f00000|  0%| F|  |TAMS 0x0000000084e00000, 0x0000000084e00000| Untracked 
|  79|0x0000000084f00000, 0x0000000084f00000, 0x0000000085000000|  0%| F|  |TAMS 0x0000000084f00000, 0x0000000084f00000| Untracked 
|  80|0x0000000085000000, 0x0000000085000000, 0x0000000085100000|  0%| F|  |TAMS 0x0000000085000000, 0x0000000085000000| Untracked 
|  81|0x0000000085100000, 0x0000000085100000, 0x0000000085200000|  0%| F|  |TAMS 0x0000000085100000, 0x0000000085100000| Untracked 
|  82|0x0000000085200000, 0x0000000085200000, 0x0000000085300000|  0%| F|  |TAMS 0x0000000085200000, 0x0000000085200000| Untracked 
|  83|0x0000000085300000, 0x0000000085300000, 0x0000000085400000|  0%| F|  |TAMS 0x0000000085300000, 0x0000000085300000| Untracked 
|  84|0x0000000085400000, 0x0000000085400000, 0x0000000085500000|  0%| F|  |TAMS 0x0000000085400000, 0x0000000085400000| Untracked 
|  85|0x0000000085500000, 0x0000000085500000, 0x0000000085600000|  0%| F|  |TAMS 0x0000000085500000, 0x0000000085500000| Untracked 
|  86|0x0000000085600000, 0x0000000085600000, 0x0000000085700000|  0%| F|  |TAMS 0x0000000085600000, 0x0000000085600000| Untracked 
|  87|0x0000000085700000, 0x0000000085700000, 0x0000000085800000|  0%| F|  |TAMS 0x0000000085700000, 0x0000000085700000| Untracked 
|  88|0x0000000085800000, 0x0000000085800000, 0x0000000085900000|  0%| F|  |TAMS 0x0000000085800000, 0x0000000085800000| Untracked 
|  89|0x0000000085900000, 0x0000000085900000, 0x0000000085a00000|  0%| F|  |TAMS 0x0000000085900000, 0x0000000085900000| Untracked 
|  90|0x0000000085a00000, 0x0000000085a00000, 0x0000000085b00000|  0%| F|  |TAMS 0x0000000085a00000, 0x0000000085a00000| Untracked 
|  91|0x0000000085b00000, 0x0000000085b00000, 0x0000000085c00000|  0%| F|  |TAMS 0x0000000085b00000, 0x0000000085b00000| Untracked 
|  92|0x0000000085c00000, 0x0000000085c00000, 0x0000000085d00000|  0%| F|  |TAMS 0x0000000085c00000, 0x0000000085c00000| Untracked 
|  93|0x0000000085d00000, 0x0000000085d00000, 0x0000000085e00000|  0%| F|  |TAMS 0x0000000085d00000, 0x0000000085d00000| Untracked 
|  94|0x0000000085e00000, 0x0000000085e00000, 0x0000000085f00000|  0%| F|  |TAMS 0x0000000085e00000, 0x0000000085e00000| Untracked 
|  95|0x0000000085f00000, 0x0000000085f00000, 0x0000000086000000|  0%| F|  |TAMS 0x0000000085f00000, 0x0000000085f00000| Untracked 
|  96|0x0000000086000000, 0x0000000086000000, 0x0000000086100000|  0%| F|  |TAMS 0x0000000086000000, 0x0000000086000000| Untracked 
|  97|0x0000000086100000, 0x0000000086100000, 0x0000000086200000|  0%| F|  |TAMS 0x0000000086100000, 0x0000000086100000| Untracked 
|  98|0x0000000086200000, 0x0000000086200000, 0x0000000086300000|  0%| F|  |TAMS 0x0000000086200000, 0x0000000086200000| Untracked 
|  99|0x0000000086300000, 0x0000000086300000, 0x0000000086400000|  0%| F|  |TAMS 0x0000000086300000, 0x0000000086300000| Untracked 
| 100|0x0000000086400000, 0x0000000086400000, 0x0000000086500000|  0%| F|  |TAMS 0x0000000086400000, 0x0000000086400000| Untracked 
| 101|0x0000000086500000, 0x0000000086500000, 0x0000000086600000|  0%| F|  |TAMS 0x0000000086500000, 0x0000000086500000| Untracked 
| 102|0x0000000086600000, 0x0000000086600000, 0x0000000086700000|  0%| F|  |TAMS 0x0000000086600000, 0x0000000086600000| Untracked 
| 103|0x0000000086700000, 0x000000008679bca0, 0x0000000086800000| 60%| S|CS|TAMS 0x0000000086700000, 0x0000000086700000| Complete 
| 104|0x0000000086800000, 0x0000000086900000, 0x0000000086900000|100%| S|CS|TAMS 0x0000000086800000, 0x0000000086800000| Complete 
| 105|0x0000000086900000, 0x0000000086900000, 0x0000000086a00000|  0%| F|  |TAMS 0x0000000086900000, 0x0000000086900000| Untracked 
| 106|0x0000000086a00000, 0x0000000086a00000, 0x0000000086b00000|  0%| F|  |TAMS 0x0000000086a00000, 0x0000000086a00000| Untracked 
| 107|0x0000000086b00000, 0x0000000086b00000, 0x0000000086c00000|  0%| F|  |TAMS 0x0000000086b00000, 0x0000000086b00000| Untracked 
| 108|0x0000000086c00000, 0x0000000086c00000, 0x0000000086d00000|  0%| F|  |TAMS 0x0000000086c00000, 0x0000000086c00000| Untracked 
| 109|0x0000000086d00000, 0x0000000086d00000, 0x0000000086e00000|  0%| F|  |TAMS 0x0000000086d00000, 0x0000000086d00000| Untracked 
| 110|0x0000000086e00000, 0x0000000086e00000, 0x0000000086f00000|  0%| F|  |TAMS 0x0000000086e00000, 0x0000000086e00000| Untracked 
| 111|0x0000000086f00000, 0x0000000086f00000, 0x0000000087000000|  0%| F|  |TAMS 0x0000000086f00000, 0x0000000086f00000| Untracked 
| 112|0x0000000087000000, 0x0000000087000000, 0x0000000087100000|  0%| F|  |TAMS 0x0000000087000000, 0x0000000087000000| Untracked 
| 113|0x0000000087100000, 0x0000000087100000, 0x0000000087200000|  0%| F|  |TAMS 0x0000000087100000, 0x0000000087100000| Untracked 
| 114|0x0000000087200000, 0x0000000087200000, 0x0000000087300000|  0%| F|  |TAMS 0x0000000087200000, 0x0000000087200000| Untracked 
| 115|0x0000000087300000, 0x0000000087300000, 0x0000000087400000|  0%| F|  |TAMS 0x0000000087300000, 0x0000000087300000| Untracked 
| 116|0x0000000087400000, 0x0000000087400000, 0x0000000087500000|  0%| F|  |TAMS 0x0000000087400000, 0x0000000087400000| Untracked 
| 117|0x0000000087500000, 0x0000000087500000, 0x0000000087600000|  0%| F|  |TAMS 0x0000000087500000, 0x0000000087500000| Untracked 
| 118|0x0000000087600000, 0x0000000087600000, 0x0000000087700000|  0%| F|  |TAMS 0x0000000087600000, 0x0000000087600000| Untracked 
| 119|0x0000000087700000, 0x0000000087700000, 0x0000000087800000|  0%| F|  |TAMS 0x0000000087700000, 0x0000000087700000| Untracked 
| 120|0x0000000087800000, 0x0000000087800000, 0x0000000087900000|  0%| F|  |TAMS 0x0000000087800000, 0x0000000087800000| Untracked 
| 121|0x0000000087900000, 0x0000000087900000, 0x0000000087a00000|  0%| F|  |TAMS 0x0000000087900000, 0x0000000087900000| Untracked 
| 122|0x0000000087a00000, 0x0000000087a00000, 0x0000000087b00000|  0%| F|  |TAMS 0x0000000087a00000, 0x0000000087a00000| Untracked 
| 123|0x0000000087b00000, 0x0000000087b00000, 0x0000000087c00000|  0%| F|  |TAMS 0x0000000087b00000, 0x0000000087b00000| Untracked 
| 124|0x0000000087c00000, 0x0000000087c00000, 0x0000000087d00000|  0%| F|  |TAMS 0x0000000087c00000, 0x0000000087c00000| Untracked 
| 125|0x0000000087d00000, 0x0000000087d00000, 0x0000000087e00000|  0%| F|  |TAMS 0x0000000087d00000, 0x0000000087d00000| Untracked 
| 126|0x0000000087e00000, 0x0000000087e00000, 0x0000000087f00000|  0%| F|  |TAMS 0x0000000087e00000, 0x0000000087e00000| Untracked 
| 127|0x0000000087f00000, 0x0000000087f00000, 0x0000000088000000|  0%| F|  |TAMS 0x0000000087f00000, 0x0000000087f00000| Untracked 

Card table byte_map: [0x000001ce2d840000,0x000001ce2dc40000] _byte_map_base: 0x000001ce2d440000

Marking Bits (Prev, Next): (CMBitMap*) 0x000001ce171d1e78, (CMBitMap*) 0x000001ce171d1eb0
 Prev Bits: [0x000001ce2e040000, 0x000001ce30040000)
 Next Bits: [0x000001ce30040000, 0x000001ce32040000)

Polling page: 0x000001ce14fa0000

Metaspace:

Usage:
  Non-class:     18.37 MB capacity,    18.15 MB ( 99%) used,   178.02 KB ( <1%) free+waste,    43.13 KB ( <1%) overhead. 
      Class:      2.36 MB capacity,     2.18 MB ( 92%) used,   167.69 KB (  7%) free+waste,    21.81 KB ( <1%) overhead. 
       Both:     20.73 MB capacity,    20.33 MB ( 98%) used,   345.71 KB (  2%) free+waste,    64.94 KB ( <1%) overhead. 

Virtual space:
  Non-class space:       20.00 MB reserved,      18.42 MB ( 92%) committed 
      Class space:        1.00 GB reserved,       2.38 MB ( <1%) committed 
             Both:        1.02 GB reserved,      20.80 MB (  2%) committed 

Chunk freelists:
   Non-Class:  1.13 KB
       Class:  1.88 KB
        Both:  3.00 KB

CodeHeap 'non-profiled nmethods': size=120064Kb used=560Kb max_used=560Kb free=119504Kb
 bounds [0x000001ce26300000, 0x000001ce26570000, 0x000001ce2d840000]
CodeHeap 'profiled nmethods': size=120000Kb used=3111Kb max_used=3111Kb free=116888Kb
 bounds [0x000001ce1edd0000, 0x000001ce1f0e0000, 0x000001ce26300000]
CodeHeap 'non-nmethods': size=5696Kb used=1130Kb max_used=1156Kb free=4565Kb
 bounds [0x000001ce1e840000, 0x000001ce1eab0000, 0x000001ce1edd0000]
 total_blobs=2038 nmethods=1597 adapters=353
 compilation: enabled
              stopped_count=0, restarted_count=0
 full_count=0

Compilation events (10 events):
Event: 2.197 Thread 0x000001ce34480000 nmethod 1594 0x000001ce1f0d8f90 code [0x000001ce1f0d9140, 0x000001ce1f0d9308]
Event: 2.197 Thread 0x000001ce34480000 1595       1       com.sun.org.apache.xerces.internal.util.XMLAttributesImpl::getLength (5 bytes)
Event: 2.197 Thread 0x000001ce34480000 nmethod 1595 0x000001ce2638b510 code [0x000001ce2638b6a0, 0x000001ce2638b758]
Event: 2.199 Thread 0x000001ce3447d000 nmethod 1546 0x000001ce2638b810 code [0x000001ce2638b9a0, 0x000001ce2638bbb8]
Event: 2.199 Thread 0x000001ce3447d000 1538       4       java.lang.String::toString (2 bytes)
Event: 2.199 Thread 0x000001ce3447d000 nmethod 1538 0x000001ce2638bd90 code [0x000001ce2638bf00, 0x000001ce2638bf58]
Event: 2.200 Thread 0x000001ce34480000 1596       3       java.util.logging.Logger::isLoggable (27 bytes)
Event: 2.200 Thread 0x000001ce34480000 nmethod 1596 0x000001ce1f0d9410 code [0x000001ce1f0d95a0, 0x000001ce1f0d9758]
Event: 2.200 Thread 0x000001ce34480000 1597       3       org.apache.juli.logging.DirectJDKLog::isDebugEnabled (11 bytes)
Event: 2.200 Thread 0x000001ce34480000 nmethod 1597 0x000001ce1f0d9810 code [0x000001ce1f0d99c0, 0x000001ce1f0d9c58]

GC Heap History (9 events):
Event: 0.533 GC heap before
{Heap before GC invocations=0 (full 0):
 garbage-first heap   total 131072K, used 6144K [0x0000000080000000, 0x0000000100000000)
  region size 1024K, 7 young (7168K), 0 survivors (0K)
 Metaspace       used 6118K, capacity 6155K, committed 6272K, reserved 1056768K
  class space    used 525K, capacity 538K, committed 640K, reserved 1048576K
}
Event: 0.540 GC heap after
{Heap after GC invocations=1 (full 0):
 garbage-first heap   total 131072K, used 4248K [0x0000000080000000, 0x0000000100000000)
  region size 1024K, 1 young (1024K), 1 survivors (1024K)
 Metaspace       used 6118K, capacity 6155K, committed 6272K, reserved 1056768K
  class space    used 525K, capacity 538K, committed 640K, reserved 1048576K
}
Event: 0.852 GC heap before
{Heap before GC invocations=1 (full 0):
 garbage-first heap   total 131072K, used 8344K [0x0000000080000000, 0x0000000100000000)
  region size 1024K, 6 young (6144K), 1 survivors (1024K)
 Metaspace       used 9065K, capacity 9198K, committed 9344K, reserved 1058816K
  class space    used 820K, capacity 871K, committed 896K, reserved 1048576K
}
Event: 0.857 GC heap after
{Heap after GC invocations=2 (full 0):
 garbage-first heap   total 131072K, used 5192K [0x0000000080000000, 0x0000000100000000)
  region size 1024K, 1 young (1024K), 1 survivors (1024K)
 Metaspace       used 9065K, capacity 9198K, committed 9344K, reserved 1058816K
  class space    used 820K, capacity 871K, committed 896K, reserved 1048576K
}
Event: 1.239 GC heap before
{Heap before GC invocations=2 (full 0):
 garbage-first heap   total 131072K, used 15432K [0x0000000080000000, 0x0000000100000000)
  region size 1024K, 11 young (11264K), 1 survivors (1024K)
 Metaspace       used 11953K, capacity 12095K, committed 12288K, reserved 1060864K
  class space    used 1168K, capacity 1221K, committed 1280K, reserved 1048576K
}
Event: 1.245 GC heap after
{Heap after GC invocations=3 (full 0):
 garbage-first heap   total 131072K, used 6066K [0x0000000080000000, 0x0000000100000000)
  region size 1024K, 2 young (2048K), 2 survivors (2048K)
 Metaspace       used 11953K, capacity 12095K, committed 12288K, reserved 1060864K
  class space    used 1168K, capacity 1221K, committed 1280K, reserved 1048576K
}
Event: 1.650 GC heap before
{Heap before GC invocations=3 (full 0):
 garbage-first heap   total 131072K, used 21426K [0x0000000080000000, 0x0000000100000000)
  region size 1024K, 17 young (17408K), 2 survivors (2048K)
 Metaspace       used 15914K, capacity 16254K, committed 16384K, reserved 1064960K
  class space    used 1575K, capacity 1702K, committed 1792K, reserved 1048576K
}
Event: 1.657 GC heap after
{Heap after GC invocations=4 (full 0):
 garbage-first heap   total 131072K, used 6738K [0x0000000080000000, 0x0000000100000000)
  region size 1024K, 2 young (2048K), 2 survivors (2048K)
 Metaspace       used 15914K, capacity 16254K, committed 16384K, reserved 1064960K
  class space    used 1575K, capacity 1702K, committed 1792K, reserved 1048576K
}
Event: 2.201 GC heap before
{Heap before GC invocations=4 (full 0):
 garbage-first heap   total 131072K, used 26194K [0x0000000080000000, 0x0000000100000000)
  region size 1024K, 23 young (23552K), 2 survivors (2048K)
 Metaspace       used 20813K, capacity 21224K, committed 21296K, reserved 1069056K
  class space    used 2227K, capacity 2417K, committed 2432K, reserved 1048576K
}

Deoptimization events (10 events):
Event: 0.991 Thread 0x000001ce17193800 Uncommon trap: reason=class_check action=maybe_recompile pc=0x000001ce2630eb14 method=java.util.HashMap.putVal(ILjava/lang/Object;Ljava/lang/Object;ZZ)Ljava/lang/Object; @ 91 c2
Event: 0.992 Thread 0x000001ce17193800 Uncommon trap: reason=class_check action=maybe_recompile pc=0x000001ce2630eb14 method=java.util.HashMap.putVal(ILjava/lang/Object;Ljava/lang/Object;ZZ)Ljava/lang/Object; @ 91 c2
Event: 1.054 Thread 0x000001ce17193800 Uncommon trap: reason=class_check action=maybe_recompile pc=0x000001ce2633eba0 method=java.util.HashMap.putVal(ILjava/lang/Object;Ljava/lang/Object;ZZ)Ljava/lang/Object; @ 253 c2
Event: 1.248 Thread 0x000001ce17193800 Uncommon trap: reason=unstable_if action=reinterpret pc=0x000001ce2634d0ec method=java.util.concurrent.ConcurrentHashMap.get(Ljava/lang/Object;)Ljava/lang/Object; @ 76 c2
Event: 1.375 Thread 0x000001ce3598f000 Uncommon trap: reason=unstable_if action=reinterpret pc=0x000001ce26339674 method=java.util.HashMap.hash(Ljava/lang/Object;)I @ 1 c2
Event: 1.375 Thread 0x000001ce3598f000 Uncommon trap: reason=unstable_if action=reinterpret pc=0x000001ce26336f2c method=java.util.HashMap.hash(Ljava/lang/Object;)I @ 1 c2
Event: 1.541 Thread 0x000001ce3598f000 Uncommon trap: reason=unstable_if action=reinterpret pc=0x000001ce2635fe5c method=java.util.concurrent.ConcurrentHashMap.addCount(JI)V @ 34 c2
Event: 1.873 Thread 0x000001ce17193800 Uncommon trap: reason=unstable_if action=reinterpret pc=0x000001ce2631c530 method=java.lang.StringLatin1.lastIndexOf([BI[BII)I @ 32 c2
Event: 1.924 Thread 0x000001ce3598f000 Uncommon trap: reason=unstable_if action=reinterpret pc=0x000001ce263765b8 method=jdk.internal.org.objectweb.asm.Type.getArgumentsAndReturnSizes(Ljava/lang/String;)I @ 47 c2
Event: 2.138 Thread 0x000001ce3598f000 Uncommon trap: reason=unstable_if action=reinterpret pc=0x000001ce2633eb90 method=java.util.HashMap.putVal(ILjava/lang/Object;Ljava/lang/Object;ZZ)Ljava/lang/Object; @ 181 c2

Classes redefined (0 events):
No events

Internal exceptions (10 events):
Event: 1.870 Thread 0x000001ce17193800 Exception <a 'java/lang/NoSuchMethodError'{0x0000000087522980}: java.lang.invoke.Invokers$Holder.linkToTargetMethod(Ljava/lang/Object;Ljava/lang/Object;Ljava/lang/Object;Ljava/lang/Object;Ljava/lang/Object;Ljava/lang/Object;)Ljava/lang/Object;> (0x0000000
Event: 1.871 Thread 0x000001ce17193800 Exception <a 'java/lang/NoSuchMethodError'{0x0000000087526678}: java.lang.invoke.DirectMethodHandle$Holder.invokeSpecial(Ljava/lang/Object;Ljava/lang/Object;Ljava/lang/Object;Ljava/lang/Object;)I> (0x0000000087526678) thrown at [./open/src/hotspot/share/i
Event: 1.923 Thread 0x000001ce3598f000 Exception <a 'java/lang/NoSuchMethodError'{0x00000000873ce8a0}: java.lang.invoke.DirectMethodHandle$Holder.invokeSpecial(Ljava/lang/Object;Ljava/lang/Object;)J> (0x00000000873ce8a0) thrown at [./open/src/hotspot/share/interpreter/linkResolver.cpp, line 77
Event: 1.927 Thread 0x000001ce3598f000 Exception <a 'java/lang/NoSuchMethodError'{0x00000000873d9028}: java.lang.invoke.DirectMethodHandle$Holder.invokeStatic(Ljava/lang/Object;Ljava/lang/Object;)J> (0x00000000873d9028) thrown at [./open/src/hotspot/share/interpreter/linkResolver.cpp, line 772
Event: 1.927 Thread 0x000001ce3598f000 Exception <a 'java/lang/NoSuchMethodError'{0x00000000873dbe50}: java.lang.invoke.DirectMethodHandle$Holder.invokeStaticInit(Ljava/lang/Object;Ljava/lang/Object;)J> (0x00000000873dbe50) thrown at [./open/src/hotspot/share/interpreter/linkResolver.cpp, line
Event: 1.929 Thread 0x000001ce3598f000 Exception <a 'java/lang/NoSuchMethodError'{0x0000000087206508}: java.lang.invoke.DirectMethodHandle$Holder.invokeInterface(Ljava/lang/Object;Ljava/lang/Object;)J> (0x0000000087206508) thrown at [./open/src/hotspot/share/interpreter/linkResolver.cpp, line 
Event: 1.930 Thread 0x000001ce3598f000 Exception <a 'java/lang/IncompatibleClassChangeError'{0x00000000872092a0}: Found class java.lang.Object, but interface was expected> (0x00000000872092a0) thrown at [./open/src/hotspot/share/interpreter/linkResolver.cpp, line 838]
Event: 1.944 Thread 0x000001ce3598f000 Exception <a 'java/lang/NoSuchMethodError'{0x000000008711a838}: java.lang.invoke.DirectMethodHandle$Holder.invokeVirtual(Ljava/lang/Object;Ljava/lang/Object;Ljava/lang/Object;Ljava/lang/Object;)Ljava/lang/Object;> (0x000000008711a838) thrown at [./open/sr
Event: 1.976 Thread 0x000001ce17193800 Exception <a 'java/lang/NoSuchMethodError'{0x000000008702e868}: java.lang.invoke.DirectMethodHandle$Holder.invokeStaticInit(Ljava/lang/Object;Ljava/lang/Object;)V> (0x000000008702e868) thrown at [./open/src/hotspot/share/interpreter/linkResolver.cpp, line
Event: 2.042 Thread 0x000001ce17193800 Exception <a 'java/lang/NoSuchMethodError'{0x0000000086fc6b08}: java.lang.invoke.DirectMethodHandle$Holder.invokeStatic(Ljava/lang/Object;Ljava/lang/Object;Ljava/lang/Object;Ljava/lang/Object;Ljava/lang/Object;Ljava/lang/Object;)V> (0x0000000086fc6b08) th

Events (10 events):
Event: 2.194 loading class org/apache/tomcat/util/modeler/ParameterInfo done
Event: 2.194 loading class org/apache/tomcat/util/modeler/ParameterInfo
Event: 2.194 loading class org/apache/tomcat/util/modeler/ParameterInfo done
Event: 2.194 loading class org/apache/tomcat/util/buf/StringUtils
Event: 2.194 loading class org/apache/tomcat/util/buf/StringUtils done
Event: 2.200 loading class jdk/internal/reflect/MethodAccessorGenerator
Event: 2.201 loading class jdk/internal/reflect/AccessorGenerator
Event: 2.201 loading class jdk/internal/reflect/ClassFileConstants
Event: 2.201 loading class jdk/internal/reflect/ClassFileConstants done
Event: 2.201 Executing VM operation: CollectForMetadataAllocation


Dynamic libraries:
0x00007ff743e60000 - 0x00007ff743e6f000 	C:\Program Files\Java\jdk-11.0.15\bin\java.exe
0x00007ffcf0c50000 - 0x00007ffcf0e48000 	C:\Windows\SYSTEM32\ntdll.dll
0x00007ffceecb0000 - 0x00007ffceed6d000 	C:\Windows\System32\KERNEL32.DLL
0x00007ffcee9e0000 - 0x00007ffceecae000 	C:\Windows\System32\KERNELBASE.dll
0x00007ffcee7b0000 - 0x00007ffcee8b0000 	C:\Windows\System32\ucrtbase.dll
0x00007ffce6070000 - 0x00007ffce6088000 	C:\Program Files\Java\jdk-11.0.15\bin\jli.dll
0x00007ffcefdf0000 - 0x00007ffcefe9e000 	C:\Windows\System32\ADVAPI32.dll
0x00007ffcf0b50000 - 0x00007ffcf0bee000 	C:\Windows\System32\msvcrt.dll
0x00007ffceed70000 - 0x00007ffceee0c000 	C:\Windows\System32\sechost.dll
0x00007ffceefd0000 - 0x00007ffcef0f5000 	C:\Windows\System32\RPCRT4.dll
0x00007ffcf0620000 - 0x00007ffcf07c0000 	C:\Windows\System32\USER32.dll
0x00007ffcdcc40000 - 0x00007ffcdcc55000 	C:\Program Files\Java\jdk-11.0.15\bin\VCRUNTIME140.dll
0x00007ffcee3a0000 - 0x00007ffcee3c2000 	C:\Windows\System32\win32u.dll
0x00007ffcefea0000 - 0x00007ffcefeca000 	C:\Windows\System32\GDI32.dll
0x00007ffcee6a0000 - 0x00007ffcee7ab000 	C:\Windows\System32\gdi32full.dll
0x00007ffcee8b0000 - 0x00007ffcee94d000 	C:\Windows\System32\msvcp_win.dll
0x00007ffcdd260000 - 0x00007ffcdd4fa000 	C:\Windows\WinSxS\amd64_microsoft.windows.common-controls_6595b64144ccf1df_6.0.19041.1110_none_60b5254171f9507e\COMCTL32.dll
0x00007ffce6820000 - 0x00007ffce682a000 	C:\Windows\SYSTEM32\VERSION.dll
0x00007ffcef940000 - 0x00007ffcef970000 	C:\Windows\System32\IMM32.DLL
0x00007ffcdc560000 - 0x00007ffcdc5fb000 	C:\Program Files\Java\jdk-11.0.15\bin\msvcp140.dll
0x00007ffcba660000 - 0x00007ffcbb176000 	C:\Program Files\Java\jdk-11.0.15\bin\server\jvm.dll
0x00007ffcef710000 - 0x00007ffcef718000 	C:\Windows\System32\PSAPI.DLL
0x00007ffce6d10000 - 0x00007ffce6d19000 	C:\Windows\SYSTEM32\WSOCK32.dll
0x00007ffcf08f0000 - 0x00007ffcf095b000 	C:\Windows\System32\WS2_32.dll
0x00007ffcdc520000 - 0x00007ffcdc547000 	C:\Windows\SYSTEM32\WINMM.dll
0x00007ffcec250000 - 0x00007ffcec262000 	C:\Windows\SYSTEM32\kernel.appcore.dll
0x00007ffcdcc30000 - 0x00007ffcdcc40000 	C:\Program Files\Java\jdk-11.0.15\bin\verify.dll
0x00007ffce6af0000 - 0x00007ffce6cd4000 	C:\Windows\SYSTEM32\DBGHELP.DLL
0x00007ffce6ac0000 - 0x00007ffce6aec000 	C:\Windows\SYSTEM32\dbgcore.DLL
0x00007ffcee950000 - 0x00007ffcee9d2000 	C:\Windows\System32\bcryptPrimitives.dll
0x00007ffcdcc00000 - 0x00007ffcdcc28000 	C:\Program Files\Java\jdk-11.0.15\bin\java.dll
0x00007ffcdcbf0000 - 0x00007ffcdcbfa000 	C:\Program Files\Java\jdk-11.0.15\bin\jimage.dll
0x00007ffcdb2c0000 - 0x00007ffcdb2ce000 	C:\Program Files\Java\jdk-11.0.15\bin\instrument.dll
0x00007ffcdcbd0000 - 0x00007ffcdcbe6000 	C:\Program Files\Java\jdk-11.0.15\bin\zip.dll
0x00007ffcefed0000 - 0x00007ffcf0614000 	C:\Windows\System32\SHELL32.dll
0x00007ffcec450000 - 0x00007ffcecbe4000 	C:\Windows\SYSTEM32\windows.storage.dll
0x00007ffcefa90000 - 0x00007ffcefde4000 	C:\Windows\System32\combase.dll
0x00007ffcedc20000 - 0x00007ffcedc50000 	C:\Windows\SYSTEM32\Wldp.dll
0x00007ffcf07c0000 - 0x00007ffcf086d000 	C:\Windows\System32\SHCORE.dll
0x00007ffcef5e0000 - 0x00007ffcef635000 	C:\Windows\System32\shlwapi.dll
0x00007ffcee2b0000 - 0x00007ffcee2cf000 	C:\Windows\SYSTEM32\profapi.dll
0x00007ffcdc500000 - 0x00007ffcdc519000 	C:\Program Files\Java\jdk-11.0.15\bin\net.dll
0x00007ffce56f0000 - 0x00007ffce57fa000 	C:\Windows\SYSTEM32\WINHTTP.dll
0x00007ffceda00000 - 0x00007ffceda6a000 	C:\Windows\system32\mswsock.dll
0x00007ffcdc4e0000 - 0x00007ffcdc4f2000 	C:\Program Files\Java\jdk-11.0.15\bin\nio.dll
0x00007ffcda1e0000 - 0x00007ffcda1fa000 	C:\Program Files\JetBrains\IntelliJ IDEA Community Edition 2022.2.1\bin\breakgen64.dll
0x00007ffced710000 - 0x00007ffced74b000 	C:\Windows\SYSTEM32\IPHLPAPI.DLL
0x00007ffceee10000 - 0x00007ffceee18000 	C:\Windows\System32\NSI.dll
0x00007ffce74b0000 - 0x00007ffce74c7000 	C:\Windows\SYSTEM32\dhcpcsvc6.DLL
0x00007ffce7490000 - 0x00007ffce74ad000 	C:\Windows\SYSTEM32\dhcpcsvc.DLL
0x00007ffced750000 - 0x00007ffced81a000 	C:\Windows\SYSTEM32\DNSAPI.dll
0x00007ffce4da0000 - 0x00007ffce4daa000 	C:\Windows\System32\rasadhlp.dll
0x00007ffce5420000 - 0x00007ffce54a0000 	C:\Windows\System32\fwpuclnt.dll
0x00007ffcee370000 - 0x00007ffcee397000 	C:\Windows\System32\bcrypt.dll
0x00007ffcdb230000 - 0x00007ffcdb239000 	C:\Program Files\Java\jdk-11.0.15\bin\management.dll
0x00007ffcdb1c0000 - 0x00007ffcdb1cb000 	C:\Program Files\Java\jdk-11.0.15\bin\management_ext.dll
0x00007ffcd89e0000 - 0x00007ffcd89f7000 	C:\Windows\system32\napinsp.dll
0x00007ffcd89c0000 - 0x00007ffcd89db000 	C:\Windows\system32\pnrpnsp.dll
0x00007ffcd89a0000 - 0x00007ffcd89b5000 	C:\Windows\system32\wshbth.dll
0x00007ffce7640000 - 0x00007ffce765d000 	C:\Windows\system32\NLAapi.dll
0x00007ffcd8980000 - 0x00007ffcd8992000 	C:\Windows\System32\winrnr.dll

dbghelp: loaded successfully - version: 4.0.5 - missing functions: none
symbol engine: initialized successfully - sym options: 0x614 - pdb path: .;C:\Program Files\Java\jdk-11.0.15\bin;C:\Windows\SYSTEM32;C:\Windows\WinSxS\amd64_microsoft.windows.common-controls_6595b64144ccf1df_6.0.19041.1110_none_60b5254171f9507e;C:\Program Files\Java\jdk-11.0.15\bin\server;C:\Program Files\JetBrains\IntelliJ IDEA Community Edition 2022.2.1\bin

VM Arguments:
jvm_args: -javaagent:C:\Program Files\JetBrains\IntelliJ IDEA Community Edition 2022.2.1\lib\idea_rt.jar=55937:C:\Program Files\JetBrains\IntelliJ IDEA Community Edition 2022.2.1\bin -Dfile.encoding=UTF-8 
java_command: com.training.springeurekaclient.SpringEurekaClientApplication
java_class_path (initial): C:\Users\sfjbs\Downloads\eureka-naming-server-main\eureka-naming-server-main\spring-eureka-client\target\classes;C:\Users\sfjbs\.m2\repository\org\springframework\cloud\spring-cloud-starter-netflix-eureka-client\3.1.3\spring-cloud-starter-netflix-eureka-client-3.1.3.jar;C:\Users\sfjbs\.m2\repository\org\springframework\cloud\spring-cloud-starter\2.1.0.RELEASE\spring-cloud-starter-2.1.0.RELEASE.jar;C:\Users\sfjbs\.m2\repository\org\springframework\cloud\spring-cloud-context\2.1.0.RELEASE\spring-cloud-context-2.1.0.RELEASE.jar;C:\Users\sfjbs\.m2\repository\org\springframework\security\spring-security-crypto\5.1.5.RELEASE\spring-security-crypto-5.1.5.RELEASE.jar;C:\Users\sfjbs\.m2\repository\org\springframework\cloud\spring-cloud-commons\2.1.0.RELEASE\spring-cloud-commons-2.1.0.RELEASE.jar;C:\Users\sfjbs\.m2\repository\org\springframework\security\spring-security-rsa\1.0.7.RELEASE\spring-security-rsa-1.0.7.RELEASE.jar;C:\Users\sfjbs\.m2\repository\org\bouncycastle\bcpkix-jdk15on\1.60\bcpkix-jdk15on-1.60.jar;C:\Users\sfjbs\.m2\repository\org\bouncycastle\bcprov-jdk15on\1.60\bcprov-jdk15on-1.60.jar;C:\Users\sfjbs\.m2\repository\org\springframework\cloud\spring-cloud-netflix-eureka-client\2.1.0.RELEASE\spring-cloud-netflix-eureka-client-2.1.0.RELEASE.jar;C:\Users\sfjbs\.m2\repository\org\springframework\cloud\spring-cloud-netflix-hystrix\2.1.0.RELEASE\spring-cloud-netflix-hystrix-2.1.0.RELEASE.jar;C:\Users\sfjbs\.m2\repository\org\springframework\boot\spring-boot-starter-aop\2.1.4.RELEASE\spring-boot-starter-aop-2.1.4.RELEASE.jar;C:\Users\sfjbs\.m2\repository\org\aspectj\aspectjweaver\1.9.2\aspectjweaver-1.9.2.jar;C:\Users\sfjbs\.m2\repository\com\netflix\eureka\eureka-client\1.9.8\eureka-client-1.9.8.jar;C:\Users\sfjbs\.m2\repository\org\codehaus\jettison\jettison\1.3.7\jettison-1.3.7.jar;C:\Users\sfjbs\.m2\repository\stax\stax-api\1.0.1\stax-api-1.0.1.jar;C:\Users\sfjbs\.m2\repository\com\netflix\netflix-commons\netflix-eventbus\0.3.0\netfli
Launcher Type: SUN_STANDARD

[Global flags]
     intx CICompilerCount                          = 2                                         {product} {ergonomic}
     uint ConcGCThreads                            = 1                                         {product} {ergonomic}
     uint G1ConcRefinementThreads                  = 2                                         {product} {ergonomic}
   size_t G1HeapRegionSize                         = 1048576                                   {product} {ergonomic}
    uintx GCDrainStackTargetSize                   = 64                                        {product} {ergonomic}
   size_t InitialHeapSize                          = 134217728                                 {product} {ergonomic}
   size_t MarkStackSize                            = 4194304                                   {product} {ergonomic}
   size_t MaxHeapSize                              = 2147483648                                {product} {ergonomic}
   size_t MaxNewSize                               = 1287651328                                {product} {ergonomic}
   size_t MinHeapDeltaBytes                        = 1048576                                   {product} {ergonomic}
    uintx NonNMethodCodeHeapSize                   = 5825164                                {pd product} {ergonomic}
    uintx NonProfiledCodeHeapSize                  = 122916538                              {pd product} {ergonomic}
    uintx ProfiledCodeHeapSize                     = 122916538                              {pd product} {ergonomic}
    uintx ReservedCodeCacheSize                    = 251658240                              {pd product} {ergonomic}
     bool SegmentedCodeCache                       = true                                      {product} {ergonomic}
     bool UseCompressedClassPointers               = true                                 {lp64_product} {ergonomic}
     bool UseCompressedOops                        = true                                 {lp64_product} {ergonomic}
     bool UseG1GC                                  = true                                      {product} {ergonomic}
     bool UseLargePagesIndividualAllocation        = false                                  {pd product} {ergonomic}

Logging:
Log output configuration:
 #0: stdout all=warning uptime,level,tags
 #1: stderr all=off uptime,level,tags

Environment Variables:
PATH=C:\Program Files\Common Files\Oracle\Java\javapath;C:\Windows\system32;C:\Windows;C:\Windows\System32\Wbem;C:\Windows\System32\WindowsPowerShell\v1.0\;C:\Windows\System32\OpenSSH\;C:\Program Files\PuTTY\;C:\Program Files\Git\cmd;C:\Program Files\Docker\Docker\resources\bin;C:\ProgramData\DockerDesktop\version-bin;C:\Users\sfjbs\Downloads\apache-maven-3.8.6-bin\apache-maven-3.8.6\bin;C:\Users\sfjbs\Downloads\apache-maven-3.8.6-bin\apache-maven-3.8.6\lib;C:\Users\sfjbs\AppData\Local\Microsoft\WindowsApps;C:\Program Files\JetBrains\IntelliJ IDEA Community Edition 2022.2.1\bin;;C:\Users\sfjbs\Downloads\apache-maven-3.8.6-bin\apache-maven-3.8.6\bin;C:\Users\sfjbs\Downloads\apache-maven-3.8.6-bin\apache-maven-3.8.6\lib;
USERNAME=sfjbs
OS=Windows_NT
PROCESSOR_IDENTIFIER=Intel64 Family 6 Model 85 Stepping 7, GenuineIntel



---------------  S Y S T E M  ---------------

OS: Windows 10 , 64 bit Build 19041 (10.0.19041.1889)
Hyper-V role detected

CPU:total 2 (initial active 2) (1 cores per cpu, 2 threads per core) family 6 model 85 stepping 7 microcode 0xffffffff, cmov, cx8, fxsr, mmx, sse, sse2, sse3, ssse3, sse4.1, sse4.2, popcnt, avx, avx2, aes, clmul, erms, rtm, 3dnowpref, lzcnt, ht, tsc, bmi1, bmi2, adx, evex, fma

Memory: 4k page, system-wide physical 8190M (1074M free)
TotalPageFile size 10238M (AvailPageFile size 10M)
current process WorkingSet (physical memory assigned to process): 99M, peak: 99M
current process commit charge ("private bytes"): 227M, peak: 253M

vm_info: Java HotSpot(TM) 64-Bit Server VM (11.0.15+8-LTS-149) for windows-amd64 JRE (11.0.15+8-LTS-149), built on Mar  9 2022 22:42:32 by "mach5one" with MS VC++ 15.9 (VS2017)

END.
