#
# There is insufficient memory for the Java Runtime Environment to continue.
# Native memory allocation (mmap) failed to map 27262976 bytes for Failed to commit area from 0x0000000088000000 to 0x0000000089a00000 of length 27262976.
# Possible reasons:
#   The system is out of physical RAM or swap space
#   The process is running with CompressedOops enabled, and the Java Heap may be blocking the growth of the native heap
# Possible solutions:
#   Reduce memory load on the system
#   Increase physical memory or swap space
#   Check if swap backing store is full
#   Decrease Java heap size (-Xmx/-Xms)
#   Decrease number of Java threads
#   Decrease Java thread stack sizes (-Xss)
#   Set larger code cache with -XX:ReservedCodeCacheSize=
#   JVM is running with Unscaled Compressed Oops mode in which the Java heap is
#     placed in the first 4GB address space. The Java Heap base address is the
#     maximum limit for the native heap growth. Please use -XX:HeapBaseMinAddress
#     to set the Java Heap base and to place the Java Heap above 4GB virtual address.
# This output file may be truncated or incomplete.
#
#  Out of Memory Error (./open/src/hotspot/os/windows/os_windows.cpp:3287), pid=39880, tid=9360
#
# JRE version: Java(TM) SE Runtime Environment 18.9 (11.0.15+8) (build 11.0.15+8-LTS-149)
# Java VM: Java HotSpot(TM) 64-Bit Server VM 18.9 (11.0.15+8-LTS-149, mixed mode, tiered, compressed oops, g1 gc, windows-amd64)
# No core dump will be written. Minidumps are not enabled by default on client versions of Windows
#

---------------  S U M M A R Y ------------

Command Line: -javaagent:C:\Program Files\JetBrains\IntelliJ IDEA Community Edition 2022.2.1\lib\idea_rt.jar=55931:C:\Program Files\JetBrains\IntelliJ IDEA Community Edition 2022.2.1\bin -Dfile.encoding=UTF-8 com.training.springeurekaclient.SpringEurekaClientApplication

Host: Intel(R) Xeon(R) Platinum 8272CL CPU @ 2.60GHz, 2 cores, 7G,  Windows 10 , 64 bit Build 19041 (10.0.19041.1889)
Time: Tue Sep  6 05:14:22 2022 Coordinated Universal Time elapsed time: 2.251946 seconds (0d 0h 0m 2s)

---------------  T H R E A D  ---------------

Current thread (0x0000021a7bb9b800):  VMThread "VM Thread" [stack: 0x0000004d2ad00000,0x0000004d2ae00000] [id=9360]

Stack: [0x0000004d2ad00000,0x0000004d2ae00000]
[error occurred during error reporting (printing stack bounds), id 0xc0000005, EXCEPTION_ACCESS_VIOLATION (0xc0000005) at pc=0x0000021a65fc10e7]

Native frames: (J=compiled Java code, j=interpreted, Vv=VM code, C=native code)
V  [jvm.dll+0x629d8a]
V  [jvm.dll+0x7638ff]
V  [jvm.dll+0x764fa9]
V  [jvm.dll+0x765595]
V  [jvm.dll+0x76554b]
V  [jvm.dll+0x629273]
V  [jvm.dll+0x629988]
C  [ntdll.dll+0xa229f]
C  [ntdll.dll+0x51454]
C  [ntdll.dll+0xa0dce]
C  0x0000021a65fc10e7

VM_Operation (0x0000004d2a7fc820): CollectForMetadataAllocation, mode: safepoint, requested by thread 0x0000021a5e914800


---------------  P R O C E S S  ---------------

Threads class SMR info:
_java_thread_list=0x0000021a7d53da80, length=12, elements={
0x0000021a5e914800, 0x0000021a7bb9c800, 0x0000021a7bb9d800, 0x0000021a7c542800,
0x0000021a7bbb8000, 0x0000021a7bbb9000, 0x0000021a7bbbc000, 0x0000021a7bbee000,
0x0000021a7c574000, 0x0000021a7c680800, 0x0000021a7c9d0800, 0x0000021a7ce5c800
}

Java Threads: ( => current thread )
  0x0000021a5e914800 JavaThread "main" [_thread_blocked, id=47904, stack(0x0000004d2a700000,0x0000004d2a800000)]
  0x0000021a7bb9c800 JavaThread "Reference Handler" daemon [_thread_blocked, id=10708, stack(0x0000004d2ae00000,0x0000004d2af00000)]
  0x0000021a7bb9d800 JavaThread "Finalizer" daemon [_thread_blocked, id=63076, stack(0x0000004d2af00000,0x0000004d2b000000)]
  0x0000021a7c542800 JavaThread "Signal Dispatcher" daemon [_thread_blocked, id=15044, stack(0x0000004d2b000000,0x0000004d2b100000)]
  0x0000021a7bbb8000 JavaThread "Attach Listener" daemon [_thread_blocked, id=9568, stack(0x0000004d2b100000,0x0000004d2b200000)]
  0x0000021a7bbb9000 JavaThread "Service Thread" daemon [_thread_blocked, id=25076, stack(0x0000004d2b200000,0x0000004d2b300000)]
  0x0000021a7bbbc000 JavaThread "C2 CompilerThread0" daemon [_thread_blocked, id=23748, stack(0x0000004d2b300000,0x0000004d2b400000)]
  0x0000021a7bbee000 JavaThread "C1 CompilerThread0" daemon [_thread_blocked, id=12164, stack(0x0000004d2b400000,0x0000004d2b500000)]
  0x0000021a7c574000 JavaThread "Sweeper thread" daemon [_thread_blocked, id=72004, stack(0x0000004d2b500000,0x0000004d2b600000)]
  0x0000021a7c680800 JavaThread "Common-Cleaner" daemon [_thread_blocked, id=21436, stack(0x0000004d2b600000,0x0000004d2b700000)]
  0x0000021a7c9d0800 JavaThread "Monitor Ctrl-Break" daemon [_thread_in_native, id=40348, stack(0x0000004d2b700000,0x0000004d2b800000)]
  0x0000021a7ce5c800 JavaThread "background-preinit" [_thread_blocked, id=29364, stack(0x0000004d2ba00000,0x0000004d2bb00000)]

Other Threads:
=>0x0000021a7bb9b800 VMThread "VM Thread" [stack: 0x0000004d2ad00000,0x0000004d2ae00000] [id=9360]
  0x0000021a7c9ab800 WatcherThread [stack: 0x0000004d2b800000,0x0000004d2b900000] [id=64056]
  0x0000021a5e929800 GCTaskThread "GC Thread#0" [stack: 0x0000004d2a800000,0x0000004d2a900000] [id=80700]
  0x0000021a7c9ce800 GCTaskThread "GC Thread#1" [stack: 0x0000004d2b900000,0x0000004d2ba00000] [id=42608]
  0x0000021a5e959800 ConcurrentGCThread "G1 Main Marker" [stack: 0x0000004d2a900000,0x0000004d2aa00000] [id=50324]
  0x0000021a5e95c800 ConcurrentGCThread "G1 Conc#0" [stack: 0x0000004d2aa00000,0x0000004d2ab00000] [id=10540]
  0x0000021a5e9e3800 ConcurrentGCThread "G1 Refine#0" [stack: 0x0000004d2ab00000,0x0000004d2ac00000] [id=73952]
  0x0000021a5e9e5800 ConcurrentGCThread "G1 Young RemSet Sampling" [stack: 0x0000004d2ac00000,0x0000004d2ad00000] [id=60952]

Threads with active compile tasks:
C1 CompilerThread0   2281 1579       3       com.sun.org.apache.xerces.internal.impl.XMLEntityScanner::checkEntityLimit (50 bytes)

VM state:at safepoint (normal execution)

VM Mutex/Monitor currently owned by a thread:  ([mutex/lock_event])
[0x0000021a5e910fc0] Threads_lock - owner thread: 0x0000021a7bb9b800
[0x0000021a5e910120] Heap_lock - owner thread: 0x0000021a5e914800

Heap address: 0x0000000080000000, size: 2048 MB, Compressed Oops mode: 32-bit
Narrow klass base: 0x0000000000000000, Narrow klass shift: 3
Compressed class space size: 1073741824 Address: 0x0000000100000000

Heap:
 garbage-first heap   total 157696K, used 7676K [0x0000000080000000, 0x0000000100000000)
  region size 1024K, 3 young (3072K), 3 survivors (3072K)
 Metaspace       used 20730K, capacity 21146K, committed 21296K, reserved 1069056K
  class space    used 2233K, capacity 2393K, committed 2432K, reserved 1048576K
Heap Regions: E=young(eden), S=young(survivor), O=old, HS=humongous(starts), HC=humongous(continues), CS=collection set, F=free, A=archive, TAMS=top-at-mark-start (previous, next)
|   0|0x0000000080000000, 0x0000000080100000, 0x0000000080100000|100%| O|  |TAMS 0x0000000080000000, 0x0000000080100000| Untracked 
|   1|0x0000000080100000, 0x0000000080200000, 0x0000000080200000|100%| O|  |TAMS 0x0000000080100000, 0x0000000080200000| Untracked 
|   2|0x0000000080200000, 0x0000000080300000, 0x0000000080300000|100%| O|  |TAMS 0x0000000080200000, 0x0000000080300000| Untracked 
|   3|0x0000000080300000, 0x0000000080400000, 0x0000000080400000|100%| O|  |TAMS 0x0000000080300000, 0x0000000080400000| Untracked 
|   4|0x0000000080400000, 0x0000000080500000, 0x0000000080500000|100%| O|  |TAMS 0x0000000080400000, 0x0000000080500000| Untracked 
|   5|0x0000000080500000, 0x000000008053a400, 0x0000000080600000| 22%| O|  |TAMS 0x0000000080500000, 0x000000008053a400| Untracked 
|   6|0x0000000080600000, 0x0000000080600000, 0x0000000080700000|  0%| F|  |TAMS 0x0000000080600000, 0x0000000080600000| Untracked 
|   7|0x0000000080700000, 0x0000000080700000, 0x0000000080800000|  0%| F|  |TAMS 0x0000000080700000, 0x0000000080700000| Untracked 
|   8|0x0000000080800000, 0x0000000080800000, 0x0000000080900000|  0%| F|  |TAMS 0x0000000080800000, 0x0000000080800000| Untracked 
|   9|0x0000000080900000, 0x0000000080900000, 0x0000000080a00000|  0%| F|  |TAMS 0x0000000080900000, 0x0000000080900000| Untracked 
|  10|0x0000000080a00000, 0x0000000080a00000, 0x0000000080b00000|  0%| F|  |TAMS 0x0000000080a00000, 0x0000000080a00000| Untracked 
|  11|0x0000000080b00000, 0x0000000080b00000, 0x0000000080c00000|  0%| F|  |TAMS 0x0000000080b00000, 0x0000000080b00000| Untracked 
|  12|0x0000000080c00000, 0x0000000080c00000, 0x0000000080d00000|  0%| F|  |TAMS 0x0000000080c00000, 0x0000000080c00000| Untracked 
|  13|0x0000000080d00000, 0x0000000080d00000, 0x0000000080e00000|  0%| F|  |TAMS 0x0000000080d00000, 0x0000000080d00000| Untracked 
|  14|0x0000000080e00000, 0x0000000080e00000, 0x0000000080f00000|  0%| F|  |TAMS 0x0000000080e00000, 0x0000000080e00000| Untracked 
|  15|0x0000000080f00000, 0x0000000080f00000, 0x0000000081000000|  0%| F|  |TAMS 0x0000000080f00000, 0x0000000080f00000| Untracked 
|  16|0x0000000081000000, 0x0000000081000000, 0x0000000081100000|  0%| F|  |TAMS 0x0000000081000000, 0x0000000081000000| Untracked 
|  17|0x0000000081100000, 0x0000000081100000, 0x0000000081200000|  0%| F|  |TAMS 0x0000000081100000, 0x0000000081100000| Untracked 
|  18|0x0000000081200000, 0x0000000081200000, 0x0000000081300000|  0%| F|  |TAMS 0x0000000081200000, 0x0000000081200000| Untracked 
|  19|0x0000000081300000, 0x0000000081300000, 0x0000000081400000|  0%| F|  |TAMS 0x0000000081300000, 0x0000000081300000| Untracked 
|  20|0x0000000081400000, 0x0000000081400000, 0x0000000081500000|  0%| F|  |TAMS 0x0000000081400000, 0x0000000081400000| Untracked 
|  21|0x0000000081500000, 0x0000000081500000, 0x0000000081600000|  0%| F|  |TAMS 0x0000000081500000, 0x0000000081500000| Untracked 
|  22|0x0000000081600000, 0x0000000081600000, 0x0000000081700000|  0%| F|  |TAMS 0x0000000081600000, 0x0000000081600000| Untracked 
|  23|0x0000000081700000, 0x0000000081700000, 0x0000000081800000|  0%| F|  |TAMS 0x0000000081700000, 0x0000000081700000| Untracked 
|  24|0x0000000081800000, 0x0000000081800000, 0x0000000081900000|  0%| F|  |TAMS 0x0000000081800000, 0x0000000081800000| Untracked 
|  25|0x0000000081900000, 0x0000000081900000, 0x0000000081a00000|  0%| F|  |TAMS 0x0000000081900000, 0x0000000081900000| Untracked 
|  26|0x0000000081a00000, 0x0000000081a00000, 0x0000000081b00000|  0%| F|  |TAMS 0x0000000081a00000, 0x0000000081a00000| Untracked 
|  27|0x0000000081b00000, 0x0000000081b00000, 0x0000000081c00000|  0%| F|  |TAMS 0x0000000081b00000, 0x0000000081b00000| Untracked 
|  28|0x0000000081c00000, 0x0000000081c00000, 0x0000000081d00000|  0%| F|  |TAMS 0x0000000081c00000, 0x0000000081c00000| Untracked 
|  29|0x0000000081d00000, 0x0000000081d00000, 0x0000000081e00000|  0%| F|  |TAMS 0x0000000081d00000, 0x0000000081d00000| Untracked 
|  30|0x0000000081e00000, 0x0000000081e00000, 0x0000000081f00000|  0%| F|  |TAMS 0x0000000081e00000, 0x0000000081e00000| Untracked 
|  31|0x0000000081f00000, 0x0000000081f00000, 0x0000000082000000|  0%| F|  |TAMS 0x0000000081f00000, 0x0000000081f00000| Untracked 
|  32|0x0000000082000000, 0x0000000082000000, 0x0000000082100000|  0%| F|  |TAMS 0x0000000082000000, 0x0000000082000000| Untracked 
|  33|0x0000000082100000, 0x0000000082100000, 0x0000000082200000|  0%| F|  |TAMS 0x0000000082100000, 0x0000000082100000| Untracked 
|  34|0x0000000082200000, 0x0000000082200000, 0x0000000082300000|  0%| F|  |TAMS 0x0000000082200000, 0x0000000082200000| Untracked 
|  35|0x0000000082300000, 0x0000000082300000, 0x0000000082400000|  0%| F|  |TAMS 0x0000000082300000, 0x0000000082300000| Untracked 
|  36|0x0000000082400000, 0x0000000082400000, 0x0000000082500000|  0%| F|  |TAMS 0x0000000082400000, 0x0000000082400000| Untracked 
|  37|0x0000000082500000, 0x0000000082500000, 0x0000000082600000|  0%| F|  |TAMS 0x0000000082500000, 0x0000000082500000| Untracked 
|  38|0x0000000082600000, 0x0000000082600000, 0x0000000082700000|  0%| F|  |TAMS 0x0000000082600000, 0x0000000082600000| Untracked 
|  39|0x0000000082700000, 0x0000000082700000, 0x0000000082800000|  0%| F|  |TAMS 0x0000000082700000, 0x0000000082700000| Untracked 
|  40|0x0000000082800000, 0x0000000082800000, 0x0000000082900000|  0%| F|  |TAMS 0x0000000082800000, 0x0000000082800000| Untracked 
|  41|0x0000000082900000, 0x0000000082900000, 0x0000000082a00000|  0%| F|  |TAMS 0x0000000082900000, 0x0000000082900000| Untracked 
|  42|0x0000000082a00000, 0x0000000082a00000, 0x0000000082b00000|  0%| F|  |TAMS 0x0000000082a00000, 0x0000000082a00000| Untracked 
|  43|0x0000000082b00000, 0x0000000082b00000, 0x0000000082c00000|  0%| F|  |TAMS 0x0000000082b00000, 0x0000000082b00000| Untracked 
|  44|0x0000000082c00000, 0x0000000082c00000, 0x0000000082d00000|  0%| F|  |TAMS 0x0000000082c00000, 0x0000000082c00000| Untracked 
|  45|0x0000000082d00000, 0x0000000082d00000, 0x0000000082e00000|  0%| F|  |TAMS 0x0000000082d00000, 0x0000000082d00000| Untracked 
|  46|0x0000000082e00000, 0x0000000082e00000, 0x0000000082f00000|  0%| F|  |TAMS 0x0000000082e00000, 0x0000000082e00000| Untracked 
|  47|0x0000000082f00000, 0x0000000082f00000, 0x0000000083000000|  0%| F|  |TAMS 0x0000000082f00000, 0x0000000082f00000| Untracked 
|  48|0x0000000083000000, 0x0000000083000000, 0x0000000083100000|  0%| F|  |TAMS 0x0000000083000000, 0x0000000083000000| Untracked 
|  49|0x0000000083100000, 0x0000000083100000, 0x0000000083200000|  0%| F|  |TAMS 0x0000000083100000, 0x0000000083100000| Untracked 
|  50|0x0000000083200000, 0x0000000083200000, 0x0000000083300000|  0%| F|  |TAMS 0x0000000083200000, 0x0000000083200000| Untracked 
|  51|0x0000000083300000, 0x0000000083300000, 0x0000000083400000|  0%| F|  |TAMS 0x0000000083300000, 0x0000000083300000| Untracked 
|  52|0x0000000083400000, 0x0000000083400000, 0x0000000083500000|  0%| F|  |TAMS 0x0000000083400000, 0x0000000083400000| Untracked 
|  53|0x0000000083500000, 0x0000000083500000, 0x0000000083600000|  0%| F|  |TAMS 0x0000000083500000, 0x0000000083500000| Untracked 
|  54|0x0000000083600000, 0x0000000083600000, 0x0000000083700000|  0%| F|  |TAMS 0x0000000083600000, 0x0000000083600000| Untracked 
|  55|0x0000000083700000, 0x0000000083700000, 0x0000000083800000|  0%| F|  |TAMS 0x0000000083700000, 0x0000000083700000| Untracked 
|  56|0x0000000083800000, 0x0000000083800000, 0x0000000083900000|  0%| F|  |TAMS 0x0000000083800000, 0x0000000083800000| Untracked 
|  57|0x0000000083900000, 0x0000000083900000, 0x0000000083a00000|  0%| F|  |TAMS 0x0000000083900000, 0x0000000083900000| Untracked 
|  58|0x0000000083a00000, 0x0000000083a00000, 0x0000000083b00000|  0%| F|  |TAMS 0x0000000083a00000, 0x0000000083a00000| Untracked 
|  59|0x0000000083b00000, 0x0000000083b00000, 0x0000000083c00000|  0%| F|  |TAMS 0x0000000083b00000, 0x0000000083b00000| Untracked 
|  60|0x0000000083c00000, 0x0000000083c00000, 0x0000000083d00000|  0%| F|  |TAMS 0x0000000083c00000, 0x0000000083c00000| Untracked 
|  61|0x0000000083d00000, 0x0000000083d00000, 0x0000000083e00000|  0%| F|  |TAMS 0x0000000083d00000, 0x0000000083d00000| Untracked 
|  62|0x0000000083e00000, 0x0000000083e00000, 0x0000000083f00000|  0%| F|  |TAMS 0x0000000083e00000, 0x0000000083e00000| Untracked 
|  63|0x0000000083f00000, 0x0000000083f00000, 0x0000000084000000|  0%| F|  |TAMS 0x0000000083f00000, 0x0000000083f00000| Untracked 
|  64|0x0000000084000000, 0x0000000084000000, 0x0000000084100000|  0%| F|  |TAMS 0x0000000084000000, 0x0000000084000000| Untracked 
|  65|0x0000000084100000, 0x0000000084100000, 0x0000000084200000|  0%| F|  |TAMS 0x0000000084100000, 0x0000000084100000| Untracked 
|  66|0x0000000084200000, 0x0000000084200000, 0x0000000084300000|  0%| F|  |TAMS 0x0000000084200000, 0x0000000084200000| Untracked 
|  67|0x0000000084300000, 0x0000000084300000, 0x0000000084400000|  0%| F|  |TAMS 0x0000000084300000, 0x0000000084300000| Untracked 
|  68|0x0000000084400000, 0x0000000084400000, 0x0000000084500000|  0%| F|  |TAMS 0x0000000084400000, 0x0000000084400000| Untracked 
|  69|0x0000000084500000, 0x0000000084500000, 0x0000000084600000|  0%| F|  |TAMS 0x0000000084500000, 0x0000000084500000| Untracked 
|  70|0x0000000084600000, 0x0000000084600000, 0x0000000084700000|  0%| F|  |TAMS 0x0000000084600000, 0x0000000084600000| Untracked 
|  71|0x0000000084700000, 0x0000000084700000, 0x0000000084800000|  0%| F|  |TAMS 0x0000000084700000, 0x0000000084700000| Untracked 
|  72|0x0000000084800000, 0x0000000084800000, 0x0000000084900000|  0%| F|  |TAMS 0x0000000084800000, 0x0000000084800000| Untracked 
|  73|0x0000000084900000, 0x0000000084900000, 0x0000000084a00000|  0%| F|  |TAMS 0x0000000084900000, 0x0000000084900000| Untracked 
|  74|0x0000000084a00000, 0x0000000084a00000, 0x0000000084b00000|  0%| F|  |TAMS 0x0000000084a00000, 0x0000000084a00000| Untracked 
|  75|0x0000000084b00000, 0x0000000084b00000, 0x0000000084c00000|  0%| F|  |TAMS 0x0000000084b00000, 0x0000000084b00000| Untracked 
|  76|0x0000000084c00000, 0x0000000084c00000, 0x0000000084d00000|  0%| F|  |TAMS 0x0000000084c00000, 0x0000000084c00000| Untracked 
|  77|0x0000000084d00000, 0x0000000084d00000, 0x0000000084e00000|  0%| F|  |TAMS 0x0000000084d00000, 0x0000000084d00000| Untracked 
|  78|0x0000000084e00000, 0x0000000084e00000, 0x0000000084f00000|  0%| F|  |TAMS 0x0000000084e00000, 0x0000000084e00000| Untracked 
|  79|0x0000000084f00000, 0x0000000084f00000, 0x0000000085000000|  0%| F|  |TAMS 0x0000000084f00000, 0x0000000084f00000| Untracked 
|  80|0x0000000085000000, 0x0000000085000000, 0x0000000085100000|  0%| F|  |TAMS 0x0000000085000000, 0x0000000085000000| Untracked 
|  81|0x0000000085100000, 0x0000000085100000, 0x0000000085200000|  0%| F|  |TAMS 0x0000000085100000, 0x0000000085100000| Untracked 
|  82|0x0000000085200000, 0x0000000085200000, 0x0000000085300000|  0%| F|  |TAMS 0x0000000085200000, 0x0000000085200000| Untracked 
|  83|0x0000000085300000, 0x0000000085300000, 0x0000000085400000|  0%| F|  |TAMS 0x0000000085300000, 0x0000000085300000| Untracked 
|  84|0x0000000085400000, 0x0000000085400000, 0x0000000085500000|  0%| F|  |TAMS 0x0000000085400000, 0x0000000085400000| Untracked 
|  85|0x0000000085500000, 0x0000000085500000, 0x0000000085600000|  0%| F|  |TAMS 0x0000000085500000, 0x0000000085500000| Untracked 
|  86|0x0000000085600000, 0x0000000085600000, 0x0000000085700000|  0%| F|  |TAMS 0x0000000085600000, 0x0000000085600000| Untracked 
|  87|0x0000000085700000, 0x0000000085700000, 0x0000000085800000|  0%| F|  |TAMS 0x0000000085700000, 0x0000000085700000| Untracked 
|  88|0x0000000085800000, 0x0000000085800000, 0x0000000085900000|  0%| F|  |TAMS 0x0000000085800000, 0x0000000085800000| Untracked 
|  89|0x0000000085900000, 0x0000000085900000, 0x0000000085a00000|  0%| F|  |TAMS 0x0000000085900000, 0x0000000085900000| Untracked 
|  90|0x0000000085a00000, 0x0000000085a00000, 0x0000000085b00000|  0%| F|  |TAMS 0x0000000085a00000, 0x0000000085a00000| Untracked 
|  91|0x0000000085b00000, 0x0000000085b00000, 0x0000000085c00000|  0%| F|  |TAMS 0x0000000085b00000, 0x0000000085b00000| Untracked 
|  92|0x0000000085c00000, 0x0000000085c00000, 0x0000000085d00000|  0%| F|  |TAMS 0x0000000085c00000, 0x0000000085c00000| Untracked 
|  93|0x0000000085d00000, 0x0000000085d00000, 0x0000000085e00000|  0%| F|  |TAMS 0x0000000085d00000, 0x0000000085d00000| Untracked 
|  94|0x0000000085e00000, 0x0000000085e00000, 0x0000000085f00000|  0%| F|  |TAMS 0x0000000085e00000, 0x0000000085e00000| Untracked 
|  95|0x0000000085f00000, 0x0000000085f00000, 0x0000000086000000|  0%| F|  |TAMS 0x0000000085f00000, 0x0000000085f00000| Untracked 
|  96|0x0000000086000000, 0x0000000086000000, 0x0000000086100000|  0%| F|  |TAMS 0x0000000086000000, 0x0000000086000000| Untracked 
|  97|0x0000000086100000, 0x0000000086100000, 0x0000000086200000|  0%| F|  |TAMS 0x0000000086100000, 0x0000000086100000| Untracked 
|  98|0x0000000086200000, 0x0000000086200000, 0x0000000086300000|  0%| F|  |TAMS 0x0000000086200000, 0x0000000086200000| Untracked 
|  99|0x0000000086300000, 0x0000000086300000, 0x0000000086400000|  0%| F|  |TAMS 0x0000000086300000, 0x0000000086300000| Untracked 
| 100|0x0000000086400000, 0x0000000086400000, 0x0000000086500000|  0%| F|  |TAMS 0x0000000086400000, 0x0000000086400000| Untracked 
| 101|0x0000000086500000, 0x0000000086500000, 0x0000000086600000|  0%| F|  |TAMS 0x0000000086500000, 0x0000000086500000| Untracked 
| 102|0x0000000086600000, 0x0000000086600000, 0x0000000086700000|  0%| F|  |TAMS 0x0000000086600000, 0x0000000086600000| Untracked 
| 103|0x0000000086700000, 0x0000000086744d50, 0x0000000086800000| 26%| S|CS|TAMS 0x0000000086700000, 0x0000000086700000| Complete 
| 104|0x0000000086800000, 0x0000000086900000, 0x0000000086900000|100%| S|CS|TAMS 0x0000000086800000, 0x0000000086800000| Complete 
| 105|0x0000000086900000, 0x0000000086a00000, 0x0000000086a00000|100%| S|CS|TAMS 0x0000000086900000, 0x0000000086900000| Complete 
| 106|0x0000000086a00000, 0x0000000086a00000, 0x0000000086b00000|  0%| F|  |TAMS 0x0000000086a00000, 0x0000000086a00000| Untracked 
| 107|0x0000000086b00000, 0x0000000086b00000, 0x0000000086c00000|  0%| F|  |TAMS 0x0000000086b00000, 0x0000000086b00000| Untracked 
| 108|0x0000000086c00000, 0x0000000086c00000, 0x0000000086d00000|  0%| F|  |TAMS 0x0000000086c00000, 0x0000000086c00000| Untracked 
| 109|0x0000000086d00000, 0x0000000086d00000, 0x0000000086e00000|  0%| F|  |TAMS 0x0000000086d00000, 0x0000000086d00000| Untracked 
| 110|0x0000000086e00000, 0x0000000086e00000, 0x0000000086f00000|  0%| F|  |TAMS 0x0000000086e00000, 0x0000000086e00000| Untracked 
| 111|0x0000000086f00000, 0x0000000086f00000, 0x0000000087000000|  0%| F|  |TAMS 0x0000000086f00000, 0x0000000086f00000| Untracked 
| 112|0x0000000087000000, 0x0000000087000000, 0x0000000087100000|  0%| F|  |TAMS 0x0000000087000000, 0x0000000087000000| Untracked 
| 113|0x0000000087100000, 0x0000000087100000, 0x0000000087200000|  0%| F|  |TAMS 0x0000000087100000, 0x0000000087100000| Untracked 
| 114|0x0000000087200000, 0x0000000087200000, 0x0000000087300000|  0%| F|  |TAMS 0x0000000087200000, 0x0000000087200000| Untracked 
| 115|0x0000000087300000, 0x0000000087300000, 0x0000000087400000|  0%| F|  |TAMS 0x0000000087300000, 0x0000000087300000| Untracked 
| 116|0x0000000087400000, 0x0000000087400000, 0x0000000087500000|  0%| F|  |TAMS 0x0000000087400000, 0x0000000087400000| Untracked 
| 117|0x0000000087500000, 0x0000000087500000, 0x0000000087600000|  0%| F|  |TAMS 0x0000000087500000, 0x0000000087500000| Untracked 
| 118|0x0000000087600000, 0x0000000087600000, 0x0000000087700000|  0%| F|  |TAMS 0x0000000087600000, 0x0000000087600000| Untracked 
| 119|0x0000000087700000, 0x0000000087700000, 0x0000000087800000|  0%| F|  |TAMS 0x0000000087700000, 0x0000000087700000| Untracked 
| 120|0x0000000087800000, 0x0000000087800000, 0x0000000087900000|  0%| F|  |TAMS 0x0000000087800000, 0x0000000087800000| Untracked 
| 121|0x0000000087900000, 0x0000000087900000, 0x0000000087a00000|  0%| F|  |TAMS 0x0000000087900000, 0x0000000087900000| Untracked 
| 122|0x0000000087a00000, 0x0000000087a00000, 0x0000000087b00000|  0%| F|  |TAMS 0x0000000087a00000, 0x0000000087a00000| Untracked 
| 123|0x0000000087b00000, 0x0000000087b00000, 0x0000000087c00000|  0%| F|  |TAMS 0x0000000087b00000, 0x0000000087b00000| Untracked 
| 124|0x0000000087c00000, 0x0000000087c00000, 0x0000000087d00000|  0%| F|  |TAMS 0x0000000087c00000, 0x0000000087c00000| Untracked 
| 125|0x0000000087d00000, 0x0000000087d00000, 0x0000000087e00000|  0%| F|  |TAMS 0x0000000087d00000, 0x0000000087d00000| Untracked 
| 126|0x0000000087e00000, 0x0000000087e00000, 0x0000000087f00000|  0%| F|  |TAMS 0x0000000087e00000, 0x0000000087e00000| Untracked 
| 127|0x0000000087f00000, 0x0000000087f00000, 0x0000000088000000|  0%| F|  |TAMS 0x0000000087f00000, 0x0000000087f00000| Untracked 

Card table byte_map: [0x0000021a74fc0000,0x0000021a753c0000] _byte_map_base: 0x0000021a74bc0000

Marking Bits (Prev, Next): (CMBitMap*) 0x0000021a5e950ac8, (CMBitMap*) 0x0000021a5e950b00
 Prev Bits: [0x0000021a757c0000, 0x0000021a777c0000)
 Next Bits: [0x0000021a777c0000, 0x0000021a797c0000)

Polling page: 0x0000021a5c8c0000

Metaspace:

Usage:
  Non-class:     18.31 MB capacity,    18.06 MB ( 99%) used,   213.17 KB (  1%) free+waste,    43.69 KB ( <1%) overhead. 
      Class:      2.34 MB capacity,     2.18 MB ( 93%) used,   136.85 KB (  6%) free+waste,    22.25 KB ( <1%) overhead. 
       Both:     20.65 MB capacity,    20.24 MB ( 98%) used,   350.02 KB (  2%) free+waste,    65.94 KB ( <1%) overhead. 

Virtual space:
  Non-class space:       20.00 MB reserved,      18.42 MB ( 92%) committed 
      Class space:        1.00 GB reserved,       2.38 MB ( <1%) committed 
             Both:        1.02 GB reserved,      20.80 MB (  2%) committed 

Chunk freelists:
   Non-Class:  0 bytes
       Class:  896 bytes
        Both:  896 bytes

CodeHeap 'non-profiled nmethods': size=120064Kb used=561Kb max_used=561Kb free=119502Kb
 bounds [0x0000021a6da80000, 0x0000021a6dcf0000, 0x0000021a74fc0000]
CodeHeap 'profiled nmethods': size=120000Kb used=3041Kb max_used=3041Kb free=116958Kb
 bounds [0x0000021a66550000, 0x0000021a66850000, 0x0000021a6da80000]
CodeHeap 'non-nmethods': size=5696Kb used=1129Kb max_used=1152Kb free=4566Kb
 bounds [0x0000021a65fc0000, 0x0000021a66230000, 0x0000021a66550000]
 total_blobs=2019 nmethods=1578 adapters=353
 compilation: enabled
              stopped_count=0, restarted_count=0
 full_count=0

Compilation events (10 events):
Event: 2.236 Thread 0x0000021a7bbee000 nmethod 1574 0x0000021a66845790 code [0x0000021a66845940, 0x0000021a66845be8]
Event: 2.236 Thread 0x0000021a7bbee000 1575       3       java.lang.reflect.Method::copy (84 bytes)
Event: 2.236 Thread 0x0000021a7bbee000 nmethod 1575 0x0000021a66845d10 code [0x0000021a66845ee0, 0x0000021a668462d8]
Event: 2.236 Thread 0x0000021a7bbee000 1577       3       com.sun.org.apache.xerces.internal.util.XMLChar::isContent (35 bytes)
Event: 2.236 Thread 0x0000021a7bbee000 nmethod 1577 0x0000021a66846410 code [0x0000021a668465c0, 0x0000021a668467d8]
Event: 2.236 Thread 0x0000021a7bbee000 1576       3       com.sun.org.apache.xerces.internal.util.XMLChar::isSpace (22 bytes)
Event: 2.236 Thread 0x0000021a7bbee000 nmethod 1576 0x0000021a66846890 code [0x0000021a66846a20, 0x0000021a66846bd8]
Event: 2.237 Thread 0x0000021a7bbee000 1578       3       java.lang.invoke.MethodType::dropParameterTypes (162 bytes)
Event: 2.238 Thread 0x0000021a7bbee000 nmethod 1578 0x0000021a66846c90 code [0x0000021a66846fa0, 0x0000021a66848108]
Event: 2.239 Thread 0x0000021a7bbee000 1579       3       com.sun.org.apache.xerces.internal.impl.XMLEntityScanner::checkEntityLimit (50 bytes)

GC Heap History (9 events):
Event: 0.562 GC heap before
{Heap before GC invocations=0 (full 0):
 garbage-first heap   total 131072K, used 6144K [0x0000000080000000, 0x0000000100000000)
  region size 1024K, 7 young (7168K), 0 survivors (0K)
 Metaspace       used 6096K, capacity 6159K, committed 6272K, reserved 1056768K
  class space    used 521K, capacity 538K, committed 640K, reserved 1048576K
}
Event: 0.568 GC heap after
{Heap after GC invocations=1 (full 0):
 garbage-first heap   total 131072K, used 4252K [0x0000000080000000, 0x0000000100000000)
  region size 1024K, 1 young (1024K), 1 survivors (1024K)
 Metaspace       used 6096K, capacity 6159K, committed 6272K, reserved 1056768K
  class space    used 521K, capacity 538K, committed 640K, reserved 1048576K
}
Event: 0.880 GC heap before
{Heap before GC invocations=1 (full 0):
 garbage-first heap   total 131072K, used 9372K [0x0000000080000000, 0x0000000100000000)
  region size 1024K, 6 young (6144K), 1 survivors (1024K)
 Metaspace       used 9107K, capacity 9198K, committed 9344K, reserved 1058816K
  class space    used 823K, capacity 871K, committed 896K, reserved 1048576K
}
Event: 0.887 GC heap after
{Heap after GC invocations=2 (full 0):
 garbage-first heap   total 131072K, used 5433K [0x0000000080000000, 0x0000000100000000)
  region size 1024K, 1 young (1024K), 1 survivors (1024K)
 Metaspace       used 9107K, capacity 9198K, committed 9344K, reserved 1058816K
  class space    used 823K, capacity 871K, committed 896K, reserved 1048576K
}
Event: 1.355 GC heap before
{Heap before GC invocations=2 (full 0):
 garbage-first heap   total 131072K, used 15673K [0x0000000080000000, 0x0000000100000000)
  region size 1024K, 11 young (11264K), 1 survivors (1024K)
 Metaspace       used 11941K, capacity 12138K, committed 12288K, reserved 1060864K
  class space    used 1177K, capacity 1240K, committed 1280K, reserved 1048576K
}
Event: 1.360 GC heap after
{Heap after GC invocations=3 (full 0):
 garbage-first heap   total 131072K, used 6078K [0x0000000080000000, 0x0000000100000000)
  region size 1024K, 2 young (2048K), 2 survivors (2048K)
 Metaspace       used 11941K, capacity 12138K, committed 12288K, reserved 1060864K
  class space    used 1177K, capacity 1240K, committed 1280K, reserved 1048576K
}
Event: 1.731 GC heap before
{Heap before GC invocations=3 (full 0):
 garbage-first heap   total 131072K, used 20414K [0x0000000080000000, 0x0000000100000000)
  region size 1024K, 17 young (17408K), 2 survivors (2048K)
 Metaspace       used 15880K, capacity 16177K, committed 16384K, reserved 1064960K
  class space    used 1583K, capacity 1699K, committed 1792K, reserved 1048576K
}
Event: 1.739 GC heap after
{Heap after GC invocations=4 (full 0):
 garbage-first heap   total 131072K, used 6923K [0x0000000080000000, 0x0000000100000000)
  region size 1024K, 2 young (2048K), 2 survivors (2048K)
 Metaspace       used 15880K, capacity 16177K, committed 16384K, reserved 1064960K
  class space    used 1583K, capacity 1699K, committed 1792K, reserved 1048576K
}
Event: 2.239 GC heap before
{Heap before GC invocations=4 (full 0):
 garbage-first heap   total 131072K, used 25355K [0x0000000080000000, 0x0000000100000000)
  region size 1024K, 22 young (22528K), 2 survivors (2048K)
 Metaspace       used 20730K, capacity 21146K, committed 21296K, reserved 1069056K
  class space    used 2233K, capacity 2393K, committed 2432K, reserved 1048576K
}

Deoptimization events (10 events):
Event: 1.003 Thread 0x0000021a5e914800 Uncommon trap: reason=class_check action=maybe_recompile pc=0x0000021a6da8e670 method=java.util.HashMap.putVal(ILjava/lang/Object;Ljava/lang/Object;ZZ)Ljava/lang/Object; @ 91 c2
Event: 1.003 Thread 0x0000021a5e914800 Uncommon trap: reason=class_check action=maybe_recompile pc=0x0000021a6da8e670 method=java.util.HashMap.putVal(ILjava/lang/Object;Ljava/lang/Object;ZZ)Ljava/lang/Object; @ 91 c2
Event: 1.085 Thread 0x0000021a5e914800 Uncommon trap: reason=class_check action=maybe_recompile pc=0x0000021a6dabdc74 method=java.util.HashMap.putVal(ILjava/lang/Object;Ljava/lang/Object;ZZ)Ljava/lang/Object; @ 253 c2
Event: 1.438 Thread 0x0000021a5e914800 Uncommon trap: reason=unstable_if action=reinterpret pc=0x0000021a6dabe974 method=java.util.HashMap.hash(Ljava/lang/Object;)I @ 1 c2
Event: 1.825 Thread 0x0000021a7d56e000 Uncommon trap: reason=unstable_if action=reinterpret pc=0x0000021a6dae1e20 method=java.util.concurrent.ConcurrentHashMap.putVal(Ljava/lang/Object;Ljava/lang/Object;Z)Ljava/lang/Object; @ 148 c2
Event: 1.894 Thread 0x0000021a5e914800 Uncommon trap: reason=unstable_if action=reinterpret pc=0x0000021a6dab1540 method=java.lang.StringLatin1.lastIndexOf([BI[BII)I @ 32 c2
Event: 1.999 Thread 0x0000021a7ce5c800 Uncommon trap: reason=unstable_if action=reinterpret pc=0x0000021a6dae9f00 method=jdk.internal.org.objectweb.asm.Type.getArgumentsAndReturnSizes(Ljava/lang/String;)I @ 47 c2
Event: 2.149 Thread 0x0000021a7ce5c800 Uncommon trap: reason=unstable_if action=reinterpret pc=0x0000021a6daffa9c method=java.nio.Buffer.position(I)Ljava/nio/Buffer; @ 37 c2
Event: 2.156 Thread 0x0000021a7ce5c800 Uncommon trap: reason=unstable_if action=reinterpret pc=0x0000021a6daf9f1c method=java.nio.Buffer.position(I)Ljava/nio/Buffer; @ 37 c2
Event: 2.209 Thread 0x0000021a7ce5c800 Uncommon trap: reason=unstable_if action=reinterpret pc=0x0000021a6dabdc64 method=java.util.HashMap.putVal(ILjava/lang/Object;Ljava/lang/Object;ZZ)Ljava/lang/Object; @ 181 c2

Classes redefined (0 events):
No events

Internal exceptions (10 events):
Event: 1.892 Thread 0x0000021a5e914800 Exception <a 'java/lang/NoSuchMethodError'{0x0000000087705be8}: java.lang.invoke.DirectMethodHandle$Holder.invokeSpecial(Ljava/lang/Object;Ljava/lang/Object;Ljava/lang/Object;Ljava/lang/Object;)I> (0x0000000087705be8) thrown at [./open/src/hotspot/share/i
Event: 1.974 Thread 0x0000021a5e914800 Exception <a 'java/lang/NoSuchMethodError'{0x00000000874e2d08}: java.lang.invoke.DirectMethodHandle$Holder.invokeStaticInit(Ljava/lang/Object;Ljava/lang/Object;)V> (0x00000000874e2d08) thrown at [./open/src/hotspot/share/interpreter/linkResolver.cpp, line
Event: 1.996 Thread 0x0000021a5e914800 Exception <a 'java/lang/NoSuchMethodError'{0x000000008739edc8}: java.lang.invoke.DirectMethodHandle$Holder.invokeStatic(Ljava/lang/Object;Ljava/lang/Object;Ljava/lang/Object;Ljava/lang/Object;Ljava/lang/Object;Ljava/lang/Object;)V> (0x000000008739edc8) th
Event: 1.999 Thread 0x0000021a7ce5c800 Exception <a 'java/lang/NoSuchMethodError'{0x000000008725a1f0}: java.lang.invoke.DirectMethodHandle$Holder.invokeSpecial(Ljava/lang/Object;Ljava/lang/Object;)J> (0x000000008725a1f0) thrown at [./open/src/hotspot/share/interpreter/linkResolver.cpp, line 77
Event: 2.001 Thread 0x0000021a7ce5c800 Exception <a 'java/lang/NoSuchMethodError'{0x0000000087264978}: java.lang.invoke.DirectMethodHandle$Holder.invokeStatic(Ljava/lang/Object;Ljava/lang/Object;)J> (0x0000000087264978) thrown at [./open/src/hotspot/share/interpreter/linkResolver.cpp, line 772
Event: 2.001 Thread 0x0000021a7ce5c800 Exception <a 'java/lang/NoSuchMethodError'{0x00000000872677a0}: java.lang.invoke.DirectMethodHandle$Holder.invokeStaticInit(Ljava/lang/Object;Ljava/lang/Object;)J> (0x00000000872677a0) thrown at [./open/src/hotspot/share/interpreter/linkResolver.cpp, line
Event: 2.009 Thread 0x0000021a7ce5c800 Exception <a 'java/lang/NoSuchMethodError'{0x0000000087273ba8}: java.lang.invoke.DirectMethodHandle$Holder.invokeInterface(Ljava/lang/Object;Ljava/lang/Object;)J> (0x0000000087273ba8) thrown at [./open/src/hotspot/share/interpreter/linkResolver.cpp, line 
Event: 2.016 Thread 0x0000021a7ce5c800 Exception <a 'java/lang/IncompatibleClassChangeError'{0x0000000087276940}: Found class java.lang.Object, but interface was expected> (0x0000000087276940) thrown at [./open/src/hotspot/share/interpreter/linkResolver.cpp, line 838]
Event: 2.040 Thread 0x0000021a7ce5c800 Exception <a 'java/lang/NoSuchMethodError'{0x0000000087188900}: java.lang.invoke.DirectMethodHandle$Holder.invokeVirtual(Ljava/lang/Object;Ljava/lang/Object;Ljava/lang/Object;Ljava/lang/Object;)Ljava/lang/Object;> (0x0000000087188900) thrown at [./open/sr
Event: 2.176 Thread 0x0000021a5e914800 Exception <a 'java/lang/NoSuchMethodError'{0x0000000086c8fa88}: java.lang.invoke.DirectMethodHandle$Holder.invokeStatic(Ljava/lang/Object;Ljava/lang/Object;Ljava/lang/Object;Ljava/lang/Object;)V> (0x0000000086c8fa88) thrown at [./open/src/hotspot/share/in

Events (10 events):
Event: 2.238 loading class com/sun/beans/WeakCache
Event: 2.238 loading class com/sun/beans/WeakCache done
Event: 2.238 loading class java/beans/EventSetDescriptor
Event: 2.239 loading class java/beans/FeatureDescriptor
Event: 2.239 loading class java/beans/FeatureDescriptor done
Event: 2.239 loading class java/beans/EventSetDescriptor done
Event: 2.239 loading class java/beans/Introspector$1
Event: 2.239 loading class jdk/internal/access/JavaBeansAccess
Event: 2.239 loading class jdk/internal/access/JavaBeansAccess done
Event: 2.239 Executing VM operation: CollectForMetadataAllocation


Dynamic libraries:
0x00007ff743e60000 - 0x00007ff743e6f000 	C:\Program Files\Java\jdk-11.0.15\bin\java.exe
0x00007ffcf0c50000 - 0x00007ffcf0e48000 	C:\Windows\SYSTEM32\ntdll.dll
0x00007ffceecb0000 - 0x00007ffceed6d000 	C:\Windows\System32\KERNEL32.DLL
0x00007ffcee9e0000 - 0x00007ffceecae000 	C:\Windows\System32\KERNELBASE.dll
0x00007ffcee7b0000 - 0x00007ffcee8b0000 	C:\Windows\System32\ucrtbase.dll
0x00007ffcdcc40000 - 0x00007ffcdcc55000 	C:\Program Files\Java\jdk-11.0.15\bin\VCRUNTIME140.dll
0x00007ffce6070000 - 0x00007ffce6088000 	C:\Program Files\Java\jdk-11.0.15\bin\jli.dll
0x00007ffcefdf0000 - 0x00007ffcefe9e000 	C:\Windows\System32\ADVAPI32.dll
0x00007ffcf0b50000 - 0x00007ffcf0bee000 	C:\Windows\System32\msvcrt.dll
0x00007ffceed70000 - 0x00007ffceee0c000 	C:\Windows\System32\sechost.dll
0x00007ffceefd0000 - 0x00007ffcef0f5000 	C:\Windows\System32\RPCRT4.dll
0x00007ffcf0620000 - 0x00007ffcf07c0000 	C:\Windows\System32\USER32.dll
0x00007ffcdd260000 - 0x00007ffcdd4fa000 	C:\Windows\WinSxS\amd64_microsoft.windows.common-controls_6595b64144ccf1df_6.0.19041.1110_none_60b5254171f9507e\COMCTL32.dll
0x00007ffcefea0000 - 0x00007ffcefeca000 	C:\Windows\System32\GDI32.dll
0x00007ffcee3a0000 - 0x00007ffcee3c2000 	C:\Windows\System32\win32u.dll
0x00007ffcee6a0000 - 0x00007ffcee7ab000 	C:\Windows\System32\gdi32full.dll
0x00007ffcee8b0000 - 0x00007ffcee94d000 	C:\Windows\System32\msvcp_win.dll
0x00007ffce6820000 - 0x00007ffce682a000 	C:\Windows\SYSTEM32\VERSION.dll
0x00007ffcef940000 - 0x00007ffcef970000 	C:\Windows\System32\IMM32.DLL
0x00007ffcdc560000 - 0x00007ffcdc5fb000 	C:\Program Files\Java\jdk-11.0.15\bin\msvcp140.dll
0x00007ffcba660000 - 0x00007ffcbb176000 	C:\Program Files\Java\jdk-11.0.15\bin\server\jvm.dll
0x00007ffcef710000 - 0x00007ffcef718000 	C:\Windows\System32\PSAPI.DLL
0x00007ffce6d10000 - 0x00007ffce6d19000 	C:\Windows\SYSTEM32\WSOCK32.dll
0x00007ffcdc520000 - 0x00007ffcdc547000 	C:\Windows\SYSTEM32\WINMM.dll
0x00007ffcf08f0000 - 0x00007ffcf095b000 	C:\Windows\System32\WS2_32.dll
0x00007ffcec250000 - 0x00007ffcec262000 	C:\Windows\SYSTEM32\kernel.appcore.dll
0x00007ffcdcc30000 - 0x00007ffcdcc40000 	C:\Program Files\Java\jdk-11.0.15\bin\verify.dll
0x00007ffce6af0000 - 0x00007ffce6cd4000 	C:\Windows\SYSTEM32\DBGHELP.DLL
0x00007ffce6ac0000 - 0x00007ffce6aec000 	C:\Windows\SYSTEM32\dbgcore.DLL
0x00007ffcee950000 - 0x00007ffcee9d2000 	C:\Windows\System32\bcryptPrimitives.dll
0x00007ffcdcc00000 - 0x00007ffcdcc28000 	C:\Program Files\Java\jdk-11.0.15\bin\java.dll
0x00007ffcdcbf0000 - 0x00007ffcdcbfa000 	C:\Program Files\Java\jdk-11.0.15\bin\jimage.dll
0x00007ffcdb2c0000 - 0x00007ffcdb2ce000 	C:\Program Files\Java\jdk-11.0.15\bin\instrument.dll
0x00007ffcdcbd0000 - 0x00007ffcdcbe6000 	C:\Program Files\Java\jdk-11.0.15\bin\zip.dll
0x00007ffcefed0000 - 0x00007ffcf0614000 	C:\Windows\System32\SHELL32.dll
0x00007ffcec450000 - 0x00007ffcecbe4000 	C:\Windows\SYSTEM32\windows.storage.dll
0x00007ffcefa90000 - 0x00007ffcefde4000 	C:\Windows\System32\combase.dll
0x00007ffcedc20000 - 0x00007ffcedc50000 	C:\Windows\SYSTEM32\Wldp.dll
0x00007ffcf07c0000 - 0x00007ffcf086d000 	C:\Windows\System32\SHCORE.dll
0x00007ffcef5e0000 - 0x00007ffcef635000 	C:\Windows\System32\shlwapi.dll
0x00007ffcee2b0000 - 0x00007ffcee2cf000 	C:\Windows\SYSTEM32\profapi.dll
0x00007ffcdc500000 - 0x00007ffcdc519000 	C:\Program Files\Java\jdk-11.0.15\bin\net.dll
0x00007ffce56f0000 - 0x00007ffce57fa000 	C:\Windows\SYSTEM32\WINHTTP.dll
0x00007ffceda00000 - 0x00007ffceda6a000 	C:\Windows\system32\mswsock.dll
0x00007ffcdc4e0000 - 0x00007ffcdc4f2000 	C:\Program Files\Java\jdk-11.0.15\bin\nio.dll
0x00007ffcda1e0000 - 0x00007ffcda1fa000 	C:\Program Files\JetBrains\IntelliJ IDEA Community Edition 2022.2.1\bin\breakgen64.dll
0x00007ffced710000 - 0x00007ffced74b000 	C:\Windows\SYSTEM32\IPHLPAPI.DLL
0x00007ffceee10000 - 0x00007ffceee18000 	C:\Windows\System32\NSI.dll
0x00007ffce74b0000 - 0x00007ffce74c7000 	C:\Windows\SYSTEM32\dhcpcsvc6.DLL
0x00007ffce7490000 - 0x00007ffce74ad000 	C:\Windows\SYSTEM32\dhcpcsvc.DLL
0x00007ffced750000 - 0x00007ffced81a000 	C:\Windows\SYSTEM32\DNSAPI.dll
0x00007ffce4da0000 - 0x00007ffce4daa000 	C:\Windows\System32\rasadhlp.dll
0x00007ffce5420000 - 0x00007ffce54a0000 	C:\Windows\System32\fwpuclnt.dll
0x00007ffcee370000 - 0x00007ffcee397000 	C:\Windows\System32\bcrypt.dll
0x00007ffcdb230000 - 0x00007ffcdb239000 	C:\Program Files\Java\jdk-11.0.15\bin\management.dll
0x00007ffcdb1c0000 - 0x00007ffcdb1cb000 	C:\Program Files\Java\jdk-11.0.15\bin\management_ext.dll
0x00007ffcd89e0000 - 0x00007ffcd89f7000 	C:\Windows\system32\napinsp.dll
0x00007ffcd89c0000 - 0x00007ffcd89db000 	C:\Windows\system32\pnrpnsp.dll
0x00007ffcd89a0000 - 0x00007ffcd89b5000 	C:\Windows\system32\wshbth.dll
0x00007ffce7640000 - 0x00007ffce765d000 	C:\Windows\system32\NLAapi.dll
0x00007ffcd8980000 - 0x00007ffcd8992000 	C:\Windows\System32\winrnr.dll

dbghelp: loaded successfully - version: 4.0.5 - missing functions: none
symbol engine: initialized successfully - sym options: 0x614 - pdb path: .;C:\Program Files\Java\jdk-11.0.15\bin;C:\Windows\SYSTEM32;C:\Windows\WinSxS\amd64_microsoft.windows.common-controls_6595b64144ccf1df_6.0.19041.1110_none_60b5254171f9507e;C:\Program Files\Java\jdk-11.0.15\bin\server;C:\Program Files\JetBrains\IntelliJ IDEA Community Edition 2022.2.1\bin

VM Arguments:
jvm_args: -javaagent:C:\Program Files\JetBrains\IntelliJ IDEA Community Edition 2022.2.1\lib\idea_rt.jar=55931:C:\Program Files\JetBrains\IntelliJ IDEA Community Edition 2022.2.1\bin -Dfile.encoding=UTF-8 
java_command: com.training.springeurekaclient.SpringEurekaClientApplication
java_class_path (initial): C:\Users\sfjbs\Downloads\eureka-naming-server-main\eureka-naming-server-main\spring-eureka-client\target\classes;C:\Users\sfjbs\.m2\repository\org\springframework\cloud\spring-cloud-starter-netflix-eureka-client\3.1.3\spring-cloud-starter-netflix-eureka-client-3.1.3.jar;C:\Users\sfjbs\.m2\repository\org\springframework\cloud\spring-cloud-starter\2.1.0.RELEASE\spring-cloud-starter-2.1.0.RELEASE.jar;C:\Users\sfjbs\.m2\repository\org\springframework\cloud\spring-cloud-context\2.1.0.RELEASE\spring-cloud-context-2.1.0.RELEASE.jar;C:\Users\sfjbs\.m2\repository\org\springframework\security\spring-security-crypto\5.1.5.RELEASE\spring-security-crypto-5.1.5.RELEASE.jar;C:\Users\sfjbs\.m2\repository\org\springframework\cloud\spring-cloud-commons\2.1.0.RELEASE\spring-cloud-commons-2.1.0.RELEASE.jar;C:\Users\sfjbs\.m2\repository\org\springframework\security\spring-security-rsa\1.0.7.RELEASE\spring-security-rsa-1.0.7.RELEASE.jar;C:\Users\sfjbs\.m2\repository\org\bouncycastle\bcpkix-jdk15on\1.60\bcpkix-jdk15on-1.60.jar;C:\Users\sfjbs\.m2\repository\org\bouncycastle\bcprov-jdk15on\1.60\bcprov-jdk15on-1.60.jar;C:\Users\sfjbs\.m2\repository\org\springframework\cloud\spring-cloud-netflix-eureka-client\2.1.0.RELEASE\spring-cloud-netflix-eureka-client-2.1.0.RELEASE.jar;C:\Users\sfjbs\.m2\repository\org\springframework\cloud\spring-cloud-netflix-hystrix\2.1.0.RELEASE\spring-cloud-netflix-hystrix-2.1.0.RELEASE.jar;C:\Users\sfjbs\.m2\repository\org\springframework\boot\spring-boot-starter-aop\2.1.4.RELEASE\spring-boot-starter-aop-2.1.4.RELEASE.jar;C:\Users\sfjbs\.m2\repository\org\aspectj\aspectjweaver\1.9.2\aspectjweaver-1.9.2.jar;C:\Users\sfjbs\.m2\repository\com\netflix\eureka\eureka-client\1.9.8\eureka-client-1.9.8.jar;C:\Users\sfjbs\.m2\repository\org\codehaus\jettison\jettison\1.3.7\jettison-1.3.7.jar;C:\Users\sfjbs\.m2\repository\stax\stax-api\1.0.1\stax-api-1.0.1.jar;C:\Users\sfjbs\.m2\repository\com\netflix\netflix-commons\netflix-eventbus\0.3.0\netfli
Launcher Type: SUN_STANDARD

[Global flags]
     intx CICompilerCount                          = 2                                         {product} {ergonomic}
     uint ConcGCThreads                            = 1                                         {product} {ergonomic}
     uint G1ConcRefinementThreads                  = 2                                         {product} {ergonomic}
   size_t G1HeapRegionSize                         = 1048576                                   {product} {ergonomic}
    uintx GCDrainStackTargetSize                   = 64                                        {product} {ergonomic}
   size_t InitialHeapSize                          = 134217728                                 {product} {ergonomic}
   size_t MarkStackSize                            = 4194304                                   {product} {ergonomic}
   size_t MaxHeapSize                              = 2147483648                                {product} {ergonomic}
   size_t MaxNewSize                               = 1287651328                                {product} {ergonomic}
   size_t MinHeapDeltaBytes                        = 1048576                                   {product} {ergonomic}
    uintx NonNMethodCodeHeapSize                   = 5825164                                {pd product} {ergonomic}
    uintx NonProfiledCodeHeapSize                  = 122916538                              {pd product} {ergonomic}
    uintx ProfiledCodeHeapSize                     = 122916538                              {pd product} {ergonomic}
    uintx ReservedCodeCacheSize                    = 251658240                              {pd product} {ergonomic}
     bool SegmentedCodeCache                       = true                                      {product} {ergonomic}
     bool UseCompressedClassPointers               = true                                 {lp64_product} {ergonomic}
     bool UseCompressedOops                        = true                                 {lp64_product} {ergonomic}
     bool UseG1GC                                  = true                                      {product} {ergonomic}
     bool UseLargePagesIndividualAllocation        = false                                  {pd product} {ergonomic}

Logging:
Log output configuration:
 #0: stdout all=warning uptime,level,tags
 #1: stderr all=off uptime,level,tags

Environment Variables:
PATH=C:\Program Files\Common Files\Oracle\Java\javapath;C:\Windows\system32;C:\Windows;C:\Windows\System32\Wbem;C:\Windows\System32\WindowsPowerShell\v1.0\;C:\Windows\System32\OpenSSH\;C:\Program Files\PuTTY\;C:\Program Files\Git\cmd;C:\Program Files\Docker\Docker\resources\bin;C:\ProgramData\DockerDesktop\version-bin;C:\Users\sfjbs\Downloads\apache-maven-3.8.6-bin\apache-maven-3.8.6\bin;C:\Users\sfjbs\Downloads\apache-maven-3.8.6-bin\apache-maven-3.8.6\lib;C:\Users\sfjbs\AppData\Local\Microsoft\WindowsApps;C:\Program Files\JetBrains\IntelliJ IDEA Community Edition 2022.2.1\bin;;C:\Users\sfjbs\Downloads\apache-maven-3.8.6-bin\apache-maven-3.8.6\bin;C:\Users\sfjbs\Downloads\apache-maven-3.8.6-bin\apache-maven-3.8.6\lib;
USERNAME=sfjbs
OS=Windows_NT
PROCESSOR_IDENTIFIER=Intel64 Family 6 Model 85 Stepping 7, GenuineIntel



---------------  S Y S T E M  ---------------

OS: Windows 10 , 64 bit Build 19041 (10.0.19041.1889)
Hyper-V role detected

CPU:total 2 (initial active 2) (1 cores per cpu, 2 threads per core) family 6 model 85 stepping 7 microcode 0xffffffff, cmov, cx8, fxsr, mmx, sse, sse2, sse3, ssse3, sse4.1, sse4.2, popcnt, avx, avx2, aes, clmul, erms, rtm, 3dnowpref, lzcnt, ht, tsc, bmi1, bmi2, adx, evex, fma

Memory: 4k page, system-wide physical 8190M (1088M free)
TotalPageFile size 10238M (AvailPageFile size 15M)
current process WorkingSet (physical memory assigned to process): 98M, peak: 98M
current process commit charge ("private bytes"): 226M, peak: 252M

vm_info: Java HotSpot(TM) 64-Bit Server VM (11.0.15+8-LTS-149) for windows-amd64 JRE (11.0.15+8-LTS-149), built on Mar  9 2022 22:42:32 by "mach5one" with MS VC++ 15.9 (VS2017)

END.
